{"/Users/spencerzaugg/Developer/School/Web/CS 260/startup/service/service.js": {"path":"/Users/spencerzaugg/Developer/School/Web/CS 260/startup/service/service.js","statementMap":{"0":{"start":{"line":1,"column":21},"end":{"line":1,"column":45}},"1":{"start":{"line":2,"column":15},"end":{"line":2,"column":34}},"2":{"start":{"line":3,"column":13},"end":{"line":3,"column":28}},"3":{"start":{"line":4,"column":16},"end":{"line":4,"column":34}},"4":{"start":{"line":5,"column":12},"end":{"line":5,"column":21}},"5":{"start":{"line":6,"column":23},"end":{"line":6,"column":30}},"6":{"start":{"line":8,"column":0},"end":{"line":8,"column":24}},"7":{"start":{"line":9,"column":0},"end":{"line":9,"column":24}},"8":{"start":{"line":11,"column":0},"end":{"line":11,"column":34}},"9":{"start":{"line":13,"column":16},"end":{"line":13,"column":32}},"10":{"start":{"line":14,"column":0},"end":{"line":14,"column":27}},"11":{"start":{"line":22,"column":19},"end":{"line":31,"column":3}},"12":{"start":{"line":23,"column":18},"end":{"line":23,"column":45}},"13":{"start":{"line":25,"column":17},"end":{"line":25,"column":46}},"14":{"start":{"line":26,"column":4},"end":{"line":30,"column":5}},"15":{"start":{"line":27,"column":6},"end":{"line":27,"column":13}},"16":{"start":{"line":29,"column":6},"end":{"line":29,"column":52}},"17":{"start":{"line":33,"column":12},"end":{"line":33,"column":14}},"18":{"start":{"line":34,"column":12},"end":{"line":34,"column":14}},"19":{"start":{"line":35,"column":13},"end":{"line":37,"column":1}},"20":{"start":{"line":38,"column":17},"end":{"line":122,"column":1}},"21":{"start":{"line":123,"column":13},"end":{"line":123,"column":15}},"22":{"start":{"line":124,"column":19},"end":{"line":124,"column":21}},"23":{"start":{"line":125,"column":20},"end":{"line":125,"column":22}},"24":{"start":{"line":126,"column":14},"end":{"line":242,"column":1}},"25":{"start":{"line":243,"column":20},"end":{"line":281,"column":1}},"26":{"start":{"line":282,"column":21},"end":{"line":319,"column":1}},"27":{"start":{"line":320,"column":15},"end":{"line":320,"column":17}},"28":{"start":{"line":321,"column":12},"end":{"line":321,"column":14}},"29":{"start":{"line":322,"column":16},"end":{"line":322,"column":18}},"30":{"start":{"line":324,"column":19},"end":{"line":505,"column":1}},"31":{"start":{"line":506,"column":15},"end":{"line":506,"column":17}},"32":{"start":{"line":507,"column":16},"end":{"line":531,"column":1}},"33":{"start":{"line":532,"column":16},"end":{"line":532,"column":18}},"34":{"start":{"line":533,"column":22},"end":{"line":533,"column":24}},"35":{"start":{"line":534,"column":23},"end":{"line":534,"column":25}},"36":{"start":{"line":535,"column":16},"end":{"line":535,"column":18}},"37":{"start":{"line":536,"column":18},"end":{"line":536,"column":20}},"38":{"start":{"line":537,"column":24},"end":{"line":537,"column":36}},"39":{"start":{"line":538,"column":17},"end":{"line":544,"column":1}},"40":{"start":{"line":545,"column":13},"end":{"line":545,"column":15}},"41":{"start":{"line":546,"column":22},"end":{"line":546,"column":24}},"42":{"start":{"line":547,"column":30},"end":{"line":549,"column":1}},"43":{"start":{"line":550,"column":27},"end":{"line":552,"column":1}},"44":{"start":{"line":554,"column":4},"end":{"line":558,"column":32}},"45":{"start":{"line":562,"column":25},"end":{"line":562,"column":56}},"46":{"start":{"line":564,"column":17},"end":{"line":570,"column":5}},"47":{"start":{"line":571,"column":4},"end":{"line":576,"column":5}},"48":{"start":{"line":572,"column":8},"end":{"line":572,"column":39}},"49":{"start":{"line":575,"column":8},"end":{"line":575,"column":36}},"50":{"start":{"line":578,"column":4},"end":{"line":578,"column":21}},"51":{"start":{"line":580,"column":4},"end":{"line":580,"column":16}},"52":{"start":{"line":585,"column":4},"end":{"line":587,"column":5}},"53":{"start":{"line":586,"column":8},"end":{"line":586,"column":59}},"54":{"start":{"line":586,"column":36},"end":{"line":586,"column":57}},"55":{"start":{"line":588,"column":4},"end":{"line":588,"column":16}},"56":{"start":{"line":591,"column":22},"end":{"line":591,"column":64}},"57":{"start":{"line":591,"column":49},"end":{"line":591,"column":63}},"58":{"start":{"line":592,"column":4},"end":{"line":597,"column":5}},"59":{"start":{"line":593,"column":8},"end":{"line":593,"column":24}},"60":{"start":{"line":596,"column":8},"end":{"line":596,"column":19}},"61":{"start":{"line":599,"column":0},"end":{"line":614,"column":3}},"62":{"start":{"line":600,"column":19},"end":{"line":600,"column":29}},"63":{"start":{"line":601,"column":4},"end":{"line":613,"column":5}},"64":{"start":{"line":602,"column":8},"end":{"line":602,"column":28}},"65":{"start":{"line":606,"column":26},"end":{"line":606,"column":42}},"66":{"start":{"line":607,"column":8},"end":{"line":612,"column":9}},"67":{"start":{"line":608,"column":12},"end":{"line":608,"column":34}},"68":{"start":{"line":611,"column":12},"end":{"line":611,"column":67}},"69":{"start":{"line":616,"column":19},"end":{"line":628,"column":5}},"70":{"start":{"line":629,"column":4},"end":{"line":629,"column":31}},"71":{"start":{"line":630,"column":4},"end":{"line":630,"column":18}},"72":{"start":{"line":634,"column":0},"end":{"line":640,"column":3}},"73":{"start":{"line":635,"column":24},"end":{"line":635,"column":44}},"74":{"start":{"line":636,"column":19},"end":{"line":636,"column":34}},"75":{"start":{"line":637,"column":20},"end":{"line":637,"column":39}},"76":{"start":{"line":638,"column":19},"end":{"line":638,"column":61}},"77":{"start":{"line":639,"column":4},"end":{"line":639,"column":33}},"78":{"start":{"line":642,"column":4},"end":{"line":642,"column":49}},"79":{"start":{"line":642,"column":33},"end":{"line":642,"column":47}},"80":{"start":{"line":644,"column":0},"end":{"line":674,"column":2}},"81":{"start":{"line":645,"column":4},"end":{"line":673,"column":5}},"82":{"start":{"line":646,"column":28},"end":{"line":646,"column":48}},"83":{"start":{"line":647,"column":8},"end":{"line":650,"column":9}},"84":{"start":{"line":648,"column":12},"end":{"line":648,"column":71}},"85":{"start":{"line":651,"column":23},"end":{"line":651,"column":38}},"86":{"start":{"line":652,"column":24},"end":{"line":652,"column":43}},"87":{"start":{"line":653,"column":23},"end":{"line":666,"column":10}},"88":{"start":{"line":667,"column":8},"end":{"line":667,"column":35}},"89":{"start":{"line":668,"column":8},"end":{"line":668,"column":53}},"90":{"start":{"line":671,"column":8},"end":{"line":671,"column":72}},"91":{"start":{"line":672,"column":8},"end":{"line":672,"column":97}},"92":{"start":{"line":678,"column":0},"end":{"line":680,"column":3}},"93":{"start":{"line":679,"column":4},"end":{"line":679,"column":28}},"94":{"start":{"line":684,"column":0},"end":{"line":686,"column":3}},"95":{"start":{"line":685,"column":4},"end":{"line":685,"column":28}},"96":{"start":{"line":690,"column":0},"end":{"line":704,"column":3}},"97":{"start":{"line":691,"column":19},"end":{"line":691,"column":29}},"98":{"start":{"line":692,"column":4},"end":{"line":703,"column":5}},"99":{"start":{"line":693,"column":8},"end":{"line":693,"column":23}},"100":{"start":{"line":696,"column":21},"end":{"line":696,"column":56}},"101":{"start":{"line":696,"column":42},"end":{"line":696,"column":55}},"102":{"start":{"line":697,"column":8},"end":{"line":702,"column":9}},"103":{"start":{"line":698,"column":12},"end":{"line":698,"column":27}},"104":{"start":{"line":701,"column":12},"end":{"line":701,"column":62}},"105":{"start":{"line":705,"column":0},"end":{"line":719,"column":3}},"106":{"start":{"line":706,"column":19},"end":{"line":706,"column":29}},"107":{"start":{"line":707,"column":4},"end":{"line":718,"column":5}},"108":{"start":{"line":708,"column":8},"end":{"line":708,"column":24}},"109":{"start":{"line":711,"column":22},"end":{"line":711,"column":58}},"110":{"start":{"line":711,"column":44},"end":{"line":711,"column":57}},"111":{"start":{"line":712,"column":8},"end":{"line":717,"column":9}},"112":{"start":{"line":713,"column":12},"end":{"line":713,"column":28}},"113":{"start":{"line":716,"column":12},"end":{"line":716,"column":63}},"114":{"start":{"line":721,"column":0},"end":{"line":735,"column":3}},"115":{"start":{"line":722,"column":19},"end":{"line":722,"column":29}},"116":{"start":{"line":723,"column":4},"end":{"line":734,"column":5}},"117":{"start":{"line":724,"column":8},"end":{"line":724,"column":26}},"118":{"start":{"line":727,"column":26},"end":{"line":727,"column":65}},"119":{"start":{"line":727,"column":51},"end":{"line":727,"column":64}},"120":{"start":{"line":728,"column":8},"end":{"line":733,"column":9}},"121":{"start":{"line":729,"column":12},"end":{"line":729,"column":32}},"122":{"start":{"line":732,"column":12},"end":{"line":732,"column":66}},"123":{"start":{"line":737,"column":0},"end":{"line":751,"column":3}},"124":{"start":{"line":738,"column":19},"end":{"line":738,"column":29}},"125":{"start":{"line":739,"column":4},"end":{"line":750,"column":5}},"126":{"start":{"line":740,"column":8},"end":{"line":740,"column":23}},"127":{"start":{"line":743,"column":25},"end":{"line":743,"column":61}},"128":{"start":{"line":743,"column":47},"end":{"line":743,"column":60}},"129":{"start":{"line":744,"column":8},"end":{"line":749,"column":9}},"130":{"start":{"line":745,"column":12},"end":{"line":745,"column":31}},"131":{"start":{"line":748,"column":12},"end":{"line":748,"column":63}},"132":{"start":{"line":753,"column":0},"end":{"line":767,"column":3}},"133":{"start":{"line":754,"column":19},"end":{"line":754,"column":29}},"134":{"start":{"line":755,"column":4},"end":{"line":766,"column":5}},"135":{"start":{"line":756,"column":8},"end":{"line":756,"column":30}},"136":{"start":{"line":759,"column":28},"end":{"line":759,"column":70}},"137":{"start":{"line":759,"column":56},"end":{"line":759,"column":69}},"138":{"start":{"line":760,"column":8},"end":{"line":765,"column":9}},"139":{"start":{"line":761,"column":12},"end":{"line":761,"column":34}},"140":{"start":{"line":764,"column":12},"end":{"line":764,"column":70}},"141":{"start":{"line":769,"column":0},"end":{"line":791,"column":3}},"142":{"start":{"line":770,"column":19},"end":{"line":770,"column":29}},"143":{"start":{"line":771,"column":19},"end":{"line":771,"column":34}},"144":{"start":{"line":772,"column":4},"end":{"line":790,"column":5}},"145":{"start":{"line":773,"column":8},"end":{"line":779,"column":9}},"146":{"start":{"line":774,"column":12},"end":{"line":774,"column":35}},"147":{"start":{"line":777,"column":33},"end":{"line":777,"column":83}},"148":{"start":{"line":777,"column":62},"end":{"line":777,"column":82}},"149":{"start":{"line":778,"column":12},"end":{"line":778,"column":35}},"150":{"start":{"line":782,"column":29},"end":{"line":782,"column":72}},"151":{"start":{"line":782,"column":58},"end":{"line":782,"column":71}},"152":{"start":{"line":783,"column":8},"end":{"line":783,"column":31}},"153":{"start":{"line":784,"column":8},"end":{"line":789,"column":9}},"154":{"start":{"line":788,"column":12},"end":{"line":788,"column":70}},"155":{"start":{"line":793,"column":0},"end":{"line":807,"column":3}},"156":{"start":{"line":794,"column":19},"end":{"line":794,"column":29}},"157":{"start":{"line":795,"column":4},"end":{"line":806,"column":5}},"158":{"start":{"line":796,"column":8},"end":{"line":796,"column":24}},"159":{"start":{"line":799,"column":22},"end":{"line":799,"column":58}},"160":{"start":{"line":799,"column":44},"end":{"line":799,"column":57}},"161":{"start":{"line":800,"column":8},"end":{"line":805,"column":9}},"162":{"start":{"line":801,"column":12},"end":{"line":801,"column":28}},"163":{"start":{"line":804,"column":12},"end":{"line":804,"column":63}},"164":{"start":{"line":809,"column":0},"end":{"line":823,"column":3}},"165":{"start":{"line":810,"column":19},"end":{"line":810,"column":29}},"166":{"start":{"line":811,"column":4},"end":{"line":822,"column":5}},"167":{"start":{"line":812,"column":8},"end":{"line":812,"column":27}},"168":{"start":{"line":815,"column":24},"end":{"line":815,"column":62}},"169":{"start":{"line":815,"column":48},"end":{"line":815,"column":61}},"170":{"start":{"line":816,"column":8},"end":{"line":821,"column":9}},"171":{"start":{"line":817,"column":12},"end":{"line":817,"column":30}},"172":{"start":{"line":820,"column":12},"end":{"line":820,"column":65}},"173":{"start":{"line":826,"column":0},"end":{"line":852,"column":3}},"174":{"start":{"line":827,"column":33},"end":{"line":827,"column":43}},"175":{"start":{"line":828,"column":4},"end":{"line":851,"column":5}},"176":{"start":{"line":829,"column":8},"end":{"line":829,"column":26}},"177":{"start":{"line":832,"column":22},"end":{"line":832,"column":65}},"178":{"start":{"line":832,"column":44},"end":{"line":832,"column":64}},"179":{"start":{"line":833,"column":8},"end":{"line":850,"column":9}},"180":{"start":{"line":834,"column":12},"end":{"line":845,"column":13}},"181":{"start":{"line":835,"column":16},"end":{"line":835,"column":32}},"182":{"start":{"line":838,"column":32},"end":{"line":838,"column":88}},"183":{"start":{"line":838,"column":63},"end":{"line":838,"column":87}},"184":{"start":{"line":839,"column":16},"end":{"line":844,"column":17}},"185":{"start":{"line":840,"column":20},"end":{"line":840,"column":38}},"186":{"start":{"line":843,"column":20},"end":{"line":843,"column":73}},"187":{"start":{"line":849,"column":12},"end":{"line":849,"column":63}},"188":{"start":{"line":856,"column":0},"end":{"line":874,"column":3}},"189":{"start":{"line":857,"column":4},"end":{"line":872,"column":5}},"190":{"start":{"line":858,"column":8},"end":{"line":858,"column":72}},"191":{"start":{"line":860,"column":9},"end":{"line":872,"column":5}},"192":{"start":{"line":861,"column":8},"end":{"line":861,"column":60}},"193":{"start":{"line":864,"column":21},"end":{"line":864,"column":113}},"194":{"start":{"line":865,"column":8},"end":{"line":871,"column":9}},"195":{"start":{"line":866,"column":12},"end":{"line":866,"column":37}},"196":{"start":{"line":867,"column":12},"end":{"line":867,"column":133}},"197":{"start":{"line":870,"column":12},"end":{"line":870,"column":66}},"198":{"start":{"line":877,"column":0},"end":{"line":892,"column":3}},"199":{"start":{"line":878,"column":23},"end":{"line":878,"column":40}},"200":{"start":{"line":879,"column":23},"end":{"line":879,"column":51}},"201":{"start":{"line":880,"column":20},"end":{"line":880,"column":47}},"202":{"start":{"line":882,"column":17},"end":{"line":882,"column":74}},"203":{"start":{"line":883,"column":4},"end":{"line":891,"column":5}},"204":{"start":{"line":885,"column":8},"end":{"line":885,"column":33}},"205":{"start":{"line":887,"column":8},"end":{"line":887,"column":129}},"206":{"start":{"line":890,"column":8},"end":{"line":890,"column":52}},"207":{"start":{"line":895,"column":0},"end":{"line":902,"column":3}},"208":{"start":{"line":896,"column":18},"end":{"line":896,"column":45}},"209":{"start":{"line":897,"column":17},"end":{"line":897,"column":46}},"210":{"start":{"line":898,"column":4},"end":{"line":900,"column":5}},"211":{"start":{"line":899,"column":8},"end":{"line":899,"column":35}},"212":{"start":{"line":901,"column":4},"end":{"line":901,"column":17}},"213":{"start":{"line":904,"column":0},"end":{"line":913,"column":2}},"214":{"start":{"line":905,"column":18},"end":{"line":905,"column":45}},"215":{"start":{"line":906,"column":17},"end":{"line":906,"column":46}},"216":{"start":{"line":907,"column":4},"end":{"line":912,"column":5}},"217":{"start":{"line":908,"column":8},"end":{"line":908,"column":39}},"218":{"start":{"line":911,"column":8},"end":{"line":911,"column":40}},"219":{"start":{"line":915,"column":11},"end":{"line":915,"column":24}},"220":{"start":{"line":916,"column":13},"end":{"line":916,"column":28}},"221":{"start":{"line":921,"column":0},"end":{"line":935,"column":3}},"222":{"start":{"line":922,"column":4},"end":{"line":934,"column":5}},"223":{"start":{"line":923,"column":25},"end":{"line":923,"column":43}},"224":{"start":{"line":924,"column":21},"end":{"line":924,"column":56}},"225":{"start":{"line":925,"column":8},"end":{"line":930,"column":9}},"226":{"start":{"line":926,"column":12},"end":{"line":926,"column":53}},"227":{"start":{"line":929,"column":12},"end":{"line":929,"column":45}},"228":{"start":{"line":933,"column":8},"end":{"line":933,"column":41}},"229":{"start":{"line":937,"column":0},"end":{"line":950,"column":5}},"230":{"start":{"line":938,"column":26},"end":{"line":938,"column":53}},"231":{"start":{"line":939,"column":8},"end":{"line":949,"column":9}},"232":{"start":{"line":940,"column":25},"end":{"line":940,"column":54}},"233":{"start":{"line":941,"column":12},"end":{"line":945,"column":13}},"234":{"start":{"line":942,"column":16},"end":{"line":942,"column":137}},"235":{"start":{"line":944,"column":12},"end":{"line":944,"column":58}},"236":{"start":{"line":948,"column":8},"end":{"line":948,"column":54}},"237":{"start":{"line":951,"column":0},"end":{"line":972,"column":3}},"238":{"start":{"line":952,"column":4},"end":{"line":971,"column":5}},"239":{"start":{"line":953,"column":22},"end":{"line":953,"column":49}},"240":{"start":{"line":954,"column":21},"end":{"line":954,"column":50}},"241":{"start":{"line":956,"column":33},"end":{"line":956,"column":57}},"242":{"start":{"line":959,"column":8},"end":{"line":961,"column":9}},"243":{"start":{"line":960,"column":12},"end":{"line":960,"column":66}},"244":{"start":{"line":964,"column":8},"end":{"line":964,"column":47}},"245":{"start":{"line":965,"column":8},"end":{"line":965,"column":31}},"246":{"start":{"line":966,"column":8},"end":{"line":966,"column":129}},"247":{"start":{"line":969,"column":8},"end":{"line":969,"column":65}},"248":{"start":{"line":970,"column":8},"end":{"line":970,"column":63}},"249":{"start":{"line":973,"column":0},"end":{"line":1005,"column":3}},"250":{"start":{"line":974,"column":4},"end":{"line":1004,"column":5}},"251":{"start":{"line":975,"column":62},"end":{"line":975,"column":70}},"252":{"start":{"line":976,"column":8},"end":{"line":978,"column":9}},"253":{"start":{"line":977,"column":12},"end":{"line":977,"column":85}},"254":{"start":{"line":979,"column":8},"end":{"line":981,"column":9}},"255":{"start":{"line":980,"column":12},"end":{"line":980,"column":95}},"256":{"start":{"line":983,"column":8},"end":{"line":985,"column":9}},"257":{"start":{"line":984,"column":12},"end":{"line":984,"column":104}},"258":{"start":{"line":987,"column":22},"end":{"line":987,"column":49}},"259":{"start":{"line":988,"column":21},"end":{"line":988,"column":50}},"260":{"start":{"line":990,"column":8},"end":{"line":999,"column":9}},"261":{"start":{"line":993,"column":12},"end":{"line":993,"column":72}},"262":{"start":{"line":994,"column":12},"end":{"line":994,"column":35}},"263":{"start":{"line":995,"column":12},"end":{"line":995,"column":57}},"264":{"start":{"line":998,"column":12},"end":{"line":998,"column":64}},"265":{"start":{"line":1002,"column":8},"end":{"line":1002,"column":57}},"266":{"start":{"line":1003,"column":8},"end":{"line":1003,"column":63}},"267":{"start":{"line":1007,"column":0},"end":{"line":1029,"column":3}},"268":{"start":{"line":1008,"column":4},"end":{"line":1028,"column":5}},"269":{"start":{"line":1009,"column":22},"end":{"line":1009,"column":49}},"270":{"start":{"line":1010,"column":21},"end":{"line":1010,"column":50}},"271":{"start":{"line":1012,"column":29},"end":{"line":1012,"column":49}},"272":{"start":{"line":1015,"column":8},"end":{"line":1017,"column":9}},"273":{"start":{"line":1016,"column":12},"end":{"line":1016,"column":66}},"274":{"start":{"line":1021,"column":8},"end":{"line":1021,"column":39}},"275":{"start":{"line":1022,"column":8},"end":{"line":1022,"column":31}},"276":{"start":{"line":1023,"column":8},"end":{"line":1023,"column":129}},"277":{"start":{"line":1026,"column":8},"end":{"line":1026,"column":61}},"278":{"start":{"line":1027,"column":8},"end":{"line":1027,"column":63}},"279":{"start":{"line":1031,"column":0},"end":{"line":1040,"column":2}},"280":{"start":{"line":1032,"column":18},"end":{"line":1032,"column":45}},"281":{"start":{"line":1033,"column":17},"end":{"line":1033,"column":46}},"282":{"start":{"line":1034,"column":4},"end":{"line":1039,"column":5}},"283":{"start":{"line":1035,"column":8},"end":{"line":1035,"column":57}},"284":{"start":{"line":1038,"column":8},"end":{"line":1038,"column":41}},"285":{"start":{"line":1047,"column":18},"end":{"line":1047,"column":74}},"286":{"start":{"line":1047,"column":43},"end":{"line":1047,"column":73}},"287":{"start":{"line":1048,"column":4},"end":{"line":1052,"column":5}},"288":{"start":{"line":1049,"column":8},"end":{"line":1049,"column":28}},"289":{"start":{"line":1051,"column":8},"end":{"line":1051,"column":67}},"290":{"start":{"line":1074,"column":4},"end":{"line":1074,"column":27}},"291":{"start":{"line":1075,"column":4},"end":{"line":1079,"column":7}},"292":{"start":{"line":1082,"column":0},"end":{"line":1084,"column":5}},"293":{"start":{"line":1083,"column":4},"end":{"line":1083,"column":67}},"294":{"start":{"line":1087,"column":4},"end":{"line":1087,"column":22}},"295":{"start":{"line":1088,"column":4},"end":{"line":1088,"column":28}},"296":{"start":{"line":1091,"column":0},"end":{"line":1091,"column":21}}},"fnMap":{"0":{"name":"(anonymous_0)","decl":{"start":{"line":22,"column":19},"end":{"line":22,"column":20}},"loc":{"start":{"line":22,"column":45},"end":{"line":31,"column":3}},"line":22},"1":{"name":"sanitizeId","decl":{"start":{"line":553,"column":9},"end":{"line":553,"column":19}},"loc":{"start":{"line":553,"column":23},"end":{"line":559,"column":1}},"line":553},"2":{"name":"createUser","decl":{"start":{"line":561,"column":15},"end":{"line":561,"column":25}},"loc":{"start":{"line":561,"column":66},"end":{"line":581,"column":1}},"line":561},"3":{"name":"getUser","decl":{"start":{"line":584,"column":9},"end":{"line":584,"column":16}},"loc":{"start":{"line":584,"column":30},"end":{"line":589,"column":1}},"line":584},"4":{"name":"(anonymous_4)","decl":{"start":{"line":586,"column":26},"end":{"line":586,"column":27}},"loc":{"start":{"line":586,"column":36},"end":{"line":586,"column":57}},"line":586},"5":{"name":"getCharacter","decl":{"start":{"line":590,"column":9},"end":{"line":590,"column":21}},"loc":{"start":{"line":590,"column":25},"end":{"line":598,"column":1}},"line":590},"6":{"name":"(anonymous_6)","decl":{"start":{"line":591,"column":41},"end":{"line":591,"column":42}},"loc":{"start":{"line":591,"column":49},"end":{"line":591,"column":63}},"line":591},"7":{"name":"(anonymous_7)","decl":{"start":{"line":599,"column":34},"end":{"line":599,"column":35}},"loc":{"start":{"line":599,"column":54},"end":{"line":614,"column":1}},"line":599},"8":{"name":"createAdvice","decl":{"start":{"line":615,"column":9},"end":{"line":615,"column":21}},"loc":{"start":{"line":615,"column":51},"end":{"line":632,"column":1}},"line":615},"9":{"name":"(anonymous_9)","decl":{"start":{"line":634,"column":45},"end":{"line":634,"column":46}},"loc":{"start":{"line":634,"column":59},"end":{"line":640,"column":1}},"line":634},"10":{"name":"getResourcebyId","decl":{"start":{"line":641,"column":9},"end":{"line":641,"column":24}},"loc":{"start":{"line":641,"column":38},"end":{"line":643,"column":1}},"line":641},"11":{"name":"(anonymous_11)","decl":{"start":{"line":642,"column":25},"end":{"line":642,"column":26}},"loc":{"start":{"line":642,"column":33},"end":{"line":642,"column":47}},"line":642},"12":{"name":"(anonymous_12)","decl":{"start":{"line":644,"column":46},"end":{"line":644,"column":47}},"loc":{"start":{"line":644,"column":60},"end":{"line":674,"column":1}},"line":644},"13":{"name":"(anonymous_13)","decl":{"start":{"line":678,"column":32},"end":{"line":678,"column":33}},"loc":{"start":{"line":678,"column":53},"end":{"line":680,"column":1}},"line":678},"14":{"name":"(anonymous_14)","decl":{"start":{"line":684,"column":33},"end":{"line":684,"column":34}},"loc":{"start":{"line":684,"column":54},"end":{"line":686,"column":1}},"line":684},"15":{"name":"(anonymous_15)","decl":{"start":{"line":690,"column":43},"end":{"line":690,"column":44}},"loc":{"start":{"line":690,"column":63},"end":{"line":704,"column":1}},"line":690},"16":{"name":"(anonymous_16)","decl":{"start":{"line":696,"column":35},"end":{"line":696,"column":36}},"loc":{"start":{"line":696,"column":42},"end":{"line":696,"column":55}},"line":696},"17":{"name":"(anonymous_17)","decl":{"start":{"line":705,"column":44},"end":{"line":705,"column":45}},"loc":{"start":{"line":705,"column":64},"end":{"line":719,"column":1}},"line":705},"18":{"name":"(anonymous_18)","decl":{"start":{"line":711,"column":37},"end":{"line":711,"column":38}},"loc":{"start":{"line":711,"column":44},"end":{"line":711,"column":57}},"line":711},"19":{"name":"(anonymous_19)","decl":{"start":{"line":721,"column":46},"end":{"line":721,"column":47}},"loc":{"start":{"line":721,"column":66},"end":{"line":735,"column":1}},"line":721},"20":{"name":"(anonymous_20)","decl":{"start":{"line":727,"column":44},"end":{"line":727,"column":45}},"loc":{"start":{"line":727,"column":51},"end":{"line":727,"column":64}},"line":727},"21":{"name":"(anonymous_21)","decl":{"start":{"line":737,"column":43},"end":{"line":737,"column":44}},"loc":{"start":{"line":737,"column":63},"end":{"line":751,"column":1}},"line":737},"22":{"name":"(anonymous_22)","decl":{"start":{"line":743,"column":40},"end":{"line":743,"column":41}},"loc":{"start":{"line":743,"column":47},"end":{"line":743,"column":60}},"line":743},"23":{"name":"(anonymous_23)","decl":{"start":{"line":753,"column":50},"end":{"line":753,"column":51}},"loc":{"start":{"line":753,"column":70},"end":{"line":767,"column":1}},"line":753},"24":{"name":"(anonymous_24)","decl":{"start":{"line":759,"column":49},"end":{"line":759,"column":50}},"loc":{"start":{"line":759,"column":56},"end":{"line":759,"column":69}},"line":759},"25":{"name":"(anonymous_25)","decl":{"start":{"line":769,"column":51},"end":{"line":769,"column":52}},"loc":{"start":{"line":769,"column":71},"end":{"line":791,"column":1}},"line":769},"26":{"name":"(anonymous_26)","decl":{"start":{"line":777,"column":54},"end":{"line":777,"column":55}},"loc":{"start":{"line":777,"column":62},"end":{"line":777,"column":82}},"line":777},"27":{"name":"(anonymous_27)","decl":{"start":{"line":782,"column":51},"end":{"line":782,"column":52}},"loc":{"start":{"line":782,"column":58},"end":{"line":782,"column":71}},"line":782},"28":{"name":"(anonymous_28)","decl":{"start":{"line":793,"column":44},"end":{"line":793,"column":45}},"loc":{"start":{"line":793,"column":64},"end":{"line":807,"column":1}},"line":793},"29":{"name":"(anonymous_29)","decl":{"start":{"line":799,"column":37},"end":{"line":799,"column":38}},"loc":{"start":{"line":799,"column":44},"end":{"line":799,"column":57}},"line":799},"30":{"name":"(anonymous_30)","decl":{"start":{"line":809,"column":47},"end":{"line":809,"column":48}},"loc":{"start":{"line":809,"column":67},"end":{"line":823,"column":1}},"line":809},"31":{"name":"(anonymous_31)","decl":{"start":{"line":815,"column":41},"end":{"line":815,"column":42}},"loc":{"start":{"line":815,"column":48},"end":{"line":815,"column":61}},"line":815},"32":{"name":"(anonymous_32)","decl":{"start":{"line":826,"column":48},"end":{"line":826,"column":49}},"loc":{"start":{"line":826,"column":68},"end":{"line":852,"column":1}},"line":826},"33":{"name":"(anonymous_33)","decl":{"start":{"line":832,"column":35},"end":{"line":832,"column":36}},"loc":{"start":{"line":832,"column":44},"end":{"line":832,"column":64}},"line":832},"34":{"name":"(anonymous_34)","decl":{"start":{"line":838,"column":52},"end":{"line":838,"column":53}},"loc":{"start":{"line":838,"column":63},"end":{"line":838,"column":87}},"line":838},"35":{"name":"(anonymous_35)","decl":{"start":{"line":856,"column":33},"end":{"line":856,"column":34}},"loc":{"start":{"line":856,"column":53},"end":{"line":874,"column":1}},"line":856},"36":{"name":"(anonymous_36)","decl":{"start":{"line":877,"column":29},"end":{"line":877,"column":30}},"loc":{"start":{"line":877,"column":49},"end":{"line":892,"column":1}},"line":877},"37":{"name":"(anonymous_37)","decl":{"start":{"line":895,"column":45},"end":{"line":895,"column":46}},"loc":{"start":{"line":895,"column":65},"end":{"line":902,"column":1}},"line":895},"38":{"name":"(anonymous_38)","decl":{"start":{"line":904,"column":23},"end":{"line":904,"column":24}},"loc":{"start":{"line":904,"column":43},"end":{"line":913,"column":1}},"line":904},"39":{"name":"(anonymous_39)","decl":{"start":{"line":921,"column":27},"end":{"line":921,"column":28}},"loc":{"start":{"line":921,"column":47},"end":{"line":935,"column":1}},"line":921},"40":{"name":"(anonymous_40)","decl":{"start":{"line":937,"column":26},"end":{"line":937,"column":27}},"loc":{"start":{"line":937,"column":46},"end":{"line":950,"column":3}},"line":937},"41":{"name":"(anonymous_41)","decl":{"start":{"line":951,"column":28},"end":{"line":951,"column":29}},"loc":{"start":{"line":951,"column":47},"end":{"line":972,"column":1}},"line":951},"42":{"name":"(anonymous_42)","decl":{"start":{"line":973,"column":40},"end":{"line":973,"column":41}},"loc":{"start":{"line":973,"column":59},"end":{"line":1005,"column":1}},"line":973},"43":{"name":"(anonymous_43)","decl":{"start":{"line":1007,"column":47},"end":{"line":1007,"column":48}},"loc":{"start":{"line":1007,"column":66},"end":{"line":1029,"column":1}},"line":1007},"44":{"name":"(anonymous_44)","decl":{"start":{"line":1031,"column":29},"end":{"line":1031,"column":30}},"loc":{"start":{"line":1031,"column":48},"end":{"line":1040,"column":1}},"line":1031},"45":{"name":"updateUser","decl":{"start":{"line":1046,"column":15},"end":{"line":1046,"column":25}},"loc":{"start":{"line":1046,"column":31},"end":{"line":1053,"column":1}},"line":1046},"46":{"name":"(anonymous_46)","decl":{"start":{"line":1047,"column":34},"end":{"line":1047,"column":35}},"loc":{"start":{"line":1047,"column":43},"end":{"line":1047,"column":73}},"line":1047},"47":{"name":"setAuthCookie","decl":{"start":{"line":1073,"column":9},"end":{"line":1073,"column":22}},"loc":{"start":{"line":1073,"column":33},"end":{"line":1080,"column":1}},"line":1073},"48":{"name":"(anonymous_48)","decl":{"start":{"line":1082,"column":14},"end":{"line":1082,"column":15}},"loc":{"start":{"line":1082,"column":45},"end":{"line":1084,"column":3}},"line":1082},"49":{"name":"clearAuthCookie","decl":{"start":{"line":1086,"column":9},"end":{"line":1086,"column":24}},"loc":{"start":{"line":1086,"column":35},"end":{"line":1089,"column":1}},"line":1086}},"branchMap":{"0":{"loc":{"start":{"line":26,"column":4},"end":{"line":30,"column":5}},"type":"if","locations":[{"start":{"line":26,"column":4},"end":{"line":30,"column":5}},{"start":{"line":28,"column":11},"end":{"line":30,"column":5}}],"line":26},"1":{"loc":{"start":{"line":571,"column":4},"end":{"line":576,"column":5}},"type":"if","locations":[{"start":{"line":571,"column":4},"end":{"line":576,"column":5}},{"start":{"line":574,"column":8},"end":{"line":576,"column":5}}],"line":571},"2":{"loc":{"start":{"line":571,"column":7},"end":{"line":571,"column":40}},"type":"binary-expr","locations":[{"start":{"line":571,"column":7},"end":{"line":571,"column":18}},{"start":{"line":571,"column":22},"end":{"line":571,"column":40}}],"line":571},"3":{"loc":{"start":{"line":585,"column":4},"end":{"line":587,"column":5}},"type":"if","locations":[{"start":{"line":585,"column":4},"end":{"line":587,"column":5}},{"start":{},"end":{}}],"line":585},"4":{"loc":{"start":{"line":592,"column":4},"end":{"line":597,"column":5}},"type":"if","locations":[{"start":{"line":592,"column":4},"end":{"line":597,"column":5}},{"start":{"line":595,"column":8},"end":{"line":597,"column":5}}],"line":592},"5":{"loc":{"start":{"line":601,"column":4},"end":{"line":613,"column":5}},"type":"if","locations":[{"start":{"line":601,"column":4},"end":{"line":613,"column":5}},{"start":{"line":605,"column":8},"end":{"line":613,"column":5}}],"line":601},"6":{"loc":{"start":{"line":607,"column":8},"end":{"line":612,"column":9}},"type":"if","locations":[{"start":{"line":607,"column":8},"end":{"line":612,"column":9}},{"start":{"line":610,"column":12},"end":{"line":612,"column":9}}],"line":607},"7":{"loc":{"start":{"line":647,"column":8},"end":{"line":650,"column":9}},"type":"if","locations":[{"start":{"line":647,"column":8},"end":{"line":650,"column":9}},{"start":{},"end":{}}],"line":647},"8":{"loc":{"start":{"line":692,"column":4},"end":{"line":703,"column":5}},"type":"if","locations":[{"start":{"line":692,"column":4},"end":{"line":703,"column":5}},{"start":{"line":695,"column":8},"end":{"line":703,"column":5}}],"line":692},"9":{"loc":{"start":{"line":697,"column":8},"end":{"line":702,"column":9}},"type":"if","locations":[{"start":{"line":697,"column":8},"end":{"line":702,"column":9}},{"start":{"line":700,"column":12},"end":{"line":702,"column":9}}],"line":697},"10":{"loc":{"start":{"line":707,"column":4},"end":{"line":718,"column":5}},"type":"if","locations":[{"start":{"line":707,"column":4},"end":{"line":718,"column":5}},{"start":{"line":710,"column":8},"end":{"line":718,"column":5}}],"line":707},"11":{"loc":{"start":{"line":712,"column":8},"end":{"line":717,"column":9}},"type":"if","locations":[{"start":{"line":712,"column":8},"end":{"line":717,"column":9}},{"start":{"line":715,"column":12},"end":{"line":717,"column":9}}],"line":712},"12":{"loc":{"start":{"line":723,"column":4},"end":{"line":734,"column":5}},"type":"if","locations":[{"start":{"line":723,"column":4},"end":{"line":734,"column":5}},{"start":{"line":726,"column":8},"end":{"line":734,"column":5}}],"line":723},"13":{"loc":{"start":{"line":728,"column":8},"end":{"line":733,"column":9}},"type":"if","locations":[{"start":{"line":728,"column":8},"end":{"line":733,"column":9}},{"start":{"line":731,"column":12},"end":{"line":733,"column":9}}],"line":728},"14":{"loc":{"start":{"line":739,"column":4},"end":{"line":750,"column":5}},"type":"if","locations":[{"start":{"line":739,"column":4},"end":{"line":750,"column":5}},{"start":{"line":742,"column":8},"end":{"line":750,"column":5}}],"line":739},"15":{"loc":{"start":{"line":744,"column":8},"end":{"line":749,"column":9}},"type":"if","locations":[{"start":{"line":744,"column":8},"end":{"line":749,"column":9}},{"start":{"line":747,"column":12},"end":{"line":749,"column":9}}],"line":744},"16":{"loc":{"start":{"line":755,"column":4},"end":{"line":766,"column":5}},"type":"if","locations":[{"start":{"line":755,"column":4},"end":{"line":766,"column":5}},{"start":{"line":758,"column":8},"end":{"line":766,"column":5}}],"line":755},"17":{"loc":{"start":{"line":760,"column":8},"end":{"line":765,"column":9}},"type":"if","locations":[{"start":{"line":760,"column":8},"end":{"line":765,"column":9}},{"start":{"line":763,"column":12},"end":{"line":765,"column":9}}],"line":760},"18":{"loc":{"start":{"line":772,"column":4},"end":{"line":790,"column":5}},"type":"if","locations":[{"start":{"line":772,"column":4},"end":{"line":790,"column":5}},{"start":{"line":781,"column":8},"end":{"line":790,"column":5}}],"line":772},"19":{"loc":{"start":{"line":773,"column":8},"end":{"line":779,"column":9}},"type":"if","locations":[{"start":{"line":773,"column":8},"end":{"line":779,"column":9}},{"start":{"line":776,"column":12},"end":{"line":779,"column":9}}],"line":773},"20":{"loc":{"start":{"line":784,"column":8},"end":{"line":789,"column":9}},"type":"if","locations":[{"start":{"line":784,"column":8},"end":{"line":789,"column":9}},{"start":{"line":787,"column":12},"end":{"line":789,"column":9}}],"line":784},"21":{"loc":{"start":{"line":795,"column":4},"end":{"line":806,"column":5}},"type":"if","locations":[{"start":{"line":795,"column":4},"end":{"line":806,"column":5}},{"start":{"line":798,"column":8},"end":{"line":806,"column":5}}],"line":795},"22":{"loc":{"start":{"line":800,"column":8},"end":{"line":805,"column":9}},"type":"if","locations":[{"start":{"line":800,"column":8},"end":{"line":805,"column":9}},{"start":{"line":803,"column":12},"end":{"line":805,"column":9}}],"line":800},"23":{"loc":{"start":{"line":811,"column":4},"end":{"line":822,"column":5}},"type":"if","locations":[{"start":{"line":811,"column":4},"end":{"line":822,"column":5}},{"start":{"line":814,"column":8},"end":{"line":822,"column":5}}],"line":811},"24":{"loc":{"start":{"line":816,"column":8},"end":{"line":821,"column":9}},"type":"if","locations":[{"start":{"line":816,"column":8},"end":{"line":821,"column":9}},{"start":{"line":819,"column":12},"end":{"line":821,"column":9}}],"line":816},"25":{"loc":{"start":{"line":828,"column":4},"end":{"line":851,"column":5}},"type":"if","locations":[{"start":{"line":828,"column":4},"end":{"line":851,"column":5}},{"start":{"line":831,"column":8},"end":{"line":851,"column":5}}],"line":828},"26":{"loc":{"start":{"line":833,"column":8},"end":{"line":850,"column":9}},"type":"if","locations":[{"start":{"line":833,"column":8},"end":{"line":850,"column":9}},{"start":{"line":848,"column":12},"end":{"line":850,"column":9}}],"line":833},"27":{"loc":{"start":{"line":834,"column":12},"end":{"line":845,"column":13}},"type":"if","locations":[{"start":{"line":834,"column":12},"end":{"line":845,"column":13}},{"start":{"line":837,"column":16},"end":{"line":845,"column":13}}],"line":834},"28":{"loc":{"start":{"line":839,"column":16},"end":{"line":844,"column":17}},"type":"if","locations":[{"start":{"line":839,"column":16},"end":{"line":844,"column":17}},{"start":{"line":842,"column":20},"end":{"line":844,"column":17}}],"line":839},"29":{"loc":{"start":{"line":857,"column":4},"end":{"line":872,"column":5}},"type":"if","locations":[{"start":{"line":857,"column":4},"end":{"line":872,"column":5}},{"start":{"line":860,"column":9},"end":{"line":872,"column":5}}],"line":857},"30":{"loc":{"start":{"line":860,"column":9},"end":{"line":872,"column":5}},"type":"if","locations":[{"start":{"line":860,"column":9},"end":{"line":872,"column":5}},{"start":{"line":862,"column":10},"end":{"line":872,"column":5}}],"line":860},"31":{"loc":{"start":{"line":865,"column":8},"end":{"line":871,"column":9}},"type":"if","locations":[{"start":{"line":865,"column":8},"end":{"line":871,"column":9}},{"start":{"line":869,"column":12},"end":{"line":871,"column":9}}],"line":865},"32":{"loc":{"start":{"line":882,"column":31},"end":{"line":882,"column":61}},"type":"cond-expr","locations":[{"start":{"line":882,"column":41},"end":{"line":882,"column":48}},{"start":{"line":882,"column":51},"end":{"line":882,"column":61}}],"line":882},"33":{"loc":{"start":{"line":883,"column":4},"end":{"line":891,"column":5}},"type":"if","locations":[{"start":{"line":883,"column":4},"end":{"line":891,"column":5}},{"start":{"line":889,"column":8},"end":{"line":891,"column":5}}],"line":883},"34":{"loc":{"start":{"line":883,"column":8},"end":{"line":883,"column":72}},"type":"binary-expr","locations":[{"start":{"line":883,"column":8},"end":{"line":883,"column":12}},{"start":{"line":883,"column":17},"end":{"line":883,"column":71}}],"line":883},"35":{"loc":{"start":{"line":898,"column":4},"end":{"line":900,"column":5}},"type":"if","locations":[{"start":{"line":898,"column":4},"end":{"line":900,"column":5}},{"start":{},"end":{}}],"line":898},"36":{"loc":{"start":{"line":907,"column":4},"end":{"line":912,"column":5}},"type":"if","locations":[{"start":{"line":907,"column":4},"end":{"line":912,"column":5}},{"start":{"line":910,"column":8},"end":{"line":912,"column":5}}],"line":907},"37":{"loc":{"start":{"line":925,"column":8},"end":{"line":930,"column":9}},"type":"if","locations":[{"start":{"line":925,"column":8},"end":{"line":930,"column":9}},{"start":{"line":928,"column":12},"end":{"line":930,"column":9}}],"line":925},"38":{"loc":{"start":{"line":939,"column":8},"end":{"line":949,"column":9}},"type":"if","locations":[{"start":{"line":939,"column":8},"end":{"line":949,"column":9}},{"start":{"line":947,"column":13},"end":{"line":949,"column":9}}],"line":939},"39":{"loc":{"start":{"line":941,"column":12},"end":{"line":945,"column":13}},"type":"if","locations":[{"start":{"line":941,"column":12},"end":{"line":945,"column":13}},{"start":{"line":943,"column":19},"end":{"line":945,"column":13}}],"line":941},"40":{"loc":{"start":{"line":959,"column":8},"end":{"line":961,"column":9}},"type":"if","locations":[{"start":{"line":959,"column":8},"end":{"line":961,"column":9}},{"start":{},"end":{}}],"line":959},"41":{"loc":{"start":{"line":976,"column":8},"end":{"line":978,"column":9}},"type":"if","locations":[{"start":{"line":976,"column":8},"end":{"line":978,"column":9}},{"start":{},"end":{}}],"line":976},"42":{"loc":{"start":{"line":976,"column":12},"end":{"line":976,"column":60}},"type":"binary-expr","locations":[{"start":{"line":976,"column":12},"end":{"line":976,"column":24}},{"start":{"line":976,"column":28},"end":{"line":976,"column":40}},{"start":{"line":976,"column":44},"end":{"line":976,"column":60}}],"line":976},"43":{"loc":{"start":{"line":979,"column":8},"end":{"line":981,"column":9}},"type":"if","locations":[{"start":{"line":979,"column":8},"end":{"line":981,"column":9}},{"start":{},"end":{}}],"line":979},"44":{"loc":{"start":{"line":983,"column":8},"end":{"line":985,"column":9}},"type":"if","locations":[{"start":{"line":983,"column":8},"end":{"line":985,"column":9}},{"start":{},"end":{}}],"line":983},"45":{"loc":{"start":{"line":990,"column":8},"end":{"line":999,"column":9}},"type":"if","locations":[{"start":{"line":990,"column":8},"end":{"line":999,"column":9}},{"start":{"line":997,"column":12},"end":{"line":999,"column":9}}],"line":990},"46":{"loc":{"start":{"line":990,"column":12},"end":{"line":990,"column":79}},"type":"binary-expr","locations":[{"start":{"line":990,"column":12},"end":{"line":990,"column":16}},{"start":{"line":990,"column":21},"end":{"line":990,"column":78}}],"line":990},"47":{"loc":{"start":{"line":1015,"column":8},"end":{"line":1017,"column":9}},"type":"if","locations":[{"start":{"line":1015,"column":8},"end":{"line":1017,"column":9}},{"start":{},"end":{}}],"line":1015},"48":{"loc":{"start":{"line":1034,"column":4},"end":{"line":1039,"column":5}},"type":"if","locations":[{"start":{"line":1034,"column":4},"end":{"line":1039,"column":5}},{"start":{"line":1037,"column":8},"end":{"line":1039,"column":5}}],"line":1034},"49":{"loc":{"start":{"line":1048,"column":4},"end":{"line":1052,"column":5}},"type":"if","locations":[{"start":{"line":1048,"column":4},"end":{"line":1052,"column":5}},{"start":{"line":1050,"column":11},"end":{"line":1052,"column":5}}],"line":1048}},"s":{"0":1,"1":1,"2":1,"3":1,"4":1,"5":1,"6":1,"7":1,"8":1,"9":1,"10":1,"11":1,"12":0,"13":0,"14":0,"15":0,"16":0,"17":1,"18":1,"19":1,"20":1,"21":1,"22":1,"23":1,"24":1,"25":1,"26":1,"27":1,"28":1,"29":1,"30":1,"31":1,"32":1,"33":1,"34":1,"35":1,"36":1,"37":1,"38":1,"39":1,"40":1,"41":1,"42":1,"43":1,"44":0,"45":1,"46":1,"47":1,"48":0,"49":1,"50":1,"51":1,"52":2,"53":2,"54":0,"55":0,"56":0,"57":0,"58":0,"59":0,"60":0,"61":1,"62":0,"63":0,"64":0,"65":0,"66":0,"67":0,"68":0,"69":0,"70":0,"71":0,"72":1,"73":0,"74":0,"75":0,"76":0,"77":0,"78":0,"79":0,"80":1,"81":0,"82":0,"83":0,"84":0,"85":0,"86":0,"87":0,"88":0,"89":0,"90":0,"91":0,"92":1,"93":0,"94":1,"95":0,"96":1,"97":0,"98":0,"99":0,"100":0,"101":0,"102":0,"103":0,"104":0,"105":1,"106":0,"107":0,"108":0,"109":0,"110":0,"111":0,"112":0,"113":0,"114":1,"115":0,"116":0,"117":0,"118":0,"119":0,"120":0,"121":0,"122":0,"123":1,"124":0,"125":0,"126":0,"127":0,"128":0,"129":0,"130":0,"131":0,"132":1,"133":0,"134":0,"135":0,"136":0,"137":0,"138":0,"139":0,"140":0,"141":1,"142":0,"143":0,"144":0,"145":0,"146":0,"147":0,"148":0,"149":0,"150":0,"151":0,"152":0,"153":0,"154":0,"155":1,"156":0,"157":0,"158":0,"159":0,"160":0,"161":0,"162":0,"163":0,"164":1,"165":0,"166":0,"167":0,"168":0,"169":0,"170":0,"171":0,"172":0,"173":1,"174":0,"175":0,"176":0,"177":0,"178":0,"179":0,"180":0,"181":0,"182":0,"183":0,"184":0,"185":0,"186":0,"187":0,"188":1,"189":1,"190":0,"191":1,"192":0,"193":1,"194":1,"195":1,"196":1,"197":0,"198":1,"199":0,"200":0,"201":0,"202":0,"203":0,"204":0,"205":0,"206":0,"207":1,"208":0,"209":0,"210":0,"211":0,"212":0,"213":1,"214":0,"215":0,"216":0,"217":0,"218":0,"219":1,"220":1,"221":1,"222":0,"223":0,"224":0,"225":0,"226":0,"227":0,"228":0,"229":1,"230":0,"231":0,"232":0,"233":0,"234":0,"235":0,"236":0,"237":1,"238":0,"239":0,"240":0,"241":0,"242":0,"243":0,"244":0,"245":0,"246":0,"247":0,"248":0,"249":1,"250":0,"251":0,"252":0,"253":0,"254":0,"255":0,"256":0,"257":0,"258":0,"259":0,"260":0,"261":0,"262":0,"263":0,"264":0,"265":0,"266":0,"267":1,"268":0,"269":0,"270":0,"271":0,"272":0,"273":0,"274":0,"275":0,"276":0,"277":0,"278":0,"279":1,"280":0,"281":0,"282":0,"283":0,"284":0,"285":0,"286":0,"287":0,"288":0,"289":0,"290":1,"291":1,"292":1,"293":0,"294":0,"295":0,"296":1},"f":{"0":0,"1":0,"2":1,"3":2,"4":0,"5":0,"6":0,"7":0,"8":0,"9":0,"10":0,"11":0,"12":0,"13":0,"14":0,"15":0,"16":0,"17":0,"18":0,"19":0,"20":0,"21":0,"22":0,"23":0,"24":0,"25":0,"26":0,"27":0,"28":0,"29":0,"30":0,"31":0,"32":0,"33":0,"34":0,"35":1,"36":0,"37":0,"38":0,"39":0,"40":0,"41":0,"42":0,"43":0,"44":0,"45":0,"46":0,"47":1,"48":0,"49":0},"b":{"0":[0,0],"1":[0,1],"2":[1,0],"3":[2,0],"4":[0,0],"5":[0,0],"6":[0,0],"7":[0,0],"8":[0,0],"9":[0,0],"10":[0,0],"11":[0,0],"12":[0,0],"13":[0,0],"14":[0,0],"15":[0,0],"16":[0,0],"17":[0,0],"18":[0,0],"19":[0,0],"20":[0,0],"21":[0,0],"22":[0,0],"23":[0,0],"24":[0,0],"25":[0,0],"26":[0,0],"27":[0,0],"28":[0,0],"29":[0,1],"30":[0,1],"31":[1,0],"32":[0,0],"33":[0,0],"34":[0,0],"35":[0,0],"36":[0,0],"37":[0,0],"38":[0,0],"39":[0,0],"40":[0,0],"41":[0,0],"42":[0,0,0],"43":[0,0],"44":[0,0],"45":[0,0],"46":[0,0],"47":[0,0],"48":[0,0],"49":[0,0]},"_coverageSchema":"1a1c01bbd47fc00a2c39e90264f33305004495a9","hash":"9f7ac3ff3d506cce251951f35be454a90462080b"}
}
