{"/Users/spencerzaugg/Developer/School/Web/CS 260/startup/service/characters.js": {"path":"/Users/spencerzaugg/Developer/School/Web/CS 260/startup/service/characters.js","statementMap":{"0":{"start":{"line":1,"column":16},"end":{"line":1,"column":34}},"1":{"start":{"line":2,"column":57},"end":{"line":2,"column":80}},"2":{"start":{"line":3,"column":18},"end":{"line":3,"column":32}},"3":{"start":{"line":5,"column":24},"end":{"line":5,"column":40}},"4":{"start":{"line":7,"column":17},"end":{"line":7,"column":19}},"5":{"start":{"line":10,"column":21},"end":{"line":10,"column":23}},"6":{"start":{"line":13,"column":4},"end":{"line":15,"column":5}},"7":{"start":{"line":14,"column":8},"end":{"line":14,"column":74}},"8":{"start":{"line":14,"column":46},"end":{"line":14,"column":72}},"9":{"start":{"line":16,"column":4},"end":{"line":16,"column":16}},"10":{"start":{"line":21,"column":4},"end":{"line":37,"column":5}},"11":{"start":{"line":22,"column":31},"end":{"line":22,"column":41}},"12":{"start":{"line":23,"column":8},"end":{"line":32,"column":9}},"13":{"start":{"line":24,"column":12},"end":{"line":31,"column":13}},"14":{"start":{"line":25,"column":16},"end":{"line":26,"column":137}},"15":{"start":{"line":26,"column":20},"end":{"line":26,"column":135}},"16":{"start":{"line":26,"column":80},"end":{"line":26,"column":100}},"17":{"start":{"line":29,"column":16},"end":{"line":30,"column":111}},"18":{"start":{"line":30,"column":20},"end":{"line":30,"column":109}},"19":{"start":{"line":33,"column":8},"end":{"line":33,"column":32}},"20":{"start":{"line":36,"column":8},"end":{"line":36,"column":26}},"21":{"start":{"line":39,"column":0},"end":{"line":47,"column":2}},"22":{"start":{"line":40,"column":20},"end":{"line":45,"column":6}},"23":{"start":{"line":41,"column":8},"end":{"line":44,"column":9}},"24":{"start":{"line":46,"column":4},"end":{"line":46,"column":21}},"25":{"start":{"line":49,"column":0},"end":{"line":59,"column":2}},"26":{"start":{"line":50,"column":31},"end":{"line":50,"column":61}},"27":{"start":{"line":51,"column":20},"end":{"line":57,"column":6}},"28":{"start":{"line":52,"column":8},"end":{"line":56,"column":9}},"29":{"start":{"line":58,"column":4},"end":{"line":58,"column":21}},"30":{"start":{"line":63,"column":0},"end":{"line":91,"column":3}},"31":{"start":{"line":64,"column":19},"end":{"line":64,"column":29}},"32":{"start":{"line":65,"column":20},"end":{"line":65,"column":35}},"33":{"start":{"line":66,"column":21},"end":{"line":66,"column":36}},"34":{"start":{"line":67,"column":4},"end":{"line":90,"column":5}},"35":{"start":{"line":68,"column":31},"end":{"line":68,"column":59}},"36":{"start":{"line":69,"column":8},"end":{"line":69,"column":34}},"37":{"start":{"line":72,"column":8},"end":{"line":89,"column":9}},"38":{"start":{"line":73,"column":12},"end":{"line":73,"column":37}},"39":{"start":{"line":76,"column":30},"end":{"line":76,"column":58}},"40":{"start":{"line":77,"column":12},"end":{"line":88,"column":13}},"41":{"start":{"line":78,"column":16},"end":{"line":84,"column":17}},"42":{"start":{"line":79,"column":37},"end":{"line":79,"column":64}},"43":{"start":{"line":80,"column":20},"end":{"line":80,"column":40}},"44":{"start":{"line":83,"column":20},"end":{"line":83,"column":40}},"45":{"start":{"line":87,"column":16},"end":{"line":87,"column":71}},"46":{"start":{"line":93,"column":0},"end":{"line":109,"column":3}},"47":{"start":{"line":95,"column":32},"end":{"line":95,"column":40}},"48":{"start":{"line":96,"column":19},"end":{"line":96,"column":31}},"49":{"start":{"line":97,"column":4},"end":{"line":99,"column":5}},"50":{"start":{"line":98,"column":8},"end":{"line":98,"column":76}},"51":{"start":{"line":100,"column":15},"end":{"line":100,"column":46}},"52":{"start":{"line":101,"column":4},"end":{"line":108,"column":5}},"53":{"start":{"line":102,"column":8},"end":{"line":102,"column":96}},"54":{"start":{"line":104,"column":26},"end":{"line":104,"column":69}},"55":{"start":{"line":105,"column":8},"end":{"line":107,"column":9}},"56":{"start":{"line":106,"column":12},"end":{"line":106,"column":38}},"57":{"start":{"line":113,"column":0},"end":{"line":142,"column":3}},"58":{"start":{"line":114,"column":19},"end":{"line":114,"column":29}},"59":{"start":{"line":115,"column":22},"end":{"line":115,"column":34}},"60":{"start":{"line":116,"column":23},"end":{"line":116,"column":31}},"61":{"start":{"line":117,"column":4},"end":{"line":122,"column":5}},"62":{"start":{"line":118,"column":8},"end":{"line":118,"column":72}},"63":{"start":{"line":120,"column":9},"end":{"line":122,"column":5}},"64":{"start":{"line":121,"column":8},"end":{"line":121,"column":98}},"65":{"start":{"line":123,"column":22},"end":{"line":123,"column":50}},"66":{"start":{"line":124,"column":4},"end":{"line":141,"column":5}},"67":{"start":{"line":125,"column":8},"end":{"line":127,"column":9}},"68":{"start":{"line":126,"column":12},"end":{"line":126,"column":76}},"69":{"start":{"line":128,"column":8},"end":{"line":137,"column":9}},"70":{"start":{"line":129,"column":31},"end":{"line":129,"column":39}},"71":{"start":{"line":130,"column":28},"end":{"line":130,"column":65}},"72":{"start":{"line":131,"column":12},"end":{"line":133,"column":13}},"73":{"start":{"line":132,"column":16},"end":{"line":132,"column":57}},"74":{"start":{"line":134,"column":12},"end":{"line":134,"column":37}},"75":{"start":{"line":140,"column":8},"end":{"line":140,"column":65}},"76":{"start":{"line":148,"column":25},"end":{"line":148,"column":39}},"77":{"start":{"line":154,"column":8},"end":{"line":154,"column":21}},"78":{"start":{"line":156,"column":20},"end":{"line":156,"column":39}},"79":{"start":{"line":157,"column":4},"end":{"line":157,"column":26}},"80":{"start":{"line":158,"column":22},"end":{"line":190,"column":5}},"81":{"start":{"line":191,"column":4},"end":{"line":191,"column":30}},"82":{"start":{"line":192,"column":4},"end":{"line":192,"column":20}},"83":{"start":{"line":195,"column":89},"end":{"line":195,"column":99}},"84":{"start":{"line":196,"column":22},"end":{"line":196,"column":50}},"85":{"start":{"line":197,"column":4},"end":{"line":199,"column":5}},"86":{"start":{"line":198,"column":8},"end":{"line":198,"column":30}},"87":{"start":{"line":200,"column":21},"end":{"line":200,"column":48}},"88":{"start":{"line":201,"column":4},"end":{"line":203,"column":5}},"89":{"start":{"line":202,"column":8},"end":{"line":202,"column":36}},"90":{"start":{"line":204,"column":22},"end":{"line":204,"column":57}},"91":{"start":{"line":205,"column":4},"end":{"line":207,"column":5}},"92":{"start":{"line":206,"column":8},"end":{"line":206,"column":38}},"93":{"start":{"line":208,"column":25},"end":{"line":208,"column":65}},"94":{"start":{"line":209,"column":4},"end":{"line":209,"column":46}},"95":{"start":{"line":210,"column":4},"end":{"line":212,"column":5}},"96":{"start":{"line":211,"column":8},"end":{"line":211,"column":44}},"97":{"start":{"line":213,"column":4},"end":{"line":213,"column":45}},"98":{"start":{"line":216,"column":18},"end":{"line":216,"column":72}},"99":{"start":{"line":216,"column":47},"end":{"line":216,"column":71}},"100":{"start":{"line":217,"column":4},"end":{"line":223,"column":5}},"101":{"start":{"line":218,"column":8},"end":{"line":218,"column":38}},"102":{"start":{"line":219,"column":8},"end":{"line":219,"column":24}},"103":{"start":{"line":222,"column":8},"end":{"line":222,"column":49}},"104":{"start":{"line":227,"column":4},"end":{"line":238,"column":5}},"105":{"start":{"line":228,"column":8},"end":{"line":232,"column":10}},"106":{"start":{"line":229,"column":12},"end":{"line":231,"column":13}},"107":{"start":{"line":230,"column":16},"end":{"line":230,"column":42}},"108":{"start":{"line":235,"column":8},"end":{"line":237,"column":9}},"109":{"start":{"line":236,"column":12},"end":{"line":236,"column":37}},"110":{"start":{"line":239,"column":4},"end":{"line":239,"column":17}},"111":{"start":{"line":243,"column":28},"end":{"line":243,"column":115}},"112":{"start":{"line":244,"column":4},"end":{"line":246,"column":5}},"113":{"start":{"line":245,"column":8},"end":{"line":245,"column":82}},"114":{"start":{"line":247,"column":4},"end":{"line":249,"column":5}},"115":{"start":{"line":248,"column":8},"end":{"line":248,"column":69}},"116":{"start":{"line":250,"column":26},"end":{"line":250,"column":41}},"117":{"start":{"line":254,"column":4},"end":{"line":271,"column":5}},"118":{"start":{"line":255,"column":34},"end":{"line":255,"column":62}},"119":{"start":{"line":256,"column":8},"end":{"line":258,"column":9}},"120":{"start":{"line":257,"column":12},"end":{"line":257,"column":37}},"121":{"start":{"line":261,"column":9},"end":{"line":271,"column":5}},"122":{"start":{"line":262,"column":35},"end":{"line":262,"column":81}},"123":{"start":{"line":262,"column":67},"end":{"line":262,"column":80}},"124":{"start":{"line":263,"column":8},"end":{"line":270,"column":9}},"125":{"start":{"line":264,"column":12},"end":{"line":269,"column":13}},"126":{"start":{"line":265,"column":16},"end":{"line":265,"column":35}},"127":{"start":{"line":268,"column":16},"end":{"line":268,"column":60}},"128":{"start":{"line":272,"column":4},"end":{"line":272,"column":36}},"129":{"start":{"line":273,"column":4},"end":{"line":273,"column":58}},"130":{"start":{"line":277,"column":0},"end":{"line":292,"column":3}},"131":{"start":{"line":278,"column":25},"end":{"line":278,"column":35}},"132":{"start":{"line":279,"column":29},"end":{"line":279,"column":37}},"133":{"start":{"line":280,"column":22},"end":{"line":280,"column":50}},"134":{"start":{"line":281,"column":4},"end":{"line":283,"column":5}},"135":{"start":{"line":282,"column":8},"end":{"line":282,"column":71}},"136":{"start":{"line":285,"column":19},"end":{"line":285,"column":71}},"137":{"start":{"line":287,"column":4},"end":{"line":291,"column":5}},"138":{"start":{"line":288,"column":8},"end":{"line":288,"column":44}},"139":{"start":{"line":290,"column":8},"end":{"line":290,"column":32}},"140":{"start":{"line":296,"column":0},"end":{"line":296,"column":51}}},"fnMap":{"0":{"name":"getCharacter","decl":{"start":{"line":12,"column":15},"end":{"line":12,"column":27}},"loc":{"start":{"line":12,"column":41},"end":{"line":17,"column":1}},"line":12},"1":{"name":"(anonymous_1)","decl":{"start":{"line":14,"column":31},"end":{"line":14,"column":32}},"loc":{"start":{"line":14,"column":46},"end":{"line":14,"column":72}},"line":14},"2":{"name":"getCharacters","decl":{"start":{"line":20,"column":15},"end":{"line":20,"column":28}},"loc":{"start":{"line":20,"column":37},"end":{"line":38,"column":1}},"line":20},"3":{"name":"(anonymous_3)","decl":{"start":{"line":25,"column":60},"end":{"line":25,"column":61}},"loc":{"start":{"line":26,"column":20},"end":{"line":26,"column":135}},"line":26},"4":{"name":"(anonymous_4)","decl":{"start":{"line":26,"column":72},"end":{"line":26,"column":73}},"loc":{"start":{"line":26,"column":80},"end":{"line":26,"column":100}},"line":26},"5":{"name":"(anonymous_5)","decl":{"start":{"line":29,"column":60},"end":{"line":29,"column":61}},"loc":{"start":{"line":30,"column":20},"end":{"line":30,"column":109}},"line":30},"6":{"name":"(anonymous_6)","decl":{"start":{"line":39,"column":49},"end":{"line":39,"column":50}},"loc":{"start":{"line":39,"column":70},"end":{"line":47,"column":1}},"line":39},"7":{"name":"(anonymous_7)","decl":{"start":{"line":40,"column":39},"end":{"line":40,"column":40}},"loc":{"start":{"line":40,"column":49},"end":{"line":45,"column":5}},"line":40},"8":{"name":"(anonymous_8)","decl":{"start":{"line":49,"column":43},"end":{"line":49,"column":44}},"loc":{"start":{"line":49,"column":63},"end":{"line":59,"column":1}},"line":49},"9":{"name":"(anonymous_9)","decl":{"start":{"line":51,"column":43},"end":{"line":51,"column":44}},"loc":{"start":{"line":51,"column":58},"end":{"line":57,"column":5}},"line":51},"10":{"name":"(anonymous_10)","decl":{"start":{"line":63,"column":40},"end":{"line":63,"column":41}},"loc":{"start":{"line":63,"column":60},"end":{"line":91,"column":1}},"line":63},"11":{"name":"(anonymous_11)","decl":{"start":{"line":93,"column":49},"end":{"line":93,"column":50}},"loc":{"start":{"line":93,"column":68},"end":{"line":109,"column":1}},"line":93},"12":{"name":"(anonymous_12)","decl":{"start":{"line":113,"column":51},"end":{"line":113,"column":52}},"loc":{"start":{"line":113,"column":71},"end":{"line":142,"column":1}},"line":113},"13":{"name":"createCharacter","decl":{"start":{"line":147,"column":15},"end":{"line":147,"column":30}},"loc":{"start":{"line":147,"column":57},"end":{"line":193,"column":1}},"line":147},"14":{"name":"updateCharacter","decl":{"start":{"line":194,"column":15},"end":{"line":194,"column":30}},"loc":{"start":{"line":194,"column":46},"end":{"line":214,"column":1}},"line":194},"15":{"name":"characterUpdate","decl":{"start":{"line":215,"column":15},"end":{"line":215,"column":30}},"loc":{"start":{"line":215,"column":41},"end":{"line":224,"column":1}},"line":215},"16":{"name":"(anonymous_16)","decl":{"start":{"line":216,"column":39},"end":{"line":216,"column":40}},"loc":{"start":{"line":216,"column":47},"end":{"line":216,"column":71}},"line":216},"17":{"name":"addTypes","decl":{"start":{"line":226,"column":15},"end":{"line":226,"column":23}},"loc":{"start":{"line":226,"column":29},"end":{"line":240,"column":1}},"line":226},"18":{"name":"(anonymous_18)","decl":{"start":{"line":228,"column":21},"end":{"line":228,"column":22}},"loc":{"start":{"line":228,"column":31},"end":{"line":232,"column":9}},"line":228},"19":{"name":"modifyCharacter","decl":{"start":{"line":242,"column":15},"end":{"line":242,"column":30}},"loc":{"start":{"line":242,"column":62},"end":{"line":274,"column":1}},"line":242},"20":{"name":"(anonymous_20)","decl":{"start":{"line":262,"column":59},"end":{"line":262,"column":60}},"loc":{"start":{"line":262,"column":67},"end":{"line":262,"column":80}},"line":262},"21":{"name":"(anonymous_21)","decl":{"start":{"line":277,"column":59},"end":{"line":277,"column":60}},"loc":{"start":{"line":277,"column":79},"end":{"line":292,"column":1}},"line":277}},"branchMap":{"0":{"loc":{"start":{"line":13,"column":4},"end":{"line":15,"column":5}},"type":"if","locations":[{"start":{"line":13,"column":4},"end":{"line":15,"column":5}},{"start":{},"end":{}}],"line":13},"1":{"loc":{"start":{"line":21,"column":4},"end":{"line":37,"column":5}},"type":"if","locations":[{"start":{"line":21,"column":4},"end":{"line":37,"column":5}},{"start":{"line":35,"column":8},"end":{"line":37,"column":5}}],"line":21},"2":{"loc":{"start":{"line":24,"column":12},"end":{"line":31,"column":13}},"type":"if","locations":[{"start":{"line":24,"column":12},"end":{"line":31,"column":13}},{"start":{"line":28,"column":16},"end":{"line":31,"column":13}}],"line":24},"3":{"loc":{"start":{"line":26,"column":20},"end":{"line":26,"column":135}},"type":"cond-expr","locations":[{"start":{"line":26,"column":52},"end":{"line":26,"column":101}},{"start":{"line":26,"column":104},"end":{"line":26,"column":135}}],"line":26},"4":{"loc":{"start":{"line":30,"column":20},"end":{"line":30,"column":109}},"type":"cond-expr","locations":[{"start":{"line":30,"column":52},"end":{"line":30,"column":82}},{"start":{"line":30,"column":85},"end":{"line":30,"column":109}}],"line":30},"5":{"loc":{"start":{"line":55,"column":23},"end":{"line":55,"column":44}},"type":"binary-expr","locations":[{"start":{"line":55,"column":23},"end":{"line":55,"column":38}},{"start":{"line":55,"column":42},"end":{"line":55,"column":44}}],"line":55},"6":{"loc":{"start":{"line":65,"column":20},"end":{"line":65,"column":35}},"type":"binary-expr","locations":[{"start":{"line":65,"column":20},"end":{"line":65,"column":29}},{"start":{"line":65,"column":33},"end":{"line":65,"column":35}}],"line":65},"7":{"loc":{"start":{"line":66,"column":21},"end":{"line":66,"column":36}},"type":"binary-expr","locations":[{"start":{"line":66,"column":21},"end":{"line":66,"column":30}},{"start":{"line":66,"column":34},"end":{"line":66,"column":36}}],"line":66},"8":{"loc":{"start":{"line":67,"column":4},"end":{"line":90,"column":5}},"type":"if","locations":[{"start":{"line":67,"column":4},"end":{"line":90,"column":5}},{"start":{"line":71,"column":8},"end":{"line":90,"column":5}}],"line":67},"9":{"loc":{"start":{"line":67,"column":7},"end":{"line":67,"column":52}},"type":"binary-expr","locations":[{"start":{"line":67,"column":7},"end":{"line":67,"column":10}},{"start":{"line":67,"column":14},"end":{"line":67,"column":32}},{"start":{"line":67,"column":36},"end":{"line":67,"column":52}}],"line":67},"10":{"loc":{"start":{"line":72,"column":8},"end":{"line":89,"column":9}},"type":"if","locations":[{"start":{"line":72,"column":8},"end":{"line":89,"column":9}},{"start":{"line":75,"column":12},"end":{"line":89,"column":9}}],"line":72},"11":{"loc":{"start":{"line":77,"column":12},"end":{"line":88,"column":13}},"type":"if","locations":[{"start":{"line":77,"column":12},"end":{"line":88,"column":13}},{"start":{"line":86,"column":16},"end":{"line":88,"column":13}}],"line":77},"12":{"loc":{"start":{"line":78,"column":16},"end":{"line":84,"column":17}},"type":"if","locations":[{"start":{"line":78,"column":16},"end":{"line":84,"column":17}},{"start":{"line":82,"column":20},"end":{"line":84,"column":17}}],"line":78},"13":{"loc":{"start":{"line":97,"column":4},"end":{"line":99,"column":5}},"type":"if","locations":[{"start":{"line":97,"column":4},"end":{"line":99,"column":5}},{"start":{},"end":{}}],"line":97},"14":{"loc":{"start":{"line":97,"column":7},"end":{"line":97,"column":39}},"type":"binary-expr","locations":[{"start":{"line":97,"column":7},"end":{"line":97,"column":12}},{"start":{"line":97,"column":16},"end":{"line":97,"column":23}},{"start":{"line":97,"column":27},"end":{"line":97,"column":39}}],"line":97},"15":{"loc":{"start":{"line":101,"column":4},"end":{"line":108,"column":5}},"type":"if","locations":[{"start":{"line":101,"column":4},"end":{"line":108,"column":5}},{"start":{"line":103,"column":9},"end":{"line":108,"column":5}}],"line":101},"16":{"loc":{"start":{"line":105,"column":8},"end":{"line":107,"column":9}},"type":"if","locations":[{"start":{"line":105,"column":8},"end":{"line":107,"column":9}},{"start":{},"end":{}}],"line":105},"17":{"loc":{"start":{"line":117,"column":4},"end":{"line":122,"column":5}},"type":"if","locations":[{"start":{"line":117,"column":4},"end":{"line":122,"column":5}},{"start":{"line":120,"column":9},"end":{"line":122,"column":5}}],"line":117},"18":{"loc":{"start":{"line":120,"column":9},"end":{"line":122,"column":5}},"type":"if","locations":[{"start":{"line":120,"column":9},"end":{"line":122,"column":5}},{"start":{},"end":{}}],"line":120},"19":{"loc":{"start":{"line":120,"column":12},"end":{"line":120,"column":50}},"type":"binary-expr","locations":[{"start":{"line":120,"column":12},"end":{"line":120,"column":26}},{"start":{"line":120,"column":30},"end":{"line":120,"column":50}}],"line":120},"20":{"loc":{"start":{"line":124,"column":4},"end":{"line":141,"column":5}},"type":"if","locations":[{"start":{"line":124,"column":4},"end":{"line":141,"column":5}},{"start":{"line":139,"column":8},"end":{"line":141,"column":5}}],"line":124},"21":{"loc":{"start":{"line":125,"column":8},"end":{"line":127,"column":9}},"type":"if","locations":[{"start":{"line":125,"column":8},"end":{"line":127,"column":9}},{"start":{},"end":{}}],"line":125},"22":{"loc":{"start":{"line":125,"column":11},"end":{"line":125,"column":82}},"type":"binary-expr","locations":[{"start":{"line":125,"column":11},"end":{"line":125,"column":40}},{"start":{"line":125,"column":44},"end":{"line":125,"column":82}}],"line":125},"23":{"loc":{"start":{"line":128,"column":8},"end":{"line":137,"column":9}},"type":"if","locations":[{"start":{"line":128,"column":8},"end":{"line":137,"column":9}},{"start":{"line":136,"column":12},"end":{"line":137,"column":9}}],"line":128},"24":{"loc":{"start":{"line":131,"column":12},"end":{"line":133,"column":13}},"type":"if","locations":[{"start":{"line":131,"column":12},"end":{"line":133,"column":13}},{"start":{},"end":{}}],"line":131},"25":{"loc":{"start":{"line":151,"column":8},"end":{"line":151,"column":24}},"type":"default-arg","locations":[{"start":{"line":151,"column":22},"end":{"line":151,"column":24}}],"line":151},"26":{"loc":{"start":{"line":151,"column":26},"end":{"line":151,"column":45}},"type":"default-arg","locations":[{"start":{"line":151,"column":43},"end":{"line":151,"column":45}}],"line":151},"27":{"loc":{"start":{"line":151,"column":53},"end":{"line":151,"column":66}},"type":"default-arg","locations":[{"start":{"line":151,"column":64},"end":{"line":151,"column":66}}],"line":151},"28":{"loc":{"start":{"line":172,"column":25},"end":{"line":172,"column":39}},"type":"binary-expr","locations":[{"start":{"line":172,"column":25},"end":{"line":172,"column":33}},{"start":{"line":172,"column":37},"end":{"line":172,"column":39}}],"line":172},"29":{"loc":{"start":{"line":183,"column":36},"end":{"line":183,"column":56}},"type":"binary-expr","locations":[{"start":{"line":183,"column":36},"end":{"line":183,"column":50}},{"start":{"line":183,"column":54},"end":{"line":183,"column":56}}],"line":183},"30":{"loc":{"start":{"line":184,"column":32},"end":{"line":184,"column":49}},"type":"binary-expr","locations":[{"start":{"line":184,"column":32},"end":{"line":184,"column":43}},{"start":{"line":184,"column":47},"end":{"line":184,"column":49}}],"line":184},"31":{"loc":{"start":{"line":197,"column":4},"end":{"line":199,"column":5}},"type":"if","locations":[{"start":{"line":197,"column":4},"end":{"line":199,"column":5}},{"start":{},"end":{}}],"line":197},"32":{"loc":{"start":{"line":200,"column":32},"end":{"line":200,"column":46}},"type":"binary-expr","locations":[{"start":{"line":200,"column":32},"end":{"line":200,"column":40}},{"start":{"line":200,"column":44},"end":{"line":200,"column":46}}],"line":200},"33":{"loc":{"start":{"line":201,"column":4},"end":{"line":203,"column":5}},"type":"if","locations":[{"start":{"line":201,"column":4},"end":{"line":203,"column":5}},{"start":{},"end":{}}],"line":201},"34":{"loc":{"start":{"line":204,"column":38},"end":{"line":204,"column":55}},"type":"binary-expr","locations":[{"start":{"line":204,"column":38},"end":{"line":204,"column":49}},{"start":{"line":204,"column":53},"end":{"line":204,"column":55}}],"line":204},"35":{"loc":{"start":{"line":205,"column":4},"end":{"line":207,"column":5}},"type":"if","locations":[{"start":{"line":205,"column":4},"end":{"line":207,"column":5}},{"start":{},"end":{}}],"line":205},"36":{"loc":{"start":{"line":208,"column":43},"end":{"line":208,"column":63}},"type":"binary-expr","locations":[{"start":{"line":208,"column":43},"end":{"line":208,"column":57}},{"start":{"line":208,"column":61},"end":{"line":208,"column":63}}],"line":208},"37":{"loc":{"start":{"line":210,"column":4},"end":{"line":212,"column":5}},"type":"if","locations":[{"start":{"line":210,"column":4},"end":{"line":212,"column":5}},{"start":{},"end":{}}],"line":210},"38":{"loc":{"start":{"line":217,"column":4},"end":{"line":223,"column":5}},"type":"if","locations":[{"start":{"line":217,"column":4},"end":{"line":223,"column":5}},{"start":{"line":221,"column":9},"end":{"line":223,"column":5}}],"line":217},"39":{"loc":{"start":{"line":227,"column":4},"end":{"line":238,"column":5}},"type":"if","locations":[{"start":{"line":227,"column":4},"end":{"line":238,"column":5}},{"start":{"line":234,"column":8},"end":{"line":238,"column":5}}],"line":227},"40":{"loc":{"start":{"line":229,"column":12},"end":{"line":231,"column":13}},"type":"if","locations":[{"start":{"line":229,"column":12},"end":{"line":231,"column":13}},{"start":{},"end":{}}],"line":229},"41":{"loc":{"start":{"line":235,"column":8},"end":{"line":237,"column":9}},"type":"if","locations":[{"start":{"line":235,"column":8},"end":{"line":237,"column":9}},{"start":{},"end":{}}],"line":235},"42":{"loc":{"start":{"line":244,"column":4},"end":{"line":246,"column":5}},"type":"if","locations":[{"start":{"line":244,"column":4},"end":{"line":246,"column":5}},{"start":{},"end":{}}],"line":244},"43":{"loc":{"start":{"line":247,"column":4},"end":{"line":249,"column":5}},"type":"if","locations":[{"start":{"line":247,"column":4},"end":{"line":249,"column":5}},{"start":{},"end":{}}],"line":247},"44":{"loc":{"start":{"line":247,"column":8},"end":{"line":247,"column":59}},"type":"binary-expr","locations":[{"start":{"line":247,"column":8},"end":{"line":247,"column":24}},{"start":{"line":247,"column":28},"end":{"line":247,"column":59}}],"line":247},"45":{"loc":{"start":{"line":254,"column":4},"end":{"line":271,"column":5}},"type":"if","locations":[{"start":{"line":254,"column":4},"end":{"line":271,"column":5}},{"start":{"line":261,"column":9},"end":{"line":271,"column":5}}],"line":254},"46":{"loc":{"start":{"line":254,"column":8},"end":{"line":254,"column":44}},"type":"binary-expr","locations":[{"start":{"line":254,"column":8},"end":{"line":254,"column":24}},{"start":{"line":254,"column":28},"end":{"line":254,"column":44}}],"line":254},"47":{"loc":{"start":{"line":256,"column":8},"end":{"line":258,"column":9}},"type":"if","locations":[{"start":{"line":256,"column":8},"end":{"line":258,"column":9}},{"start":{},"end":{}}],"line":256},"48":{"loc":{"start":{"line":261,"column":9},"end":{"line":271,"column":5}},"type":"if","locations":[{"start":{"line":261,"column":9},"end":{"line":271,"column":5}},{"start":{},"end":{}}],"line":261},"49":{"loc":{"start":{"line":263,"column":8},"end":{"line":270,"column":9}},"type":"if","locations":[{"start":{"line":263,"column":8},"end":{"line":270,"column":9}},{"start":{},"end":{}}],"line":263},"50":{"loc":{"start":{"line":264,"column":12},"end":{"line":269,"column":13}},"type":"if","locations":[{"start":{"line":264,"column":12},"end":{"line":269,"column":13}},{"start":{"line":267,"column":16},"end":{"line":269,"column":13}}],"line":264},"51":{"loc":{"start":{"line":281,"column":4},"end":{"line":283,"column":5}},"type":"if","locations":[{"start":{"line":281,"column":4},"end":{"line":283,"column":5}},{"start":{},"end":{}}],"line":281},"52":{"loc":{"start":{"line":287,"column":4},"end":{"line":291,"column":5}},"type":"if","locations":[{"start":{"line":287,"column":4},"end":{"line":291,"column":5}},{"start":{"line":289,"column":11},"end":{"line":291,"column":5}}],"line":287}},"s":{"0":1,"1":1,"2":1,"3":1,"4":1,"5":1,"6":57,"7":57,"8":628,"9":0,"10":4,"11":4,"12":4,"13":4,"14":2,"15":2,"16":2,"17":2,"18":18,"19":4,"20":0,"21":1,"22":1,"23":2,"24":1,"25":1,"26":2,"27":2,"28":10,"29":2,"30":1,"31":7,"32":7,"33":7,"34":7,"35":2,"36":2,"37":5,"38":1,"39":4,"40":4,"41":3,"42":2,"43":2,"44":1,"45":1,"46":1,"47":18,"48":18,"49":18,"50":1,"51":17,"52":17,"53":1,"54":16,"55":16,"56":16,"57":1,"58":4,"59":4,"60":4,"61":4,"62":0,"63":4,"64":2,"65":2,"66":2,"67":2,"68":1,"69":2,"70":1,"71":1,"72":1,"73":0,"74":1,"75":0,"76":16,"77":16,"78":16,"79":16,"80":16,"81":16,"82":16,"83":11,"84":11,"85":11,"86":11,"87":11,"88":11,"89":11,"90":11,"91":11,"92":3,"93":11,"94":11,"95":11,"96":3,"97":11,"98":11,"99":138,"100":11,"101":11,"102":11,"103":0,"104":27,"105":27,"106":27,"107":2,"108":0,"109":0,"110":27,"111":22,"112":22,"113":7,"114":15,"115":5,"116":10,"117":10,"118":5,"119":5,"120":5,"121":5,"122":5,"123":5,"124":5,"125":5,"126":5,"127":0,"128":10,"129":10,"130":1,"131":23,"132":23,"133":23,"134":23,"135":1,"136":22,"137":22,"138":12,"139":10,"140":1},"f":{"0":57,"1":628,"2":4,"3":2,"4":2,"5":18,"6":1,"7":2,"8":2,"9":10,"10":7,"11":18,"12":4,"13":16,"14":11,"15":11,"16":138,"17":27,"18":27,"19":22,"20":5,"21":23},"b":{"0":[57,0],"1":[4,0],"2":[2,2],"3":[2,0],"4":[0,18],"5":[10,0],"6":[7,0],"7":[7,0],"8":[2,5],"9":[7,5,5],"10":[1,4],"11":[3,1],"12":[2,1],"13":[1,17],"14":[18,18,18],"15":[1,16],"16":[16,0],"17":[0,4],"18":[2,2],"19":[4,3],"20":[2,0],"21":[1,1],"22":[2,1],"23":[1,1],"24":[0,1],"25":[0],"26":[0],"27":[0],"28":[16,0],"29":[16,0],"30":[16,0],"31":[11,0],"32":[11,0],"33":[11,0],"34":[11,0],"35":[3,8],"36":[11,0],"37":[3,8],"38":[11,0],"39":[27,0],"40":[2,25],"41":[0,0],"42":[7,15],"43":[5,10],"44":[15,14],"45":[5,5],"46":[10,5],"47":[5,0],"48":[5,0],"49":[5,0],"50":[5,0],"51":[1,22],"52":[12,10]},"_coverageSchema":"1a1c01bbd47fc00a2c39e90264f33305004495a9","hash":"c18f36d6632d506a44f9036a04d60c243f462599"}
,"/Users/spencerzaugg/Developer/School/Web/CS 260/startup/service/database.js": {"path":"/Users/spencerzaugg/Developer/School/Web/CS 260/startup/service/database.js","statementMap":{"0":{"start":{"line":1,"column":24},"end":{"line":1,"column":42}},"1":{"start":{"line":2,"column":15},"end":{"line":2,"column":41}},"2":{"start":{"line":4,"column":12},"end":{"line":4,"column":84}},"3":{"start":{"line":5,"column":15},"end":{"line":5,"column":35}},"4":{"start":{"line":6,"column":11},"end":{"line":6,"column":33}},"5":{"start":{"line":9,"column":23},"end":{"line":9,"column":44}},"6":{"start":{"line":10,"column":25},"end":{"line":10,"column":48}},"7":{"start":{"line":11,"column":24},"end":{"line":11,"column":46}},"8":{"start":{"line":12,"column":29},"end":{"line":12,"column":56}},"9":{"start":{"line":13,"column":27},"end":{"line":13,"column":52}},"10":{"start":{"line":14,"column":32},"end":{"line":14,"column":62}},"11":{"start":{"line":15,"column":29},"end":{"line":15,"column":56}},"12":{"start":{"line":16,"column":33},"end":{"line":16,"column":64}},"13":{"start":{"line":17,"column":24},"end":{"line":17,"column":46}},"14":{"start":{"line":18,"column":28},"end":{"line":18,"column":54}},"15":{"start":{"line":19,"column":32},"end":{"line":19,"column":62}},"16":{"start":{"line":20,"column":36},"end":{"line":20,"column":74}},"17":{"start":{"line":21,"column":31},"end":{"line":21,"column":60}},"18":{"start":{"line":22,"column":29},"end":{"line":22,"column":56}},"19":{"start":{"line":23,"column":28},"end":{"line":23,"column":54}},"20":{"start":{"line":24,"column":31},"end":{"line":24,"column":60}},"21":{"start":{"line":25,"column":25},"end":{"line":25,"column":48}},"22":{"start":{"line":26,"column":32},"end":{"line":26,"column":62}},"23":{"start":{"line":27,"column":33},"end":{"line":27,"column":64}},"24":{"start":{"line":28,"column":26},"end":{"line":28,"column":50}},"25":{"start":{"line":29,"column":25},"end":{"line":29,"column":48}},"26":{"start":{"line":30,"column":34},"end":{"line":30,"column":66}},"27":{"start":{"line":31,"column":26},"end":{"line":31,"column":50}},"28":{"start":{"line":34,"column":4},"end":{"line":34,"column":61}},"29":{"start":{"line":37,"column":4},"end":{"line":37,"column":48}},"30":{"start":{"line":41,"column":4},"end":{"line":41,"column":47}},"31":{"start":{"line":45,"column":4},"end":{"line":45,"column":82}},"32":{"start":{"line":49,"column":4},"end":{"line":49,"column":80}},"33":{"start":{"line":53,"column":0},"end":{"line":59,"column":1}}},"fnMap":{"0":{"name":"getUser","decl":{"start":{"line":33,"column":15},"end":{"line":33,"column":22}},"loc":{"start":{"line":33,"column":32},"end":{"line":35,"column":1}},"line":33},"1":{"name":"getUserByToken","decl":{"start":{"line":36,"column":9},"end":{"line":36,"column":23}},"loc":{"start":{"line":36,"column":30},"end":{"line":38,"column":1}},"line":36},"2":{"name":"addUser","decl":{"start":{"line":40,"column":15},"end":{"line":40,"column":22}},"loc":{"start":{"line":40,"column":28},"end":{"line":42,"column":1}},"line":40},"3":{"name":"updateUser","decl":{"start":{"line":44,"column":15},"end":{"line":44,"column":25}},"loc":{"start":{"line":44,"column":31},"end":{"line":46,"column":1}},"line":44},"4":{"name":"listUserDisplay","decl":{"start":{"line":48,"column":15},"end":{"line":48,"column":30}},"loc":{"start":{"line":48,"column":32},"end":{"line":50,"column":1}},"line":48}},"branchMap":{},"s":{"0":5,"1":5,"2":5,"3":5,"4":5,"5":5,"6":5,"7":5,"8":5,"9":5,"10":5,"11":5,"12":5,"13":5,"14":5,"15":5,"16":5,"17":5,"18":5,"19":5,"20":5,"21":5,"22":5,"23":5,"24":5,"25":5,"26":5,"27":5,"28":0,"29":0,"30":0,"31":0,"32":0,"33":5},"f":{"0":0,"1":0,"2":0,"3":0,"4":0},"b":{},"_coverageSchema":"1a1c01bbd47fc00a2c39e90264f33305004495a9","hash":"57ea0757759f067ecda534b27b914e3878ba9c7d"}
,"/Users/spencerzaugg/Developer/School/Web/CS 260/startup/service/service.js": {"path":"/Users/spencerzaugg/Developer/School/Web/CS 260/startup/service/service.js","statementMap":{"0":{"start":{"line":1,"column":21},"end":{"line":1,"column":45}},"1":{"start":{"line":2,"column":15},"end":{"line":2,"column":34}},"2":{"start":{"line":3,"column":13},"end":{"line":3,"column":28}},"3":{"start":{"line":4,"column":16},"end":{"line":4,"column":34}},"4":{"start":{"line":5,"column":12},"end":{"line":5,"column":21}},"5":{"start":{"line":6,"column":23},"end":{"line":6,"column":30}},"6":{"start":{"line":10,"column":48},"end":{"line":10,"column":69}},"7":{"start":{"line":12,"column":0},"end":{"line":12,"column":24}},"8":{"start":{"line":13,"column":0},"end":{"line":13,"column":24}},"9":{"start":{"line":16,"column":25},"end":{"line":16,"column":56}},"10":{"start":{"line":18,"column":17},"end":{"line":24,"column":5}},"11":{"start":{"line":25,"column":4},"end":{"line":30,"column":5}},"12":{"start":{"line":26,"column":8},"end":{"line":26,"column":39}},"13":{"start":{"line":29,"column":8},"end":{"line":29,"column":36}},"14":{"start":{"line":32,"column":4},"end":{"line":32,"column":21}},"15":{"start":{"line":34,"column":4},"end":{"line":34,"column":16}},"16":{"start":{"line":37,"column":0},"end":{"line":37,"column":34}},"17":{"start":{"line":39,"column":16},"end":{"line":39,"column":32}},"18":{"start":{"line":40,"column":0},"end":{"line":40,"column":27}},"19":{"start":{"line":42,"column":12},"end":{"line":42,"column":14}},"20":{"start":{"line":45,"column":4},"end":{"line":47,"column":5}},"21":{"start":{"line":46,"column":8},"end":{"line":46,"column":59}},"22":{"start":{"line":46,"column":36},"end":{"line":46,"column":57}},"23":{"start":{"line":48,"column":4},"end":{"line":48,"column":16}},"24":{"start":{"line":53,"column":19},"end":{"line":63,"column":1}},"25":{"start":{"line":54,"column":18},"end":{"line":54,"column":45}},"26":{"start":{"line":56,"column":17},"end":{"line":56,"column":46}},"27":{"start":{"line":57,"column":4},"end":{"line":62,"column":5}},"28":{"start":{"line":58,"column":8},"end":{"line":58,"column":37}},"29":{"start":{"line":59,"column":6},"end":{"line":59,"column":13}},"30":{"start":{"line":61,"column":6},"end":{"line":61,"column":52}},"31":{"start":{"line":65,"column":18},"end":{"line":65,"column":65}},"32":{"start":{"line":65,"column":35},"end":{"line":65,"column":64}},"33":{"start":{"line":66,"column":4},"end":{"line":66,"column":23}},"34":{"start":{"line":67,"column":4},"end":{"line":67,"column":15}},"35":{"start":{"line":73,"column":4},"end":{"line":77,"column":32}},"36":{"start":{"line":81,"column":4},"end":{"line":81,"column":43}},"37":{"start":{"line":85,"column":20},"end":{"line":85,"column":39}},"38":{"start":{"line":87,"column":19},"end":{"line":87,"column":78}},"39":{"start":{"line":88,"column":4},"end":{"line":88,"column":31}},"40":{"start":{"line":90,"column":4},"end":{"line":90,"column":18}},"41":{"start":{"line":93,"column":0},"end":{"line":106,"column":3}},"42":{"start":{"line":94,"column":24},"end":{"line":94,"column":44}},"43":{"start":{"line":95,"column":4},"end":{"line":97,"column":5}},"44":{"start":{"line":96,"column":8},"end":{"line":96,"column":67}},"45":{"start":{"line":98,"column":19},"end":{"line":98,"column":31}},"46":{"start":{"line":99,"column":19},"end":{"line":99,"column":59}},"47":{"start":{"line":100,"column":4},"end":{"line":105,"column":5}},"48":{"start":{"line":101,"column":8},"end":{"line":101,"column":73}},"49":{"start":{"line":104,"column":8},"end":{"line":104,"column":60}},"50":{"start":{"line":107,"column":20},"end":{"line":107,"column":22}},"51":{"start":{"line":108,"column":21},"end":{"line":108,"column":23}},"52":{"start":{"line":110,"column":20},"end":{"line":110,"column":39}},"53":{"start":{"line":112,"column":19},"end":{"line":112,"column":78}},"54":{"start":{"line":113,"column":4},"end":{"line":113,"column":32}},"55":{"start":{"line":115,"column":4},"end":{"line":115,"column":18}},"56":{"start":{"line":117,"column":0},"end":{"line":125,"column":3}},"57":{"start":{"line":118,"column":24},"end":{"line":118,"column":44}},"58":{"start":{"line":119,"column":4},"end":{"line":121,"column":5}},"59":{"start":{"line":120,"column":8},"end":{"line":120,"column":67}},"60":{"start":{"line":122,"column":19},"end":{"line":122,"column":64}},"61":{"start":{"line":123,"column":4},"end":{"line":123,"column":81}},"62":{"start":{"line":127,"column":0},"end":{"line":129,"column":3}},"63":{"start":{"line":128,"column":4},"end":{"line":128,"column":28}},"64":{"start":{"line":131,"column":0},"end":{"line":133,"column":3}},"65":{"start":{"line":132,"column":4},"end":{"line":132,"column":29}},"66":{"start":{"line":136,"column":0},"end":{"line":155,"column":3}},"67":{"start":{"line":137,"column":4},"end":{"line":154,"column":5}},"68":{"start":{"line":138,"column":8},"end":{"line":138,"column":84}},"69":{"start":{"line":140,"column":9},"end":{"line":154,"column":5}},"70":{"start":{"line":141,"column":8},"end":{"line":141,"column":79}},"71":{"start":{"line":143,"column":9},"end":{"line":154,"column":5}},"72":{"start":{"line":144,"column":8},"end":{"line":144,"column":67}},"73":{"start":{"line":146,"column":21},"end":{"line":146,"column":113}},"74":{"start":{"line":147,"column":8},"end":{"line":153,"column":9}},"75":{"start":{"line":148,"column":12},"end":{"line":148,"column":37}},"76":{"start":{"line":149,"column":12},"end":{"line":149,"column":133}},"77":{"start":{"line":152,"column":12},"end":{"line":152,"column":66}},"78":{"start":{"line":158,"column":0},"end":{"line":171,"column":3}},"79":{"start":{"line":159,"column":23},"end":{"line":159,"column":40}},"80":{"start":{"line":160,"column":23},"end":{"line":160,"column":51}},"81":{"start":{"line":161,"column":20},"end":{"line":161,"column":47}},"82":{"start":{"line":163,"column":17},"end":{"line":163,"column":74}},"83":{"start":{"line":164,"column":4},"end":{"line":170,"column":5}},"84":{"start":{"line":165,"column":8},"end":{"line":165,"column":33}},"85":{"start":{"line":166,"column":8},"end":{"line":166,"column":129}},"86":{"start":{"line":169,"column":8},"end":{"line":169,"column":66}},"87":{"start":{"line":174,"column":0},"end":{"line":185,"column":3}},"88":{"start":{"line":175,"column":18},"end":{"line":175,"column":45}},"89":{"start":{"line":176,"column":17},"end":{"line":176,"column":46}},"90":{"start":{"line":177,"column":4},"end":{"line":183,"column":5}},"91":{"start":{"line":178,"column":8},"end":{"line":178,"column":35}},"92":{"start":{"line":179,"column":8},"end":{"line":179,"column":21}},"93":{"start":{"line":182,"column":8},"end":{"line":182,"column":51}},"94":{"start":{"line":187,"column":0},"end":{"line":196,"column":3}},"95":{"start":{"line":188,"column":18},"end":{"line":188,"column":45}},"96":{"start":{"line":189,"column":17},"end":{"line":189,"column":46}},"97":{"start":{"line":190,"column":4},"end":{"line":195,"column":5}},"98":{"start":{"line":191,"column":8},"end":{"line":191,"column":39}},"99":{"start":{"line":194,"column":8},"end":{"line":194,"column":40}},"100":{"start":{"line":198,"column":0},"end":{"line":206,"column":2}},"101":{"start":{"line":199,"column":20},"end":{"line":204,"column":6}},"102":{"start":{"line":200,"column":8},"end":{"line":203,"column":9}},"103":{"start":{"line":205,"column":4},"end":{"line":205,"column":21}},"104":{"start":{"line":208,"column":0},"end":{"line":221,"column":3}},"105":{"start":{"line":209,"column":18},"end":{"line":209,"column":45}},"106":{"start":{"line":210,"column":4},"end":{"line":220,"column":5}},"107":{"start":{"line":211,"column":21},"end":{"line":211,"column":50}},"108":{"start":{"line":212,"column":8},"end":{"line":216,"column":9}},"109":{"start":{"line":213,"column":12},"end":{"line":213,"column":133}},"110":{"start":{"line":215,"column":12},"end":{"line":215,"column":58}},"111":{"start":{"line":219,"column":8},"end":{"line":219,"column":54}},"112":{"start":{"line":222,"column":0},"end":{"line":236,"column":3}},"113":{"start":{"line":223,"column":4},"end":{"line":235,"column":5}},"114":{"start":{"line":224,"column":27},"end":{"line":224,"column":37}},"115":{"start":{"line":225,"column":21},"end":{"line":225,"column":56}},"116":{"start":{"line":226,"column":8},"end":{"line":231,"column":9}},"117":{"start":{"line":227,"column":12},"end":{"line":227,"column":53}},"118":{"start":{"line":230,"column":12},"end":{"line":230,"column":45}},"119":{"start":{"line":234,"column":8},"end":{"line":234,"column":41}},"120":{"start":{"line":239,"column":0},"end":{"line":257,"column":3}},"121":{"start":{"line":240,"column":4},"end":{"line":256,"column":5}},"122":{"start":{"line":241,"column":21},"end":{"line":241,"column":60}},"123":{"start":{"line":242,"column":33},"end":{"line":242,"column":57}},"124":{"start":{"line":245,"column":8},"end":{"line":247,"column":9}},"125":{"start":{"line":246,"column":12},"end":{"line":246,"column":66}},"126":{"start":{"line":249,"column":8},"end":{"line":249,"column":47}},"127":{"start":{"line":250,"column":8},"end":{"line":250,"column":31}},"128":{"start":{"line":251,"column":8},"end":{"line":251,"column":129}},"129":{"start":{"line":254,"column":8},"end":{"line":254,"column":65}},"130":{"start":{"line":255,"column":8},"end":{"line":255,"column":63}},"131":{"start":{"line":259,"column":0},"end":{"line":288,"column":3}},"132":{"start":{"line":260,"column":4},"end":{"line":287,"column":5}},"133":{"start":{"line":261,"column":62},"end":{"line":261,"column":70}},"134":{"start":{"line":262,"column":8},"end":{"line":264,"column":9}},"135":{"start":{"line":263,"column":12},"end":{"line":263,"column":85}},"136":{"start":{"line":265,"column":8},"end":{"line":267,"column":9}},"137":{"start":{"line":266,"column":12},"end":{"line":266,"column":95}},"138":{"start":{"line":269,"column":8},"end":{"line":271,"column":9}},"139":{"start":{"line":270,"column":12},"end":{"line":270,"column":104}},"140":{"start":{"line":273,"column":21},"end":{"line":273,"column":60}},"141":{"start":{"line":275,"column":8},"end":{"line":282,"column":9}},"142":{"start":{"line":276,"column":12},"end":{"line":276,"column":63}},"143":{"start":{"line":277,"column":12},"end":{"line":277,"column":35}},"144":{"start":{"line":278,"column":12},"end":{"line":278,"column":57}},"145":{"start":{"line":281,"column":12},"end":{"line":281,"column":64}},"146":{"start":{"line":285,"column":8},"end":{"line":285,"column":57}},"147":{"start":{"line":286,"column":8},"end":{"line":286,"column":63}},"148":{"start":{"line":292,"column":4},"end":{"line":292,"column":27}},"149":{"start":{"line":293,"column":4},"end":{"line":297,"column":7}},"150":{"start":{"line":302,"column":4},"end":{"line":302,"column":22}},"151":{"start":{"line":303,"column":4},"end":{"line":303,"column":28}},"152":{"start":{"line":306,"column":0},"end":{"line":313,"column":2}}},"fnMap":{"0":{"name":"createUser","decl":{"start":{"line":15,"column":15},"end":{"line":15,"column":25}},"loc":{"start":{"line":15,"column":66},"end":{"line":35,"column":1}},"line":15},"1":{"name":"getUser","decl":{"start":{"line":44,"column":9},"end":{"line":44,"column":16}},"loc":{"start":{"line":44,"column":30},"end":{"line":49,"column":1}},"line":44},"2":{"name":"(anonymous_2)","decl":{"start":{"line":46,"column":26},"end":{"line":46,"column":27}},"loc":{"start":{"line":46,"column":36},"end":{"line":46,"column":57}},"line":46},"3":{"name":"(anonymous_3)","decl":{"start":{"line":53,"column":19},"end":{"line":53,"column":20}},"loc":{"start":{"line":53,"column":45},"end":{"line":63,"column":1}},"line":53},"4":{"name":"updateUser","decl":{"start":{"line":64,"column":15},"end":{"line":64,"column":25}},"loc":{"start":{"line":64,"column":31},"end":{"line":68,"column":1}},"line":64},"5":{"name":"(anonymous_5)","decl":{"start":{"line":65,"column":29},"end":{"line":65,"column":30}},"loc":{"start":{"line":65,"column":35},"end":{"line":65,"column":64}},"line":65},"6":{"name":"sanitizeId","decl":{"start":{"line":72,"column":9},"end":{"line":72,"column":19}},"loc":{"start":{"line":72,"column":23},"end":{"line":78,"column":1}},"line":72},"7":{"name":"createID","decl":{"start":{"line":80,"column":9},"end":{"line":80,"column":17}},"loc":{"start":{"line":80,"column":31},"end":{"line":82,"column":1}},"line":80},"8":{"name":"createAdvice","decl":{"start":{"line":84,"column":15},"end":{"line":84,"column":27}},"loc":{"start":{"line":84,"column":48},"end":{"line":91,"column":1}},"line":84},"9":{"name":"(anonymous_9)","decl":{"start":{"line":93,"column":45},"end":{"line":93,"column":46}},"loc":{"start":{"line":93,"column":65},"end":{"line":106,"column":1}},"line":93},"10":{"name":"createPrompt","decl":{"start":{"line":109,"column":15},"end":{"line":109,"column":27}},"loc":{"start":{"line":109,"column":48},"end":{"line":116,"column":1}},"line":109},"11":{"name":"(anonymous_11)","decl":{"start":{"line":117,"column":46},"end":{"line":117,"column":47}},"loc":{"start":{"line":117,"column":66},"end":{"line":125,"column":1}},"line":117},"12":{"name":"(anonymous_12)","decl":{"start":{"line":127,"column":32},"end":{"line":127,"column":33}},"loc":{"start":{"line":127,"column":53},"end":{"line":129,"column":1}},"line":127},"13":{"name":"(anonymous_13)","decl":{"start":{"line":131,"column":33},"end":{"line":131,"column":34}},"loc":{"start":{"line":131,"column":54},"end":{"line":133,"column":1}},"line":131},"14":{"name":"(anonymous_14)","decl":{"start":{"line":136,"column":33},"end":{"line":136,"column":34}},"loc":{"start":{"line":136,"column":53},"end":{"line":155,"column":1}},"line":136},"15":{"name":"(anonymous_15)","decl":{"start":{"line":158,"column":29},"end":{"line":158,"column":30}},"loc":{"start":{"line":158,"column":49},"end":{"line":171,"column":1}},"line":158},"16":{"name":"(anonymous_16)","decl":{"start":{"line":174,"column":45},"end":{"line":174,"column":46}},"loc":{"start":{"line":174,"column":65},"end":{"line":185,"column":1}},"line":174},"17":{"name":"(anonymous_17)","decl":{"start":{"line":187,"column":23},"end":{"line":187,"column":24}},"loc":{"start":{"line":187,"column":43},"end":{"line":196,"column":1}},"line":187},"18":{"name":"(anonymous_18)","decl":{"start":{"line":198,"column":32},"end":{"line":198,"column":33}},"loc":{"start":{"line":198,"column":51},"end":{"line":206,"column":1}},"line":198},"19":{"name":"(anonymous_19)","decl":{"start":{"line":199,"column":30},"end":{"line":199,"column":31}},"loc":{"start":{"line":199,"column":40},"end":{"line":204,"column":5}},"line":199},"20":{"name":"(anonymous_20)","decl":{"start":{"line":208,"column":26},"end":{"line":208,"column":27}},"loc":{"start":{"line":208,"column":46},"end":{"line":221,"column":1}},"line":208},"21":{"name":"(anonymous_21)","decl":{"start":{"line":222,"column":33},"end":{"line":222,"column":34}},"loc":{"start":{"line":222,"column":53},"end":{"line":236,"column":1}},"line":222},"22":{"name":"(anonymous_22)","decl":{"start":{"line":239,"column":40},"end":{"line":239,"column":41}},"loc":{"start":{"line":239,"column":59},"end":{"line":257,"column":1}},"line":239},"23":{"name":"(anonymous_23)","decl":{"start":{"line":259,"column":40},"end":{"line":259,"column":41}},"loc":{"start":{"line":259,"column":59},"end":{"line":288,"column":1}},"line":259},"24":{"name":"setAuthCookie","decl":{"start":{"line":291,"column":9},"end":{"line":291,"column":22}},"loc":{"start":{"line":291,"column":33},"end":{"line":298,"column":1}},"line":291},"25":{"name":"clearAuthCookie","decl":{"start":{"line":301,"column":9},"end":{"line":301,"column":24}},"loc":{"start":{"line":301,"column":35},"end":{"line":304,"column":1}},"line":301}},"branchMap":{"0":{"loc":{"start":{"line":25,"column":4},"end":{"line":30,"column":5}},"type":"if","locations":[{"start":{"line":25,"column":4},"end":{"line":30,"column":5}},{"start":{"line":28,"column":8},"end":{"line":30,"column":5}}],"line":25},"1":{"loc":{"start":{"line":25,"column":7},"end":{"line":25,"column":40}},"type":"binary-expr","locations":[{"start":{"line":25,"column":7},"end":{"line":25,"column":18}},{"start":{"line":25,"column":22},"end":{"line":25,"column":40}}],"line":25},"2":{"loc":{"start":{"line":45,"column":4},"end":{"line":47,"column":5}},"type":"if","locations":[{"start":{"line":45,"column":4},"end":{"line":47,"column":5}},{"start":{},"end":{}}],"line":45},"3":{"loc":{"start":{"line":57,"column":4},"end":{"line":62,"column":5}},"type":"if","locations":[{"start":{"line":57,"column":4},"end":{"line":62,"column":5}},{"start":{"line":60,"column":11},"end":{"line":62,"column":5}}],"line":57},"4":{"loc":{"start":{"line":95,"column":4},"end":{"line":97,"column":5}},"type":"if","locations":[{"start":{"line":95,"column":4},"end":{"line":97,"column":5}},{"start":{},"end":{}}],"line":95},"5":{"loc":{"start":{"line":100,"column":4},"end":{"line":105,"column":5}},"type":"if","locations":[{"start":{"line":100,"column":4},"end":{"line":105,"column":5}},{"start":{"line":103,"column":8},"end":{"line":105,"column":5}}],"line":100},"6":{"loc":{"start":{"line":119,"column":4},"end":{"line":121,"column":5}},"type":"if","locations":[{"start":{"line":119,"column":4},"end":{"line":121,"column":5}},{"start":{},"end":{}}],"line":119},"7":{"loc":{"start":{"line":137,"column":4},"end":{"line":154,"column":5}},"type":"if","locations":[{"start":{"line":137,"column":4},"end":{"line":154,"column":5}},{"start":{"line":140,"column":9},"end":{"line":154,"column":5}}],"line":137},"8":{"loc":{"start":{"line":140,"column":9},"end":{"line":154,"column":5}},"type":"if","locations":[{"start":{"line":140,"column":9},"end":{"line":154,"column":5}},{"start":{"line":143,"column":9},"end":{"line":154,"column":5}}],"line":140},"9":{"loc":{"start":{"line":143,"column":9},"end":{"line":154,"column":5}},"type":"if","locations":[{"start":{"line":143,"column":9},"end":{"line":154,"column":5}},{"start":{"line":145,"column":10},"end":{"line":154,"column":5}}],"line":143},"10":{"loc":{"start":{"line":147,"column":8},"end":{"line":153,"column":9}},"type":"if","locations":[{"start":{"line":147,"column":8},"end":{"line":153,"column":9}},{"start":{"line":151,"column":12},"end":{"line":153,"column":9}}],"line":147},"11":{"loc":{"start":{"line":163,"column":31},"end":{"line":163,"column":61}},"type":"cond-expr","locations":[{"start":{"line":163,"column":41},"end":{"line":163,"column":48}},{"start":{"line":163,"column":51},"end":{"line":163,"column":61}}],"line":163},"12":{"loc":{"start":{"line":164,"column":4},"end":{"line":170,"column":5}},"type":"if","locations":[{"start":{"line":164,"column":4},"end":{"line":170,"column":5}},{"start":{"line":168,"column":8},"end":{"line":170,"column":5}}],"line":164},"13":{"loc":{"start":{"line":164,"column":8},"end":{"line":164,"column":72}},"type":"binary-expr","locations":[{"start":{"line":164,"column":8},"end":{"line":164,"column":12}},{"start":{"line":164,"column":17},"end":{"line":164,"column":71}}],"line":164},"14":{"loc":{"start":{"line":177,"column":4},"end":{"line":183,"column":5}},"type":"if","locations":[{"start":{"line":177,"column":4},"end":{"line":183,"column":5}},{"start":{"line":181,"column":8},"end":{"line":183,"column":5}}],"line":177},"15":{"loc":{"start":{"line":190,"column":4},"end":{"line":195,"column":5}},"type":"if","locations":[{"start":{"line":190,"column":4},"end":{"line":195,"column":5}},{"start":{"line":193,"column":8},"end":{"line":195,"column":5}}],"line":190},"16":{"loc":{"start":{"line":210,"column":4},"end":{"line":220,"column":5}},"type":"if","locations":[{"start":{"line":210,"column":4},"end":{"line":220,"column":5}},{"start":{"line":218,"column":9},"end":{"line":220,"column":5}}],"line":210},"17":{"loc":{"start":{"line":212,"column":8},"end":{"line":216,"column":9}},"type":"if","locations":[{"start":{"line":212,"column":8},"end":{"line":216,"column":9}},{"start":{"line":214,"column":15},"end":{"line":216,"column":9}}],"line":212},"18":{"loc":{"start":{"line":226,"column":8},"end":{"line":231,"column":9}},"type":"if","locations":[{"start":{"line":226,"column":8},"end":{"line":231,"column":9}},{"start":{"line":229,"column":12},"end":{"line":231,"column":9}}],"line":226},"19":{"loc":{"start":{"line":245,"column":8},"end":{"line":247,"column":9}},"type":"if","locations":[{"start":{"line":245,"column":8},"end":{"line":247,"column":9}},{"start":{},"end":{}}],"line":245},"20":{"loc":{"start":{"line":262,"column":8},"end":{"line":264,"column":9}},"type":"if","locations":[{"start":{"line":262,"column":8},"end":{"line":264,"column":9}},{"start":{},"end":{}}],"line":262},"21":{"loc":{"start":{"line":262,"column":12},"end":{"line":262,"column":60}},"type":"binary-expr","locations":[{"start":{"line":262,"column":12},"end":{"line":262,"column":24}},{"start":{"line":262,"column":28},"end":{"line":262,"column":40}},{"start":{"line":262,"column":44},"end":{"line":262,"column":60}}],"line":262},"22":{"loc":{"start":{"line":265,"column":8},"end":{"line":267,"column":9}},"type":"if","locations":[{"start":{"line":265,"column":8},"end":{"line":267,"column":9}},{"start":{},"end":{}}],"line":265},"23":{"loc":{"start":{"line":269,"column":8},"end":{"line":271,"column":9}},"type":"if","locations":[{"start":{"line":269,"column":8},"end":{"line":271,"column":9}},{"start":{},"end":{}}],"line":269},"24":{"loc":{"start":{"line":275,"column":8},"end":{"line":282,"column":9}},"type":"if","locations":[{"start":{"line":275,"column":8},"end":{"line":282,"column":9}},{"start":{"line":280,"column":12},"end":{"line":282,"column":9}}],"line":275},"25":{"loc":{"start":{"line":275,"column":12},"end":{"line":275,"column":70}},"type":"binary-expr","locations":[{"start":{"line":275,"column":12},"end":{"line":275,"column":16}},{"start":{"line":275,"column":21},"end":{"line":275,"column":69}}],"line":275}},"s":{"0":5,"1":5,"2":5,"3":5,"4":5,"5":5,"6":5,"7":5,"8":5,"9":150,"10":150,"11":150,"12":0,"13":150,"14":150,"15":150,"16":5,"17":5,"18":5,"19":5,"20":469,"21":466,"22":7473,"23":3,"24":5,"25":155,"26":155,"27":155,"28":153,"29":153,"30":2,"31":2,"32":20,"33":2,"34":2,"35":279,"36":128,"37":1,"38":1,"39":1,"40":1,"41":5,"42":2,"43":2,"44":1,"45":1,"46":1,"47":1,"48":1,"49":0,"50":5,"51":5,"52":1,"53":1,"54":1,"55":1,"56":5,"57":2,"58":2,"59":1,"60":1,"61":1,"62":5,"63":1,"64":5,"65":1,"66":5,"67":151,"68":0,"69":151,"70":1,"71":150,"72":0,"73":150,"74":150,"75":150,"76":150,"77":0,"78":5,"79":2,"80":2,"81":2,"82":2,"83":2,"84":1,"85":1,"86":1,"87":5,"88":2,"89":2,"90":2,"91":2,"92":2,"93":0,"94":5,"95":2,"96":2,"97":2,"98":1,"99":1,"100":5,"101":1,"102":10,"103":1,"104":5,"105":3,"106":3,"107":2,"108":2,"109":1,"110":1,"111":1,"112":5,"113":2,"114":2,"115":2,"116":2,"117":1,"118":1,"119":0,"120":5,"121":1,"122":1,"123":1,"124":1,"125":0,"126":1,"127":1,"128":1,"129":0,"130":0,"131":5,"132":5,"133":5,"134":5,"135":1,"136":4,"137":1,"138":3,"139":1,"140":2,"141":2,"142":1,"143":1,"144":1,"145":1,"146":0,"147":0,"148":151,"149":151,"150":2,"151":2,"152":5},"f":{"0":150,"1":469,"2":7473,"3":155,"4":2,"5":20,"6":279,"7":128,"8":1,"9":2,"10":1,"11":2,"12":1,"13":1,"14":151,"15":2,"16":2,"17":2,"18":1,"19":10,"20":3,"21":2,"22":1,"23":5,"24":151,"25":2},"b":{"0":[0,150],"1":[150,0],"2":[466,3],"3":[153,2],"4":[1,1],"5":[1,0],"6":[1,1],"7":[0,151],"8":[1,150],"9":[0,150],"10":[150,0],"11":[0,2],"12":[1,1],"13":[2,1],"14":[2,0],"15":[1,1],"16":[2,1],"17":[1,1],"18":[1,1],"19":[0,1],"20":[1,4],"21":[5,5,5],"22":[1,3],"23":[1,2],"24":[1,1],"25":[2,2]},"_coverageSchema":"1a1c01bbd47fc00a2c39e90264f33305004495a9","hash":"4369320dfa0b8d80a8ce14231335c3763947c4fa"}
,"/Users/spencerzaugg/Developer/School/Web/CS 260/startup/service/testUtils.js": {"path":"/Users/spencerzaugg/Developer/School/Web/CS 260/startup/service/testUtils.js","statementMap":{"0":{"start":{"line":1,"column":16},"end":{"line":1,"column":36}},"1":{"start":{"line":4,"column":19},"end":{"line":4,"column":64}},"2":{"start":{"line":5,"column":4},"end":{"line":5,"column":86}},"3":{"start":{"line":6,"column":4},"end":{"line":6,"column":47}},"4":{"start":{"line":10,"column":19},"end":{"line":10,"column":57}},"5":{"start":{"line":11,"column":4},"end":{"line":11,"column":86}},"6":{"start":{"line":12,"column":4},"end":{"line":12,"column":50}},"7":{"start":{"line":16,"column":29},"end":{"line":16,"column":77}},"8":{"start":{"line":17,"column":21},"end":{"line":17,"column":23}},"9":{"start":{"line":19,"column":4},"end":{"line":21,"column":5}},"10":{"start":{"line":20,"column":8},"end":{"line":20,"column":73}},"11":{"start":{"line":20,"column":39},"end":{"line":20,"column":71}},"12":{"start":{"line":22,"column":24},"end":{"line":22,"column":67}},"13":{"start":{"line":24,"column":21},"end":{"line":24,"column":74}},"14":{"start":{"line":25,"column":4},"end":{"line":25,"column":38}},"15":{"start":{"line":26,"column":4},"end":{"line":26,"column":52}},"16":{"start":{"line":32,"column":19},"end":{"line":32,"column":49}},"17":{"start":{"line":33,"column":20},"end":{"line":33,"column":102}},"18":{"start":{"line":34,"column":34},"end":{"line":34,"column":46}},"19":{"start":{"line":35,"column":4},"end":{"line":35,"column":87}},"20":{"start":{"line":36,"column":4},"end":{"line":36,"column":42}},"21":{"start":{"line":40,"column":19},"end":{"line":40,"column":49}},"22":{"start":{"line":41,"column":20},"end":{"line":41,"column":104}},"23":{"start":{"line":42,"column":4},"end":{"line":42,"column":37}},"24":{"start":{"line":46,"column":23},"end":{"line":46,"column":46}},"25":{"start":{"line":47,"column":19},"end":{"line":47,"column":49}},"26":{"start":{"line":49,"column":20},"end":{"line":49,"column":102}},"27":{"start":{"line":50,"column":4},"end":{"line":50,"column":37}},"28":{"start":{"line":54,"column":23},"end":{"line":54,"column":46}},"29":{"start":{"line":55,"column":19},"end":{"line":55,"column":49}},"30":{"start":{"line":56,"column":17},"end":{"line":56,"column":38}},"31":{"start":{"line":57,"column":21},"end":{"line":60,"column":30}},"32":{"start":{"line":62,"column":4},"end":{"line":62,"column":38}},"33":{"start":{"line":63,"column":4},"end":{"line":63,"column":48}},"34":{"start":{"line":67,"column":23},"end":{"line":67,"column":46}},"35":{"start":{"line":68,"column":19},"end":{"line":68,"column":49}},"36":{"start":{"line":69,"column":21},"end":{"line":72,"column":30}},"37":{"start":{"line":74,"column":4},"end":{"line":74,"column":38}},"38":{"start":{"line":75,"column":4},"end":{"line":75,"column":52}},"39":{"start":{"line":79,"column":34},"end":{"line":79,"column":57}},"40":{"start":{"line":80,"column":19},"end":{"line":80,"column":49}},"41":{"start":{"line":81,"column":21},"end":{"line":84,"column":26}},"42":{"start":{"line":85,"column":4},"end":{"line":85,"column":38}},"43":{"start":{"line":89,"column":23},"end":{"line":89,"column":46}},"44":{"start":{"line":90,"column":19},"end":{"line":90,"column":49}},"45":{"start":{"line":91,"column":21},"end":{"line":94,"column":26}},"46":{"start":{"line":95,"column":4},"end":{"line":95,"column":38}},"47":{"start":{"line":99,"column":23},"end":{"line":99,"column":46}},"48":{"start":{"line":100,"column":19},"end":{"line":100,"column":49}},"49":{"start":{"line":101,"column":21},"end":{"line":104,"column":26}},"50":{"start":{"line":105,"column":4},"end":{"line":105,"column":38}},"51":{"start":{"line":109,"column":23},"end":{"line":109,"column":46}},"52":{"start":{"line":110,"column":19},"end":{"line":110,"column":49}},"53":{"start":{"line":111,"column":21},"end":{"line":114,"column":26}},"54":{"start":{"line":115,"column":4},"end":{"line":115,"column":38}},"55":{"start":{"line":119,"column":23},"end":{"line":119,"column":46}},"56":{"start":{"line":120,"column":19},"end":{"line":120,"column":49}},"57":{"start":{"line":121,"column":21},"end":{"line":124,"column":26}},"58":{"start":{"line":125,"column":4},"end":{"line":125,"column":38}},"59":{"start":{"line":129,"column":21},"end":{"line":129,"column":63}},"60":{"start":{"line":130,"column":4},"end":{"line":132,"column":5}},"61":{"start":{"line":131,"column":8},"end":{"line":131,"column":49}},"62":{"start":{"line":133,"column":21},"end":{"line":133,"column":67}},"63":{"start":{"line":134,"column":4},"end":{"line":134,"column":52}},"64":{"start":{"line":135,"column":4},"end":{"line":135,"column":52}},"65":{"start":{"line":136,"column":4},"end":{"line":136,"column":88}},"66":{"start":{"line":137,"column":4},"end":{"line":137,"column":94}},"67":{"start":{"line":141,"column":29},"end":{"line":141,"column":77}},"68":{"start":{"line":142,"column":21},"end":{"line":142,"column":23}},"69":{"start":{"line":144,"column":4},"end":{"line":146,"column":5}},"70":{"start":{"line":145,"column":8},"end":{"line":145,"column":73}},"71":{"start":{"line":145,"column":39},"end":{"line":145,"column":71}},"72":{"start":{"line":147,"column":24},"end":{"line":147,"column":67}},"73":{"start":{"line":149,"column":21},"end":{"line":149,"column":82}},"74":{"start":{"line":150,"column":4},"end":{"line":150,"column":38}},"75":{"start":{"line":151,"column":4},"end":{"line":151,"column":51}},"76":{"start":{"line":155,"column":21},"end":{"line":155,"column":103}},"77":{"start":{"line":156,"column":4},"end":{"line":156,"column":38}},"78":{"start":{"line":157,"column":4},"end":{"line":157,"column":56}},"79":{"start":{"line":160,"column":19},"end":{"line":160,"column":42}},"80":{"start":{"line":161,"column":21},"end":{"line":161,"column":94}},"81":{"start":{"line":162,"column":4},"end":{"line":162,"column":38}},"82":{"start":{"line":163,"column":4},"end":{"line":163,"column":57}},"83":{"start":{"line":167,"column":20},"end":{"line":167,"column":43}},"84":{"start":{"line":168,"column":21},"end":{"line":168,"column":80}},"85":{"start":{"line":169,"column":4},"end":{"line":169,"column":38}},"86":{"start":{"line":173,"column":19},"end":{"line":173,"column":49}},"87":{"start":{"line":174,"column":20},"end":{"line":174,"column":113}},"88":{"start":{"line":175,"column":4},"end":{"line":175,"column":37}},"89":{"start":{"line":178,"column":19},"end":{"line":178,"column":49}},"90":{"start":{"line":179,"column":20},"end":{"line":179,"column":98}},"91":{"start":{"line":180,"column":4},"end":{"line":180,"column":37}},"92":{"start":{"line":184,"column":4},"end":{"line":184,"column":70}},"93":{"start":{"line":188,"column":18},"end":{"line":188,"column":40}},"94":{"start":{"line":189,"column":21},"end":{"line":189,"column":46}},"95":{"start":{"line":190,"column":21},"end":{"line":190,"column":37}},"96":{"start":{"line":191,"column":21},"end":{"line":191,"column":102}},"97":{"start":{"line":193,"column":4},"end":{"line":193,"column":49}},"98":{"start":{"line":195,"column":0},"end":{"line":218,"column":1}}},"fnMap":{"0":{"name":"testGetSpecific","decl":{"start":{"line":3,"column":15},"end":{"line":3,"column":30}},"loc":{"start":{"line":3,"column":45},"end":{"line":7,"column":1}},"line":3},"1":{"name":"testGetMany","decl":{"start":{"line":9,"column":15},"end":{"line":9,"column":26}},"loc":{"start":{"line":9,"column":37},"end":{"line":13,"column":1}},"line":9},"2":{"name":"testGetManyFiltered","decl":{"start":{"line":15,"column":15},"end":{"line":15,"column":34}},"loc":{"start":{"line":15,"column":94},"end":{"line":28,"column":1}},"line":15},"3":{"name":"(anonymous_3)","decl":{"start":{"line":20,"column":31},"end":{"line":20,"column":32}},"loc":{"start":{"line":20,"column":39},"end":{"line":20,"column":71}},"line":20},"4":{"name":"testUpdate","decl":{"start":{"line":31,"column":15},"end":{"line":31,"column":25}},"loc":{"start":{"line":31,"column":60},"end":{"line":37,"column":1}},"line":31},"5":{"name":"testNotExist","decl":{"start":{"line":39,"column":15},"end":{"line":39,"column":27}},"loc":{"start":{"line":39,"column":48},"end":{"line":43,"column":1}},"line":39},"6":{"name":"testWrongAuthor","decl":{"start":{"line":45,"column":15},"end":{"line":45,"column":30}},"loc":{"start":{"line":45,"column":45},"end":{"line":51,"column":1}},"line":45},"7":{"name":"testPatchAdd","decl":{"start":{"line":53,"column":15},"end":{"line":53,"column":27}},"loc":{"start":{"line":53,"column":44},"end":{"line":64,"column":1}},"line":53},"8":{"name":"testPatchRemove","decl":{"start":{"line":66,"column":15},"end":{"line":66,"column":30}},"loc":{"start":{"line":66,"column":53},"end":{"line":76,"column":1}},"line":66},"9":{"name":"testPatchNotFound","decl":{"start":{"line":78,"column":15},"end":{"line":78,"column":32}},"loc":{"start":{"line":78,"column":49},"end":{"line":86,"column":1}},"line":78},"10":{"name":"testPatchFailures","decl":{"start":{"line":88,"column":15},"end":{"line":88,"column":32}},"loc":{"start":{"line":88,"column":49},"end":{"line":96,"column":1}},"line":88},"11":{"name":"testPatchSections","decl":{"start":{"line":98,"column":15},"end":{"line":98,"column":32}},"loc":{"start":{"line":98,"column":43},"end":{"line":106,"column":1}},"line":98},"12":{"name":"testPatchDescription","decl":{"start":{"line":108,"column":15},"end":{"line":108,"column":35}},"loc":{"start":{"line":108,"column":46},"end":{"line":116,"column":1}},"line":108},"13":{"name":"testPatchCustom","decl":{"start":{"line":118,"column":15},"end":{"line":118,"column":30}},"loc":{"start":{"line":118,"column":41},"end":{"line":126,"column":1}},"line":118},"14":{"name":"testGetOptions","decl":{"start":{"line":128,"column":15},"end":{"line":128,"column":29}},"loc":{"start":{"line":128,"column":61},"end":{"line":138,"column":1}},"line":128},"15":{"name":"testGetFilteredOptions","decl":{"start":{"line":140,"column":15},"end":{"line":140,"column":37}},"loc":{"start":{"line":140,"column":97},"end":{"line":152,"column":1}},"line":140},"16":{"name":"(anonymous_16)","decl":{"start":{"line":145,"column":31},"end":{"line":145,"column":32}},"loc":{"start":{"line":145,"column":39},"end":{"line":145,"column":71}},"line":145},"17":{"name":"testIsAuthor","decl":{"start":{"line":154,"column":15},"end":{"line":154,"column":27}},"loc":{"start":{"line":154,"column":42},"end":{"line":158,"column":1}},"line":154},"18":{"name":"testisNotAuthor","decl":{"start":{"line":159,"column":15},"end":{"line":159,"column":30}},"loc":{"start":{"line":159,"column":45},"end":{"line":164,"column":1}},"line":159},"19":{"name":"testNotFound","decl":{"start":{"line":166,"column":15},"end":{"line":166,"column":27}},"loc":{"start":{"line":166,"column":38},"end":{"line":170,"column":1}},"line":166},"20":{"name":"testMismatchIDs","decl":{"start":{"line":172,"column":15},"end":{"line":172,"column":30}},"loc":{"start":{"line":172,"column":55},"end":{"line":176,"column":1}},"line":172},"21":{"name":"testNoDataPassed","decl":{"start":{"line":177,"column":15},"end":{"line":177,"column":31}},"loc":{"start":{"line":177,"column":56},"end":{"line":181,"column":1}},"line":177},"22":{"name":"getRandomName","decl":{"start":{"line":183,"column":9},"end":{"line":183,"column":22}},"loc":{"start":{"line":183,"column":31},"end":{"line":185,"column":1}},"line":183},"23":{"name":"registerUser","decl":{"start":{"line":187,"column":15},"end":{"line":187,"column":27}},"loc":{"start":{"line":187,"column":33},"end":{"line":194,"column":1}},"line":187}},"branchMap":{"0":{"loc":{"start":{"line":19,"column":4},"end":{"line":21,"column":5}},"type":"if","locations":[{"start":{"line":19,"column":4},"end":{"line":21,"column":5}},{"start":{},"end":{}}],"line":19},"1":{"loc":{"start":{"line":130,"column":4},"end":{"line":132,"column":5}},"type":"if","locations":[{"start":{"line":130,"column":4},"end":{"line":132,"column":5}},{"start":{},"end":{}}],"line":130},"2":{"loc":{"start":{"line":144,"column":4},"end":{"line":146,"column":5}},"type":"if","locations":[{"start":{"line":144,"column":4},"end":{"line":146,"column":5}},{"start":{},"end":{}}],"line":144}},"s":{"0":5,"1":4,"2":4,"3":4,"4":7,"5":7,"6":7,"7":4,"8":4,"9":4,"10":4,"11":7,"12":4,"13":4,"14":4,"15":4,"16":4,"17":4,"18":4,"19":4,"20":4,"21":4,"22":4,"23":4,"24":4,"25":4,"26":4,"27":4,"28":13,"29":13,"30":13,"31":13,"32":13,"33":13,"34":13,"35":13,"36":13,"37":13,"38":13,"39":3,"40":3,"41":3,"42":3,"43":19,"44":19,"45":19,"46":19,"47":3,"48":3,"49":3,"50":3,"51":3,"52":3,"53":3,"54":3,"55":3,"56":3,"57":3,"58":3,"59":9,"60":9,"61":4,"62":9,"63":9,"64":9,"65":9,"66":9,"67":4,"68":4,"69":4,"70":4,"71":7,"72":4,"73":4,"74":4,"75":4,"76":4,"77":4,"78":4,"79":4,"80":4,"81":4,"82":4,"83":4,"84":4,"85":4,"86":4,"87":4,"88":4,"89":4,"90":4,"91":4,"92":842,"93":150,"94":150,"95":150,"96":150,"97":150,"98":5},"f":{"0":4,"1":7,"2":4,"3":7,"4":4,"5":4,"6":4,"7":13,"8":13,"9":3,"10":19,"11":3,"12":3,"13":3,"14":9,"15":4,"16":7,"17":4,"18":4,"19":4,"20":4,"21":4,"22":842,"23":150},"b":{"0":[4,0],"1":[4,5],"2":[4,0]},"_coverageSchema":"1a1c01bbd47fc00a2c39e90264f33305004495a9","hash":"c968ef524c8bb31009dd0a75521b78112a142686"}
,"/Users/spencerzaugg/Developer/School/Web/CS 260/startup/service/worldbuilding/flora.js": {"path":"/Users/spencerzaugg/Developer/School/Web/CS 260/startup/service/worldbuilding/flora.js","statementMap":{"0":{"start":{"line":1,"column":16},"end":{"line":1,"column":34}},"1":{"start":{"line":2,"column":33},"end":{"line":2,"column":59}},"2":{"start":{"line":3,"column":18},"end":{"line":3,"column":41}},"3":{"start":{"line":5,"column":20},"end":{"line":5,"column":36}},"4":{"start":{"line":6,"column":16},"end":{"line":6,"column":18}},"5":{"start":{"line":7,"column":17},"end":{"line":14,"column":1}},"6":{"start":{"line":17,"column":4},"end":{"line":19,"column":5}},"7":{"start":{"line":18,"column":8},"end":{"line":18,"column":65}},"8":{"start":{"line":18,"column":41},"end":{"line":18,"column":63}},"9":{"start":{"line":20,"column":4},"end":{"line":20,"column":16}},"10":{"start":{"line":25,"column":4},"end":{"line":41,"column":5}},"11":{"start":{"line":26,"column":30},"end":{"line":26,"column":39}},"12":{"start":{"line":27,"column":8},"end":{"line":36,"column":9}},"13":{"start":{"line":28,"column":12},"end":{"line":35,"column":13}},"14":{"start":{"line":29,"column":16},"end":{"line":30,"column":125}},"15":{"start":{"line":30,"column":20},"end":{"line":30,"column":123}},"16":{"start":{"line":30,"column":72},"end":{"line":30,"column":92}},"17":{"start":{"line":33,"column":16},"end":{"line":34,"column":99}},"18":{"start":{"line":34,"column":20},"end":{"line":34,"column":97}},"19":{"start":{"line":37,"column":8},"end":{"line":37,"column":31}},"20":{"start":{"line":40,"column":8},"end":{"line":40,"column":25}},"21":{"start":{"line":45,"column":0},"end":{"line":55,"column":2}},"22":{"start":{"line":46,"column":30},"end":{"line":46,"column":59}},"23":{"start":{"line":47,"column":20},"end":{"line":53,"column":6}},"24":{"start":{"line":48,"column":8},"end":{"line":52,"column":9}},"25":{"start":{"line":54,"column":4},"end":{"line":54,"column":21}},"26":{"start":{"line":57,"column":0},"end":{"line":65,"column":2}},"27":{"start":{"line":58,"column":20},"end":{"line":63,"column":6}},"28":{"start":{"line":59,"column":8},"end":{"line":62,"column":9}},"29":{"start":{"line":64,"column":4},"end":{"line":64,"column":21}},"30":{"start":{"line":69,"column":0},"end":{"line":97,"column":3}},"31":{"start":{"line":70,"column":19},"end":{"line":70,"column":29}},"32":{"start":{"line":71,"column":20},"end":{"line":71,"column":35}},"33":{"start":{"line":72,"column":21},"end":{"line":72,"column":36}},"34":{"start":{"line":73,"column":4},"end":{"line":96,"column":5}},"35":{"start":{"line":74,"column":30},"end":{"line":74,"column":57}},"36":{"start":{"line":75,"column":8},"end":{"line":75,"column":33}},"37":{"start":{"line":78,"column":8},"end":{"line":95,"column":9}},"38":{"start":{"line":79,"column":12},"end":{"line":79,"column":33}},"39":{"start":{"line":82,"column":26},"end":{"line":82,"column":50}},"40":{"start":{"line":83,"column":12},"end":{"line":94,"column":13}},"41":{"start":{"line":84,"column":16},"end":{"line":90,"column":17}},"42":{"start":{"line":85,"column":37},"end":{"line":85,"column":60}},"43":{"start":{"line":86,"column":20},"end":{"line":86,"column":40}},"44":{"start":{"line":89,"column":20},"end":{"line":89,"column":36}},"45":{"start":{"line":93,"column":16},"end":{"line":93,"column":67}},"46":{"start":{"line":99,"column":0},"end":{"line":115,"column":3}},"47":{"start":{"line":101,"column":32},"end":{"line":101,"column":40}},"48":{"start":{"line":102,"column":19},"end":{"line":102,"column":31}},"49":{"start":{"line":103,"column":4},"end":{"line":105,"column":5}},"50":{"start":{"line":104,"column":8},"end":{"line":104,"column":76}},"51":{"start":{"line":106,"column":15},"end":{"line":106,"column":46}},"52":{"start":{"line":107,"column":4},"end":{"line":114,"column":5}},"53":{"start":{"line":108,"column":8},"end":{"line":108,"column":92}},"54":{"start":{"line":110,"column":22},"end":{"line":110,"column":61}},"55":{"start":{"line":111,"column":8},"end":{"line":113,"column":9}},"56":{"start":{"line":112,"column":12},"end":{"line":112,"column":34}},"57":{"start":{"line":119,"column":0},"end":{"line":148,"column":3}},"58":{"start":{"line":120,"column":19},"end":{"line":120,"column":29}},"59":{"start":{"line":121,"column":22},"end":{"line":121,"column":34}},"60":{"start":{"line":122,"column":23},"end":{"line":122,"column":31}},"61":{"start":{"line":123,"column":4},"end":{"line":128,"column":5}},"62":{"start":{"line":124,"column":8},"end":{"line":124,"column":72}},"63":{"start":{"line":126,"column":9},"end":{"line":128,"column":5}},"64":{"start":{"line":127,"column":8},"end":{"line":127,"column":94}},"65":{"start":{"line":129,"column":18},"end":{"line":129,"column":42}},"66":{"start":{"line":130,"column":4},"end":{"line":147,"column":5}},"67":{"start":{"line":131,"column":8},"end":{"line":133,"column":9}},"68":{"start":{"line":132,"column":12},"end":{"line":132,"column":72}},"69":{"start":{"line":134,"column":8},"end":{"line":143,"column":9}},"70":{"start":{"line":135,"column":31},"end":{"line":135,"column":39}},"71":{"start":{"line":136,"column":28},"end":{"line":136,"column":61}},"72":{"start":{"line":137,"column":12},"end":{"line":139,"column":13}},"73":{"start":{"line":138,"column":16},"end":{"line":138,"column":57}},"74":{"start":{"line":140,"column":12},"end":{"line":140,"column":37}},"75":{"start":{"line":146,"column":8},"end":{"line":146,"column":61}},"76":{"start":{"line":154,"column":21},"end":{"line":154,"column":35}},"77":{"start":{"line":160,"column":8},"end":{"line":160,"column":17}},"78":{"start":{"line":162,"column":20},"end":{"line":162,"column":39}},"79":{"start":{"line":163,"column":4},"end":{"line":163,"column":26}},"80":{"start":{"line":164,"column":18},"end":{"line":183,"column":5}},"81":{"start":{"line":184,"column":4},"end":{"line":184,"column":25}},"82":{"start":{"line":185,"column":4},"end":{"line":185,"column":16}},"83":{"start":{"line":188,"column":73},"end":{"line":188,"column":83}},"84":{"start":{"line":189,"column":18},"end":{"line":189,"column":42}},"85":{"start":{"line":190,"column":4},"end":{"line":192,"column":5}},"86":{"start":{"line":191,"column":8},"end":{"line":191,"column":30}},"87":{"start":{"line":193,"column":22},"end":{"line":193,"column":59}},"88":{"start":{"line":194,"column":4},"end":{"line":196,"column":5}},"89":{"start":{"line":195,"column":8},"end":{"line":195,"column":38}},"90":{"start":{"line":197,"column":22},"end":{"line":197,"column":59}},"91":{"start":{"line":198,"column":4},"end":{"line":200,"column":5}},"92":{"start":{"line":199,"column":8},"end":{"line":199,"column":38}},"93":{"start":{"line":201,"column":4},"end":{"line":201,"column":41}},"94":{"start":{"line":204,"column":18},"end":{"line":204,"column":67}},"95":{"start":{"line":204,"column":46},"end":{"line":204,"column":66}},"96":{"start":{"line":205,"column":4},"end":{"line":211,"column":5}},"97":{"start":{"line":206,"column":8},"end":{"line":206,"column":33}},"98":{"start":{"line":207,"column":8},"end":{"line":207,"column":20}},"99":{"start":{"line":210,"column":8},"end":{"line":210,"column":45}},"100":{"start":{"line":215,"column":4},"end":{"line":226,"column":5}},"101":{"start":{"line":216,"column":8},"end":{"line":220,"column":10}},"102":{"start":{"line":217,"column":12},"end":{"line":219,"column":13}},"103":{"start":{"line":218,"column":16},"end":{"line":218,"column":38}},"104":{"start":{"line":223,"column":8},"end":{"line":225,"column":9}},"105":{"start":{"line":224,"column":12},"end":{"line":224,"column":33}},"106":{"start":{"line":227,"column":4},"end":{"line":227,"column":17}},"107":{"start":{"line":231,"column":28},"end":{"line":231,"column":83}},"108":{"start":{"line":232,"column":4},"end":{"line":234,"column":5}},"109":{"start":{"line":233,"column":8},"end":{"line":233,"column":82}},"110":{"start":{"line":235,"column":4},"end":{"line":237,"column":5}},"111":{"start":{"line":236,"column":8},"end":{"line":236,"column":69}},"112":{"start":{"line":238,"column":22},"end":{"line":238,"column":33}},"113":{"start":{"line":242,"column":4},"end":{"line":259,"column":5}},"114":{"start":{"line":243,"column":30},"end":{"line":243,"column":54}},"115":{"start":{"line":244,"column":8},"end":{"line":246,"column":9}},"116":{"start":{"line":245,"column":12},"end":{"line":245,"column":33}},"117":{"start":{"line":249,"column":9},"end":{"line":259,"column":5}},"118":{"start":{"line":250,"column":31},"end":{"line":250,"column":73}},"119":{"start":{"line":250,"column":59},"end":{"line":250,"column":72}},"120":{"start":{"line":251,"column":8},"end":{"line":258,"column":9}},"121":{"start":{"line":252,"column":12},"end":{"line":257,"column":13}},"122":{"start":{"line":253,"column":16},"end":{"line":253,"column":31}},"123":{"start":{"line":256,"column":16},"end":{"line":256,"column":52}},"124":{"start":{"line":260,"column":4},"end":{"line":260,"column":28}},"125":{"start":{"line":261,"column":4},"end":{"line":261,"column":46}},"126":{"start":{"line":265,"column":0},"end":{"line":280,"column":3}},"127":{"start":{"line":266,"column":25},"end":{"line":266,"column":35}},"128":{"start":{"line":267,"column":29},"end":{"line":267,"column":37}},"129":{"start":{"line":268,"column":18},"end":{"line":268,"column":42}},"130":{"start":{"line":269,"column":4},"end":{"line":271,"column":5}},"131":{"start":{"line":270,"column":8},"end":{"line":270,"column":67}},"132":{"start":{"line":273,"column":19},"end":{"line":273,"column":63}},"133":{"start":{"line":275,"column":4},"end":{"line":279,"column":5}},"134":{"start":{"line":276,"column":8},"end":{"line":276,"column":44}},"135":{"start":{"line":278,"column":8},"end":{"line":278,"column":32}},"136":{"start":{"line":282,"column":0},"end":{"line":282,"column":44}}},"fnMap":{"0":{"name":"getFlora","decl":{"start":{"line":16,"column":15},"end":{"line":16,"column":23}},"loc":{"start":{"line":16,"column":37},"end":{"line":21,"column":1}},"line":16},"1":{"name":"(anonymous_1)","decl":{"start":{"line":18,"column":30},"end":{"line":18,"column":31}},"loc":{"start":{"line":18,"column":41},"end":{"line":18,"column":63}},"line":18},"2":{"name":"getFloraList","decl":{"start":{"line":24,"column":15},"end":{"line":24,"column":27}},"loc":{"start":{"line":24,"column":36},"end":{"line":42,"column":1}},"line":24},"3":{"name":"(anonymous_3)","decl":{"start":{"line":29,"column":58},"end":{"line":29,"column":59}},"loc":{"start":{"line":30,"column":20},"end":{"line":30,"column":123}},"line":30},"4":{"name":"(anonymous_4)","decl":{"start":{"line":30,"column":64},"end":{"line":30,"column":65}},"loc":{"start":{"line":30,"column":72},"end":{"line":30,"column":92}},"line":30},"5":{"name":"(anonymous_5)","decl":{"start":{"line":33,"column":58},"end":{"line":33,"column":59}},"loc":{"start":{"line":34,"column":20},"end":{"line":34,"column":97}},"line":34},"6":{"name":"(anonymous_6)","decl":{"start":{"line":45,"column":39},"end":{"line":45,"column":40}},"loc":{"start":{"line":45,"column":59},"end":{"line":55,"column":1}},"line":45},"7":{"name":"(anonymous_7)","decl":{"start":{"line":47,"column":42},"end":{"line":47,"column":43}},"loc":{"start":{"line":47,"column":53},"end":{"line":53,"column":5}},"line":47},"8":{"name":"(anonymous_8)","decl":{"start":{"line":57,"column":45},"end":{"line":57,"column":46}},"loc":{"start":{"line":57,"column":65},"end":{"line":65,"colum
[...]
,"/Users/spencerzaugg/Developer/School/Web/CS 260/startup/service/worldbuilding/worlds.js": {"path":"/Users/spencerzaugg/Developer/School/Web/CS 260/startup/service/worldbuilding/worlds.js","statementMap":{"0":{"start":{"line":1,"column":16},"end":{"line":1,"column":34}},"1":{"start":{"line":2,"column":33},"end":{"line":2,"column":59}},"2":{"start":{"line":3,"column":18},"end":{"line":3,"column":42}},"3":{"start":{"line":5,"column":21},"end":{"line":5,"column":37}},"4":{"start":{"line":7,"column":13},"end":{"line":7,"column":15}},"5":{"start":{"line":10,"column":4},"end":{"line":12,"column":5}},"6":{"start":{"line":11,"column":8},"end":{"line":11,"column":62}},"7":{"start":{"line":11,"column":38},"end":{"line":11,"column":60}},"8":{"start":{"line":13,"column":4},"end":{"line":13,"column":16}},"9":{"start":{"line":17,"column":4},"end":{"line":33,"column":5}},"10":{"start":{"line":18,"column":27},"end":{"line":18,"column":33}},"11":{"start":{"line":19,"column":8},"end":{"line":28,"column":9}},"12":{"start":{"line":20,"column":12},"end":{"line":27,"column":13}},"13":{"start":{"line":21,"column":16},"end":{"line":22,"column":123}},"14":{"start":{"line":22,"column":20},"end":{"line":22,"column":121}},"15":{"start":{"line":22,"column":71},"end":{"line":22,"column":90}},"16":{"start":{"line":25,"column":16},"end":{"line":26,"column":99}},"17":{"start":{"line":26,"column":20},"end":{"line":26,"column":97}},"18":{"start":{"line":29,"column":8},"end":{"line":29,"column":28}},"19":{"start":{"line":32,"column":8},"end":{"line":32,"column":22}},"20":{"start":{"line":36,"column":0},"end":{"line":45,"column":2}},"21":{"start":{"line":37,"column":27},"end":{"line":37,"column":53}},"22":{"start":{"line":38,"column":20},"end":{"line":43,"column":6}},"23":{"start":{"line":39,"column":8},"end":{"line":42,"column":9}},"24":{"start":{"line":44,"column":4},"end":{"line":44,"column":21}},"25":{"start":{"line":48,"column":0},"end":{"line":69,"column":3}},"26":{"start":{"line":49,"column":19},"end":{"line":49,"column":29}},"27":{"start":{"line":50,"column":23},"end":{"line":50,"column":38}},"28":{"start":{"line":51,"column":20},"end":{"line":51,"column":35}},"29":{"start":{"line":53,"column":4},"end":{"line":68,"column":5}},"30":{"start":{"line":54,"column":27},"end":{"line":54,"column":51}},"31":{"start":{"line":55,"column":8},"end":{"line":55,"column":38}},"32":{"start":{"line":57,"column":22},"end":{"line":57,"column":46}},"33":{"start":{"line":58,"column":8},"end":{"line":67,"column":9}},"34":{"start":{"line":59,"column":12},"end":{"line":64,"column":13}},"35":{"start":{"line":60,"column":33},"end":{"line":60,"column":56}},"36":{"start":{"line":61,"column":16},"end":{"line":61,"column":46}},"37":{"start":{"line":63,"column":16},"end":{"line":63,"column":39}},"38":{"start":{"line":66,"column":12},"end":{"line":66,"column":70}},"39":{"start":{"line":74,"column":0},"end":{"line":91,"column":3}},"40":{"start":{"line":75,"column":44},"end":{"line":75,"column":52}},"41":{"start":{"line":76,"column":19},"end":{"line":76,"column":31}},"42":{"start":{"line":77,"column":4},"end":{"line":79,"column":5}},"43":{"start":{"line":78,"column":8},"end":{"line":78,"column":76}},"44":{"start":{"line":80,"column":15},"end":{"line":80,"column":37}},"45":{"start":{"line":82,"column":4},"end":{"line":84,"column":5}},"46":{"start":{"line":83,"column":8},"end":{"line":83,"column":109}},"47":{"start":{"line":88,"column":21},"end":{"line":88,"column":60}},"48":{"start":{"line":90,"column":4},"end":{"line":90,"column":23}},"49":{"start":{"line":94,"column":0},"end":{"line":121,"column":3}},"50":{"start":{"line":96,"column":19},"end":{"line":96,"column":29}},"51":{"start":{"line":97,"column":31},"end":{"line":97,"column":34}},"52":{"start":{"line":98,"column":4},"end":{"line":103,"column":5}},"53":{"start":{"line":99,"column":8},"end":{"line":99,"column":72}},"54":{"start":{"line":101,"column":9},"end":{"line":103,"column":5}},"55":{"start":{"line":102,"column":8},"end":{"line":102,"column":94}},"56":{"start":{"line":105,"column":18},"end":{"line":105,"column":42}},"57":{"start":{"line":106,"column":4},"end":{"line":108,"column":5}},"58":{"start":{"line":107,"column":8},"end":{"line":107,"column":66}},"59":{"start":{"line":111,"column":4},"end":{"line":113,"column":5}},"60":{"start":{"line":112,"column":8},"end":{"line":112,"column":105}},"61":{"start":{"line":116,"column":19},"end":{"line":116,"column":42}},"62":{"start":{"line":117,"column":4},"end":{"line":119,"column":5}},"63":{"start":{"line":118,"column":8},"end":{"line":118,"column":43}},"64":{"start":{"line":120,"column":4},"end":{"line":120,"column":21}},"65":{"start":{"line":123,"column":0},"end":{"line":131,"column":2}},"66":{"start":{"line":124,"column":18},"end":{"line":124,"column":53}},"67":{"start":{"line":125,"column":4},"end":{"line":130,"column":5}},"68":{"start":{"line":126,"column":8},"end":{"line":126,"column":43}},"69":{"start":{"line":129,"column":8},"end":{"line":129,"column":60}},"70":{"start":{"line":133,"column":0},"end":{"line":148,"column":2}},"71":{"start":{"line":134,"column":18},"end":{"line":134,"column":53}},"72":{"start":{"line":135,"column":4},"end":{"line":147,"column":5}},"73":{"start":{"line":136,"column":8},"end":{"line":142,"column":11}},"74":{"start":{"line":137,"column":12},"end":{"line":141,"column":13}},"75":{"start":{"line":143,"column":8},"end":{"line":143,"column":33}},"76":{"start":{"line":146,"column":8},"end":{"line":146,"column":60}},"77":{"start":{"line":153,"column":62},"end":{"line":153,"column":71}},"78":{"start":{"line":154,"column":16},"end":{"line":154,"column":30}},"79":{"start":{"line":155,"column":20},"end":{"line":155,"column":39}},"80":{"start":{"line":156,"column":32},"end":{"line":156,"column":85}},"81":{"start":{"line":158,"column":27},"end":{"line":158,"column":77}},"82":{"start":{"line":161,"column":18},"end":{"line":173,"column":5}},"83":{"start":{"line":176,"column":4},"end":{"line":176,"column":23}},"84":{"start":{"line":177,"column":4},"end":{"line":177,"column":17}},"85":{"start":{"line":181,"column":27},"end":{"line":184,"column":7}},"86":{"start":{"line":181,"column":56},"end":{"line":184,"column":5}},"87":{"start":{"line":187,"column":4},"end":{"line":187,"column":26}},"88":{"start":{"line":192,"column":29},"end":{"line":192,"column":39}},"89":{"start":{"line":193,"column":18},"end":{"line":193,"column":36}},"90":{"start":{"line":194,"column":4},"end":{"line":196,"column":5}},"91":{"start":{"line":195,"column":8},"end":{"line":195,"column":43}},"92":{"start":{"line":197,"column":32},"end":{"line":197,"column":85}},"93":{"start":{"line":199,"column":4},"end":{"line":201,"column":5}},"94":{"start":{"line":200,"column":8},"end":{"line":200,"column":87}},"95":{"start":{"line":202,"column":4},"end":{"line":202,"column":46}},"96":{"start":{"line":203,"column":18},"end":{"line":203,"column":60}},"97":{"start":{"line":203,"column":44},"end":{"line":203,"column":59}},"98":{"start":{"line":204,"column":4},"end":{"line":210,"column":5}},"99":{"start":{"line":205,"column":8},"end":{"line":205,"column":35}},"100":{"start":{"line":206,"column":8},"end":{"line":206,"column":26}},"101":{"start":{"line":209,"column":8},"end":{"line":209,"column":43}},"102":{"start":{"line":212,"column":0},"end":{"line":212,"column":30}}},"fnMap":{"0":{"name":"getWorld","decl":{"start":{"line":9,"column":15},"end":{"line":9,"column":23}},"loc":{"start":{"line":9,"column":38},"end":{"line":14,"column":1}},"line":9},"1":{"name":"(anonymous_1)","decl":{"start":{"line":11,"column":27},"end":{"line":11,"column":28}},"loc":{"start":{"line":11,"column":38},"end":{"line":11,"column":60}},"line":11},"2":{"name":"getWorlds","decl":{"start":{"line":16,"column":15},"end":{"line":16,"column":24}},"loc":{"start":{"line":16,"column":33},"end":{"line":34,"column":1}},"line":16},"3":{"name":"(anonymous_3)","decl":{"start":{"line":21,"column":52},"end":{"line":21,"column":53}},"loc":{"start":{"line":22,"column":20},"end":{"line":22,"column":121}},"line":22},"4":{"name":"(anonymous_4)","decl":{"start":{"line":22,"column":64},"end":{"line":22,"column":65}},"loc":{"start":{"line":22,"column":71},"end":{"line":22,"column":90}},"line":22},"5":{"name":"(anonymous_5)","decl":{"start":{"line":25,"column":52},"end":{"line":25,"column":53}},"loc":{"start":{"line":26,"column":20},"end":{"line":26,"column":97}},"line":26},"6":{"name":"(anonymous_6)","decl":{"start":{"line":36,"column":40},"end":{"line":36,"column":41}},"loc":{"start":{"line":36,"column":60},"end":{"line":45,"column":1}},"line":36},"7":{"name":"(anonymous_7)","decl":{"start":{"line":38,"column":39},"end":{"line":38,"column":40}},"loc":{"start":{"line":38,"column":50},"end":{"line":43,"column":5}},"line":38},"8":{"name":"(anonymous_8)","decl":{"start":{"line":48,"column":37},"end":{"line":48,"column":38}},"loc":{"start":{"line":48,"column":57},"end":{"line":69,"column":1}},"line":48},"9":{"name":"(anonymous_9)","decl":{"start":{"line":74,"column":46},"end":{"line":74,"column":47}},"loc":{"start":{"line":74,"column":66},"end":{"line":91,"column":1}},"line":74},"10":{"name":"(anonymous_10)","decl":{"start":{"line":94,"column":48},"end":{"line":94,"column":49}},"loc":{"start":{"line":94,"column":68},"end":{"line":121,"column":1}},"line":94},"11":{"name":"(anonymous_11)","decl":{"start":{"line":123,"column":47},"end":{"line":123,"column":48}},"loc":{"start":{"line":123,"column":67},"end":{"line":131,"column":1}},"line":123},"12":{"name":"(anonymous_12)","decl":{"start":{"line":133,"column":55},"end":{"line":133,"column":56}},"loc":{"start":{"line":133,"column":75},"end":{"line":148,"column":1}},"line":133},"13":{"name":"(anonymous_13)","decl":{"start":{"line":136,"column":39},"end":{"line":136,"column":40}},"loc":{"start":{"line":136,"column":50},"end":{"line":142,"column":9}},"line":136},"14":{"name":"createWorld","decl":{"start":{"line":152,"column":15},"end":{"line":152,"column":26}},"loc":{"start":{"line":152,"column":50},"end":{"line":178,"column":1}},"line":152},"15":{"name":"createWorldGetterSections","decl":{"start":{"line":180,"column":9},"end":{"line":180,"column":34}},"loc":{"start":{"line":180,"column":50},"end":{"line":188,"column":1}},"line":180},"16":{"name":"(anonymous_16)","decl":{"start":{"line":181,"column":42},"end":{"line":181,"column":43}},"loc":{"start":{"line":181,"column":56},"end":{"line":184,"column":5}},"line":181},"17":{"name":"updateWorld","decl":{"start":{"line":191,"column":15},"end":{"line":191,"column":26}},"loc":{"start":{"line":191,"column":38},"end":{"line":211,"column":1}},"line":191},"18":{"name":"(anonymous_18)","decl":{"start":{"line":203,"column":35},"end":{"line":203,"column":36}},"loc":{"start":{"line":203,"column":44},"end":{"line":203,"column":59}},"line":203}},"branchMap":{"0":{"loc":{"start":{"line":10,"column":4},"end":{"line":12,"column":5}},"type":"if","locations":[{"start":{"line":10,"column":4},"end":{"line":12,"column":5}},{"start":{},"end":{}}],"line":10},"1":{"loc":{"start":{"line":17,"column":4},"end":{"line":33,"column":5}},"type":"if","locations":[{"start":{"line":17,"column":4},"end":{"line":33,"column":5}},{"start":{"line":31,"column":8},"end":{"line":33,"column":5}}],"line":17},"2":{"loc":{"start":{"line":20,"column":12},"end":{"line":27,"column":13}},"type":"if","locations":[{"start":{"line":20,"column":12},"end":{"line":27,"column":13}},{"start":{"line":24,"column":16},"end":{"line":27,"column":13}}],"line":20},"3":{"loc":{"start":{"line":22,"column":20},"end":{"line":22,"column":121}},"type":"cond-expr","locations":[{"start":{"line":22,"column":48},"end":{"line":22,"column":91}},{"start":{"line":22,"column":94},"end":{"line":22,"column":121}}],"line":22},"4":{"loc":{"start":{"line":26,"column":20},"end":{"line":26,"column":97}},"type":"cond-expr","locations":[{"start":{"line":26,"column":48},"end":{"line":26,"column":74}},{"start":{"line":26,"column":77},"end":{"line":26,"column":97}}],"line":26},"5":{"loc":{"start":{"line":50,"column":23},"end":{"line":50,"column":38}},"type":"binary-expr","locations":[{"start":{"line":50,"column":23},"end":{"line":50,"column":32}},{"start":{"line":50,"column":36},"end":{"line":50,"column":38}}],"line":50},"6":{"loc":{"start":{"line":51,"column":20},"end":{"line":51,"column":35}},"type":"binary-expr","locations":[{"start":{"line":51,"column":20},"end":{"line":51,"column":29}},{"start":{"line":51,"column":33},"end":{"line":51,"column":35}}],"line":51},"7":{"loc":{"start":{"line":53,"column":4},"end":{"line":68,"column":5}},"type":"if","locations":[{"start":{"line":53,"column":4},"end":{"line":68,"column":5}},{"start":{"line":56,"column":11},"end":{"line":68,"column":5}}],"line":53},"8":{"loc":{"start":{"line":53,"column":8},"end":{"line":53,"column":53}},"type":"binary-expr","locations":[{"start":{"line":53,"column":8},"end":{"line":53,"column":11}},{"start":{"line":53,"column":15},"end":{"line":53,"column":33}},{"start":{"line":53,"column":37},"end":{"line":53,"column":53}}],"line":53},"9":{"loc":{"start":{"line":58,"column":8},"end":{"line":67,"column":9}},"type":"if","locations":[{"start":{"line":58,"column":8},"end":{"line":67,"column":9}},{"start":{"line":65,"column":15},"end":{"line":67,"column":9}}],"line":58},"10":{"loc":{"start":{"line":59,"column":12},"end":{"line":64,"column":13}},"type":"if","locations":[{"start":{"line":59,"column":12},"end":{"line":64,"column":13}},{"start":{"line":62,"column":19},"end":{"line":64,"column":13}}],"line":59},"11":{"loc":{"start":{"line":77,"column":4},"end":{"line":79,"column":5}},"type":"if","locations":[{"start":{"line":77,"column":4},"end":{"line":79,"column":5}},{"start":{},"end":{}}],"line":77},"12":{"loc":{"start":{"line":77,"column":7},"end":{"line":77,"column":41}},"type":"binary-expr","locations":[{"start":{"line":77,"column":7},"end":{"line":77,"column":12}},{"start":{"line":77,"column":16},"end":{"line":77,"column":28}},{"start":{"line":77,"column":32},"end":{"line":77,"column":41}}],"line":77},"13":{"loc":{"start":{"line":82,"column":4},"end":{"line":84,"column":5}},"type":"if","locations":[{"start":{"line":82,"column":4},"end":{"line":84,"column":5}},{"start":{},"end":{}}],"line":82},"14":{"loc":{"start":{"line":98,"column":4},"end":{"line":103,"column":5}},"type":"if","locations":[{"start":{"line":98,"column":4},"end":{"line":103,"column":5}},{"start":{"line":101,"column":9},"end":{"line":103,"column":5}}],"line":98},"15":{"loc":{"start":{"line":101,"column":9},"end":{"line":103,"column":5}},"type":"if","locations":[{"start":{"line":101,"column":9},"end":{"line":103,"column":5}},{"start":{},"end":{}}],"line":101},"16":{"loc":{"start":{"line":101,"column":13},"end":{"line":101,"column":39}},"type":"binary-expr","locations":[{"start":{"line":101,"column":13},"end":{"line":101,"column":21}},{"start":{"line":101,"column":25},"end":{"line":101,"column":39}}],"line":101},"17":{"loc":{"start":{"line":106,"column":4},"end":{"line":108,"column":5}},"type":"if","locations":[{"start":{"line":106,"column":4},"end":{"line":108,"column":5}},{"start":{},"end":{}}],"line":106},"18":{"loc":{"start":{"line":111,"column":4},"end":{"line":113,"column":5}},"type":"if","locations":[{"start":{"line":111,"column":4},"end":{"line":113,"column":5}},{"start":{},"end":{}}],"line":111},"19":{"loc":{"start":{"line":111,"column":8},"end":{"line":111,"column":65}},"type":"binary-expr","locations":[{"start":{"line":111,"column":8},"end":{"line":111,"column":33}},{"start":{"line":111,"column":37},"end":{"line":111,"column":65}}],"line":111},"20":{"loc":{"start":{"line":117,"column":4},"end":{"line":119,"column":5}},"type":"if","locations":[{"start":{"line":117,"column":4},"end":{"line":119,"column":5}},{"start":{},"end":{}}],"line":117},"21":{"loc":{"start":{"line":125,"column":4},"end":{"line":130,"column":5}},"type":"if","locations":[{"start":{"line":125,"column":4},"end":{"line":130,"column":5}},{"start":{"line":128,"column":8},"end":{"line":130,"column":5}}],"line":125},"22":{"loc":{"start":{"line":135,"column":4},"end":{"line":147,"column":5}},"type":"if","locations":[{"start":{"line":135,"column":4},"end":{"line":147,"column":5}},{"start":{"line":145,"column":8},"end":{"line":147,"column":5}}],"line":135},"23":{"loc":{"start":{"line":156,"column":32},"end":{"line":156,"column":85}},"type":"cond-expr","locations":[{"start":{"line":156,"column":60},"end":{"line":156,"column":70}},{"start":{"line":156,"column":73},"end":{"line":156,"column":85}}],"line":156},"24":{"loc":{"start":{"line":194,"column":4},"end":{"line":196,"column":5}},"type":"if","locations":[{"start":{"line":194,"column":4},"end":{"line":196,"column":5}},{"start":{},"end":{}}],"line":194},"25":{"loc":{"start":{"line":197,"column":32},"end":{"line":197,"column":85}},"type":"cond-expr","locations":[{"start":{"line":197,"column":60},"end":{"line":197,"column":70}},{"start":{"line":197,"column":73},"end":{"line":197,"column":85}}],"line":197},"26":{"loc":{"start":{"line":199,"column":4},"end":{"line":201,"column":5}},"type":"if","locations":[{"start":{"line":199,"column":4},"end":{"line":201,"column":5}},{"start":{},"end":{}}],"line":199},"27":{"loc":{"start":{"line":204,"column":4},"end":{"line":210,"column":5}},"type":"if","locations":[{"start":{"line":204,"column":4},"end":{"line":210,"column":5}},{"start":{"line":208,"column":8},"end":{"line":210,"column":5}}],"line":204}},"s":{"0":1,"1":1,"2":1,"3":1,"4":1,"5":26,"6":26,"7":185,"8":0,"9":4,"10":4,"11":4,"12":4,"13":0,"14":0,"15":0,"16":4,"17":22,"18":4,"19":0,"20":1,"21":2,"22":2,"23":12,"24":2,"25":1,"26":6,"27":6,"28":6,"29":6,"30":2,"31":2,"32":4,"33":4,"34":3,"35":2,"36":2,"37":1,"38":1,"39":1,"40":16,"41":16,"42":16,"43":1,"44":15,"45":15,"46":1,"47":14,"48":14,"49":1,"50":4,"51":4,"52":4,"53":0,"54":4,"55":2,"56":2,"57":2,"58":0,"59":2,"60":1,"61":1,"62":1,"63":0,"64":1,"65":1,"66":2,"67":2,"68":1,"69":1,"70":1,"71":2,"72":2,"73":1,"74":1,"75":1,"76":1,"77":14,"78":14,"79":14,"80":14,"81":14,"82":14,"83":14,"84":14,"85":15,"86":15,"87":15,"88":1,"89":1,"90":1,"91":0,"92":1,"93":1,"94":1,"95":1,"96":1,"97":3,"98":1,"99":1,"100":1,"101":0,"102":1},"f":{"0":26,"1":185,"2":4,"3":0,"4":0,"5":22,"6":2,"7":12,"8":6,"9":16,"10":4,"11":2,"12":2,"13":1,"14":14,"15":15,"16":15,"17":1,"18":3},"b":{"0":[26,0],"1":[4,0],"2":[0,4],"3":[0,0],"4":[2,20],"5":[6,0],"6":[6,0],"7":[2,4],"8":[6,4,4],"9":[3,1],"10":[2,1],"11":[1,15],"12":[16,16,15],"13":[1,14],"14":[0,4],"15":[2,2],"16":[4,3],"17":[0,2],"18":[1,1],"19":[2,1],"20":[0,1],"21":[1,1],"22":[1,1],"23":[14,0],"24":[0,1],"25":[1,0],"26":[1,0],"27":[1,0]},"_coverageSchema":"1a1c01bbd47fc00a2c39e90264f33305004495a9","hash":"a5aa149026f672ee7e3c61d68a7640e8812d3cbb"}
}
