TN:
SF:characters.js
FN:12,getCharacter
FN:14,(anonymous_1)
FN:20,getCharacters
FN:25,(anonymous_3)
FN:26,(anonymous_4)
FN:29,(anonymous_5)
FN:39,(anonymous_6)
FN:40,(anonymous_7)
FN:49,(anonymous_8)
FN:51,(anonymous_9)
FN:63,(anonymous_10)
FN:93,(anonymous_11)
FN:113,(anonymous_12)
FN:147,createCharacter
FN:194,updateCharacter
FN:215,characterUpdate
FN:216,(anonymous_16)
FN:226,addTypes
FN:228,(anonymous_18)
FN:242,modifyCharacter
FN:262,(anonymous_20)
FN:277,(anonymous_21)
FNF:22
FNH:22
FNDA:57,getCharacter
FNDA:628,(anonymous_1)
FNDA:4,getCharacters
FNDA:2,(anonymous_3)
FNDA:2,(anonymous_4)
FNDA:18,(anonymous_5)
FNDA:1,(anonymous_6)
FNDA:2,(anonymous_7)
FNDA:2,(anonymous_8)
FNDA:10,(anonymous_9)
FNDA:7,(anonymous_10)
FNDA:18,(anonymous_11)
FNDA:4,(anonymous_12)
FNDA:16,createCharacter
FNDA:11,updateCharacter
FNDA:11,characterUpdate
FNDA:138,(anonymous_16)
FNDA:27,addTypes
FNDA:27,(anonymous_18)
FNDA:22,modifyCharacter
FNDA:5,(anonymous_20)
FNDA:23,(anonymous_21)
DA:1,1
DA:2,1
DA:3,1
DA:5,1
DA:7,1
DA:10,1
DA:13,57
DA:14,628
DA:16,0
DA:21,4
DA:22,4
DA:23,4
DA:24,4
DA:25,2
DA:26,2
DA:29,2
DA:30,18
DA:33,4
DA:36,0
DA:39,1
DA:40,1
DA:41,2
DA:46,1
DA:49,1
DA:50,2
DA:51,2
DA:52,10
DA:58,2
DA:63,1
DA:64,7
DA:65,7
DA:66,7
DA:67,7
DA:68,2
DA:69,2
DA:72,5
DA:73,1
DA:76,4
DA:77,4
DA:78,3
DA:79,2
DA:80,2
DA:83,1
DA:87,1
DA:93,1
DA:95,18
DA:96,18
DA:97,18
DA:98,1
DA:100,17
DA:101,17
DA:102,1
DA:104,16
DA:105,16
DA:106,16
DA:113,1
DA:114,4
DA:115,4
DA:116,4
DA:117,4
DA:118,0
DA:120,4
DA:121,2
DA:123,2
DA:124,2
DA:125,2
DA:126,1
DA:128,2
DA:129,1
DA:130,1
DA:131,1
DA:132,0
DA:134,1
DA:140,0
DA:148,16
DA:154,16
DA:156,16
DA:157,16
DA:158,16
DA:191,16
DA:192,16
DA:195,11
DA:196,11
DA:197,11
DA:198,11
DA:200,11
DA:201,11
DA:202,11
DA:204,11
DA:205,11
DA:206,3
DA:208,11
DA:209,11
DA:210,11
DA:211,3
DA:213,11
DA:216,138
DA:217,11
DA:218,11
DA:219,11
DA:222,0
DA:227,27
DA:228,27
DA:229,27
DA:230,2
DA:235,0
DA:236,0
DA:239,27
DA:243,22
DA:244,22
DA:245,7
DA:247,15
DA:248,5
DA:250,10
DA:254,10
DA:255,5
DA:256,5
DA:257,5
DA:261,5
DA:262,5
DA:263,5
DA:264,5
DA:265,5
DA:268,0
DA:272,10
DA:273,10
DA:277,1
DA:278,23
DA:279,23
DA:280,23
DA:281,23
DA:282,1
DA:285,22
DA:287,22
DA:288,12
DA:290,10
DA:296,1
LF:137
LH:128
BRDA:13,0,0,57
BRDA:13,0,1,0
BRDA:21,1,0,4
BRDA:21,1,1,0
BRDA:24,2,0,2
BRDA:24,2,1,2
BRDA:26,3,0,2
BRDA:26,3,1,0
BRDA:30,4,0,0
BRDA:30,4,1,18
BRDA:55,5,0,10
BRDA:55,5,1,0
BRDA:65,6,0,7
BRDA:65,6,1,0
BRDA:66,7,0,7
BRDA:66,7,1,0
BRDA:67,8,0,2
BRDA:67,8,1,5
BRDA:67,9,0,7
BRDA:67,9,1,5
BRDA:67,9,2,5
BRDA:72,10,0,1
BRDA:72,10,1,4
BRDA:77,11,0,3
BRDA:77,11,1,1
BRDA:78,12,0,2
BRDA:78,12,1,1
BRDA:97,13,0,1
BRDA:97,13,1,17
BRDA:97,14,0,18
BRDA:97,14,1,18
BRDA:97,14,2,18
BRDA:101,15,0,1
BRDA:101,15,1,16
BRDA:105,16,0,16
BRDA:105,16,1,0
BRDA:117,17,0,0
BRDA:117,17,1,4
BRDA:120,18,0,2
BRDA:120,18,1,2
BRDA:120,19,0,4
BRDA:120,19,1,3
BRDA:124,20,0,2
BRDA:124,20,1,0
BRDA:125,21,0,1
BRDA:125,21,1,1
BRDA:125,22,0,2
BRDA:125,22,1,1
BRDA:128,23,0,1
BRDA:128,23,1,1
BRDA:131,24,0,0
BRDA:131,24,1,1
BRDA:151,25,0,0
BRDA:151,26,0,0
BRDA:151,27,0,0
BRDA:172,28,0,16
BRDA:172,28,1,0
BRDA:183,29,0,16
BRDA:183,29,1,0
BRDA:184,30,0,16
BRDA:184,30,1,0
BRDA:197,31,0,11
BRDA:197,31,1,0
BRDA:200,32,0,11
BRDA:200,32,1,0
BRDA:201,33,0,11
BRDA:201,33,1,0
BRDA:204,34,0,11
BRDA:204,34,1,0
BRDA:205,35,0,3
BRDA:205,35,1,8
BRDA:208,36,0,11
BRDA:208,36,1,0
BRDA:210,37,0,3
BRDA:210,37,1,8
BRDA:217,38,0,11
BRDA:217,38,1,0
BRDA:227,39,0,27
BRDA:227,39,1,0
BRDA:229,40,0,2
BRDA:229,40,1,25
BRDA:235,41,0,0
BRDA:235,41,1,0
BRDA:244,42,0,7
BRDA:244,42,1,15
BRDA:247,43,0,5
BRDA:247,43,1,10
BRDA:247,44,0,15
BRDA:247,44,1,14
BRDA:254,45,0,5
BRDA:254,45,1,5
BRDA:254,46,0,10
BRDA:254,46,1,5
BRDA:256,47,0,5
BRDA:256,47,1,0
BRDA:261,48,0,5
BRDA:261,48,1,0
BRDA:263,49,0,5
BRDA:263,49,1,0
BRDA:264,50,0,5
BRDA:264,50,1,0
BRDA:281,51,0,1
BRDA:281,51,1,22
BRDA:287,52,0,12
BRDA:287,52,1,10
BRF:105
BRH:75
end_of_record
TN:
SF:database.js
FN:33,getUser
FN:36,getUserByToken
FN:40,addUser
FN:44,updateUser
FN:48,listUserDisplay
FNF:5
FNH:0
FNDA:0,getUser
FNDA:0,getUserByToken
FNDA:0,addUser
FNDA:0,updateUser
FNDA:0,listUserDisplay
DA:1,6
DA:2,6
DA:4,6
DA:5,6
DA:6,6
DA:9,6
DA:10,6
DA:11,6
DA:12,6
DA:13,6
DA:14,6
DA:15,6
DA:16,6
DA:17,6
DA:18,6
DA:19,6
DA:20,6
DA:21,6
DA:22,6
DA:23,6
DA:24,6
DA:25,6
DA:26,6
DA:27,6
DA:28,6
DA:29,6
DA:30,6
DA:31,6
DA:34,0
DA:37,0
DA:41,0
DA:45,0
DA:49,0
DA:53,6
LF:34
LH:29
BRF:0
BRH:0
end_of_record
TN:
SF:service.js
FN:15,createUser
FN:44,getUser
FN:46,(anonymous_2)
FN:53,(anonymous_3)
FN:64,updateUser
FN:65,(anonymous_5)
FN:72,sanitizeId
FN:80,createID
FN:84,createAdvice
FN:93,(anonymous_9)
FN:109,createPrompt
FN:117,(anonymous_11)
FN:127,(anonymous_12)
FN:131,(anonymous_13)
FN:136,(anonymous_14)
FN:158,(anonymous_15)
FN:174,(anonymous_16)
FN:187,(anonymous_17)
FN:198,(anonymous_18)
FN:199,(anonymous_19)
FN:208,(anonymous_20)
FN:222,(anonymous_21)
FN:239,(anonymous_22)
FN:259,(anonymous_23)
FN:291,setAuthCookie
FN:301,clearAuthCookie
FNF:26
FNH:26
FNDA:182,createUser
FNDA:567,getUser
FNDA:8979,(anonymous_2)
FNDA:189,(anonymous_3)
FNDA:2,updateUser
FNDA:20,(anonymous_5)
FNDA:344,sanitizeId
FNDA:161,createID
FNDA:1,createAdvice
FNDA:2,(anonymous_9)
FNDA:1,createPrompt
FNDA:2,(anonymous_11)
FNDA:1,(anonymous_12)
FNDA:1,(anonymous_13)
FNDA:183,(anonymous_14)
FNDA:2,(anonymous_15)
FNDA:2,(anonymous_16)
FNDA:2,(anonymous_17)
FNDA:1,(anonymous_18)
FNDA:10,(anonymous_19)
FNDA:3,(anonymous_20)
FNDA:2,(anonymous_21)
FNDA:1,(anonymous_22)
FNDA:5,(anonymous_23)
FNDA:183,setAuthCookie
FNDA:2,clearAuthCookie
DA:1,6
DA:2,6
DA:3,6
DA:4,6
DA:5,6
DA:6,6
DA:10,6
DA:12,6
DA:13,6
DA:16,182
DA:18,182
DA:25,182
DA:26,0
DA:29,182
DA:32,182
DA:34,182
DA:37,6
DA:39,6
DA:40,6
DA:42,6
DA:45,567
DA:46,8979
DA:48,3
DA:53,6
DA:54,189
DA:56,189
DA:57,189
DA:58,187
DA:59,187
DA:61,2
DA:65,20
DA:66,2
DA:67,2
DA:73,344
DA:81,161
DA:85,1
DA:87,1
DA:88,1
DA:90,1
DA:93,6
DA:94,2
DA:95,2
DA:96,1
DA:98,1
DA:99,1
DA:100,1
DA:101,1
DA:104,0
DA:107,6
DA:108,6
DA:110,1
DA:112,1
DA:113,1
DA:115,1
DA:117,6
DA:118,2
DA:119,2
DA:120,1
DA:122,1
DA:123,1
DA:127,6
DA:128,1
DA:131,6
DA:132,1
DA:136,6
DA:137,183
DA:138,0
DA:140,183
DA:141,1
DA:143,182
DA:144,0
DA:146,182
DA:147,182
DA:148,182
DA:149,182
DA:152,0
DA:158,6
DA:159,2
DA:160,2
DA:161,2
DA:163,2
DA:164,2
DA:165,1
DA:166,1
DA:169,1
DA:174,6
DA:175,2
DA:176,2
DA:177,2
DA:178,2
DA:179,2
DA:182,0
DA:187,6
DA:188,2
DA:189,2
DA:190,2
DA:191,1
DA:194,1
DA:198,6
DA:199,1
DA:200,10
DA:205,1
DA:208,6
DA:209,3
DA:210,3
DA:211,2
DA:212,2
DA:213,1
DA:215,1
DA:219,1
DA:222,6
DA:223,2
DA:224,2
DA:225,2
DA:226,2
DA:227,1
DA:230,1
DA:234,0
DA:239,6
DA:240,1
DA:241,1
DA:242,1
DA:245,1
DA:246,0
DA:249,1
DA:250,1
DA:251,1
DA:254,0
DA:255,0
DA:259,6
DA:260,5
DA:261,5
DA:262,5
DA:263,1
DA:265,4
DA:266,1
DA:269,3
DA:270,1
DA:273,2
DA:275,2
DA:276,1
DA:277,1
DA:278,1
DA:281,1
DA:285,0
DA:286,0
DA:292,183
DA:293,183
DA:302,2
DA:303,2
DA:306,6
LF:151
LH:139
BRDA:25,0,0,0
BRDA:25,0,1,182
BRDA:25,1,0,182
BRDA:25,1,1,0
BRDA:45,2,0,564
BRDA:45,2,1,3
BRDA:57,3,0,187
BRDA:57,3,1,2
BRDA:95,4,0,1
BRDA:95,4,1,1
BRDA:100,5,0,1
BRDA:100,5,1,0
BRDA:119,6,0,1
BRDA:119,6,1,1
BRDA:137,7,0,0
BRDA:137,7,1,183
BRDA:140,8,0,1
BRDA:140,8,1,182
BRDA:143,9,0,0
BRDA:143,9,1,182
BRDA:147,10,0,182
BRDA:147,10,1,0
BRDA:163,11,0,0
BRDA:163,11,1,2
BRDA:164,12,0,1
BRDA:164,12,1,1
BRDA:164,13,0,2
BRDA:164,13,1,1
BRDA:177,14,0,2
BRDA:177,14,1,0
BRDA:190,15,0,1
BRDA:190,15,1,1
BRDA:210,16,0,2
BRDA:210,16,1,1
BRDA:212,17,0,1
BRDA:212,17,1,1
BRDA:226,18,0,1
BRDA:226,18,1,1
BRDA:245,19,0,0
BRDA:245,19,1,1
BRDA:262,20,0,1
BRDA:262,20,1,4
BRDA:262,21,0,5
BRDA:262,21,1,5
BRDA:262,21,2,5
BRDA:265,22,0,1
BRDA:265,22,1,3
BRDA:269,23,0,1
BRDA:269,23,1,2
BRDA:275,24,0,1
BRDA:275,24,1,1
BRDA:275,25,0,2
BRDA:275,25,1,2
BRF:53
BRH:44
end_of_record
TN:
SF:testUtils.js
FN:3,testGetSpecific
FN:9,testGetMany
FN:15,testGetManyFiltered
FN:20,(anonymous_3)
FN:31,testUpdate
FN:39,testNotExist
FN:45,testWrongAuthor
FN:53,testPatchAdd
FN:66,testPatchRemove
FN:78,testPatchNotFound
FN:88,testPatchFailures
FN:98,testPatchSections
FN:108,testPatchDescription
FN:118,testPatchCustom
FN:128,testGetOptions
FN:140,testGetFilteredOptions
FN:145,(anonymous_16)
FN:154,testIsAuthor
FN:159,testisNotAuthor
FN:166,testNotFound
FN:172,testMismatchIDs
FN:177,testNoDataPassed
FN:183,getRandomName
FN:187,registerUser
FNF:24
FNH:24
FNDA:5,testGetSpecific
FNDA:9,testGetMany
FNDA:5,testGetManyFiltered
FNDA:9,(anonymous_3)
FNDA:5,testUpdate
FNDA:5,testNotExist
FNDA:5,testWrongAuthor
FNDA:16,testPatchAdd
FNDA:16,testPatchRemove
FNDA:4,testPatchNotFound
FNDA:22,testPatchFailures
FNDA:4,testPatchSections
FNDA:4,testPatchDescription
FNDA:4,testPatchCustom
FNDA:11,testGetOptions
FNDA:5,testGetFilteredOptions
FNDA:9,(anonymous_16)
FNDA:5,testIsAuthor
FNDA:5,testisNotAuthor
FNDA:5,testNotFound
FNDA:5,testMismatchIDs
FNDA:5,testNoDataPassed
FNDA:990,getRandomName
FNDA:182,registerUser
DA:1,6
DA:4,5
DA:5,5
DA:6,5
DA:10,9
DA:11,9
DA:12,9
DA:16,5
DA:17,5
DA:19,5
DA:20,9
DA:22,5
DA:24,5
DA:25,5
DA:26,5
DA:32,5
DA:33,5
DA:34,5
DA:35,5
DA:36,5
DA:40,5
DA:41,5
DA:42,5
DA:46,5
DA:47,5
DA:49,5
DA:50,5
DA:54,16
DA:55,16
DA:56,16
DA:57,16
DA:62,16
DA:63,16
DA:67,16
DA:68,16
DA:69,16
DA:74,16
DA:75,16
DA:79,4
DA:80,4
DA:81,4
DA:85,4
DA:89,22
DA:90,22
DA:91,22
DA:95,22
DA:99,4
DA:100,4
DA:101,4
DA:105,4
DA:109,4
DA:110,4
DA:111,4
DA:115,4
DA:119,4
DA:120,4
DA:121,4
DA:125,4
DA:129,11
DA:130,11
DA:131,5
DA:133,11
DA:134,11
DA:135,11
DA:136,11
DA:137,11
DA:141,5
DA:142,5
DA:144,5
DA:145,9
DA:147,5
DA:149,5
DA:150,5
DA:151,5
DA:155,5
DA:156,5
DA:157,5
DA:160,5
DA:161,5
DA:162,5
DA:163,5
DA:167,5
DA:168,5
DA:169,5
DA:173,5
DA:174,5
DA:175,5
DA:178,5
DA:179,5
DA:180,5
DA:184,990
DA:188,182
DA:189,182
DA:190,182
DA:191,182
DA:193,182
DA:195,6
LF:97
LH:97
BRDA:19,0,0,5
BRDA:19,0,1,0
BRDA:130,1,0,5
BRDA:130,1,1,6
BRDA:144,2,0,5
BRDA:144,2,1,0
BRF:6
BRH:4
end_of_record
TN:
SF:worldbuilding/flora.js
FN:16,getFlora
FN:18,(anonymous_1)
FN:24,getFloraList
FN:29,(anonymous_3)
FN:30,(anonymous_4)
FN:33,(anonymous_5)
FN:45,(anonymous_6)
FN:47,(anonymous_7)
FN:57,(anonymous_8)
FN:58,(anonymous_9)
FN:69,(anonymous_10)
FN:99,(anonymous_11)
FN:119,(anonymous_12)
FN:153,createFlora
FN:187,updateFlora
FN:203,floraUpdate
FN:204,(anonymous_16)
FN:214,addTypes
FN:216,(anonymous_18)
FN:230,modifyFlora
FN:250,(anonymous_20)
FN:265,(anonymous_21)
FNF:22
FNH:22
FNDA:48,getFlora
FNDA:500,(anonymous_1)
FNDA:4,getFloraList
FNDA:2,(anonymous_3)
FNDA:2,(anonymous_4)
FNDA:18,(anonymous_5)
FNDA:2,(anonymous_6)
FNDA:10,(anonymous_7)
FNDA:1,(anonymous_8)
FNDA:7,(anonymous_9)
FNDA:7,(anonymous_10)
FNDA:18,(anonymous_11)
FNDA:4,(anonymous_12)
FNDA:16,createFlora
FNDA:9,updateFlora
FNDA:9,floraUpdate
FNDA:111,(anonymous_16)
FNDA:25,addTypes
FNDA:25,(anonymous_18)
FNDA:16,modifyFlora
FNDA:4,(anonymous_20)
FNDA:16,(anonymous_21)
DA:1,1
DA:2,1
DA:3,1
DA:5,1
DA:6,1
DA:7,1
DA:17,48
DA:18,500
DA:20,0
DA:25,4
DA:26,4
DA:27,4
DA:28,4
DA:29,2
DA:30,2
DA:33,2
DA:34,18
DA:37,4
DA:40,0
DA:45,1
DA:46,2
DA:47,2
DA:48,10
DA:54,2
DA:57,1
DA:58,1
DA:59,7
DA:64,1
DA:69,1
DA:70,7
DA:71,7
DA:72,7
DA:73,7
DA:74,2
DA:75,2
DA:78,5
DA:79,1
DA:82,4
DA:83,4
DA:84,3
DA:85,2
DA:86,2
DA:89,1
DA:93,1
DA:99,1
DA:101,18
DA:102,18
DA:103,18
DA:104,1
DA:106,17
DA:107,17
DA:108,1
DA:110,16
DA:111,16
DA:112,16
DA:119,1
DA:120,4
DA:121,4
DA:122,4
DA:123,4
DA:124,0
DA:126,4
DA:127,2
DA:129,2
DA:130,2
DA:131,2
DA:132,1
DA:134,2
DA:135,1
DA:136,1
DA:137,1
DA:138,0
DA:140,1
DA:146,0
DA:154,16
DA:160,16
DA:162,16
DA:163,16
DA:164,16
DA:184,16
DA:185,16
DA:188,9
DA:189,9
DA:190,9
DA:191,9
DA:193,9
DA:194,9
DA:195,3
DA:197,9
DA:198,9
DA:199,3
DA:201,9
DA:204,111
DA:205,9
DA:206,9
DA:207,9
DA:210,0
DA:215,25
DA:216,25
DA:217,25
DA:218,1
DA:223,0
DA:224,0
DA:227,25
DA:231,16
DA:232,16
DA:233,5
DA:235,11
DA:236,3
DA:238,8
DA:242,8
DA:243,4
DA:244,4
DA:245,4
DA:249,4
DA:250,4
DA:251,4
DA:252,4
DA:253,4
DA:256,0
DA:260,8
DA:261,8
DA:265,1
DA:266,16
DA:267,16
DA:268,16
DA:269,16
DA:270,0
DA:273,16
DA:275,16
DA:276,8
DA:278,8
DA:282,1
LF:133
LH:123
BRDA:17,0,0,48
BRDA:17,0,1,0
BRDA:25,1,0,4
BRDA:25,1,1,0
BRDA:28,2,0,2
BRDA:28,2,1,2
BRDA:30,3,0,2
BRDA:30,3,1,0
BRDA:34,4,0,0
BRDA:34,4,1,18
BRDA:51,5,0,10
BRDA:51,5,1,0
BRDA:71,6,0,7
BRDA:71,6,1,0
BRDA:72,7,0,7
BRDA:72,7,1,0
BRDA:73,8,0,2
BRDA:73,8,1,5
BRDA:73,9,0,7
BRDA:73,9,1,5
BRDA:73,9,2,5
BRDA:78,10,0,1
BRDA:78,10,1,4
BRDA:83,11,0,3
BRDA:83,11,1,1
BRDA:84,12,0,2
BRDA:84,12,1,1
BRDA:103,13,0,1
BRDA:103,13,1,17
BRDA:103,14,0,18
BRDA:103,14,1,18
BRDA:103,14,2,18
BRDA:107,15,0,1
BRDA:107,15,1,16
BRDA:111,16,0,16
BRDA:111,16,1,0
BRDA:123,17,0,0
BRDA:123,17,1,4
BRDA:126,18,0,2
BRDA:126,18,1,2
BRDA:126,19,0,4
BRDA:126,19,1,3
BRDA:130,20,0,2
BRDA:130,20,1,0
BRDA:131,21,0,1
BRDA:131,21,1,1
BRDA:131,22,0,2
BRDA:131,22,1,1
BRDA:134,23,0,1
BRDA:134,23,1,1
BRDA:137,24,0,0
BRDA:137,24,1,1
BRDA:157,25,0,0
BRDA:157,26,0,0
BRDA:176,27,0,16
BRDA:176,27,1,0
BRDA:177,28,0,16
BRDA:177,28,1,0
BRDA:190,29,0,9
BRDA:190,29,1,0
BRDA:193,30,0,9
BRDA:193,30,1,0
BRDA:194,31,0,3
BRDA:194,31,1,6
BRDA:197,32,0,9
BRDA:197,32,1,0
BRDA:198,33,0,3
BRDA:198,33,1,6
BRDA:205,34,0,9
BRDA:205,34,1,0
BRDA:215,35,0,25
BRDA:215,35,1,0
BRDA:217,36,0,1
BRDA:217,36,1,24
BRDA:223,37,0,0
BRDA:223,37,1,0
BRDA:232,38,0,5
BRDA:232,38,1,11
BRDA:235,39,0,3
BRDA:235,39,1,8
BRDA:235,40,0,11
BRDA:235,40,1,11
BRDA:242,41,0,4
BRDA:242,41,1,4
BRDA:242,42,0,8
BRDA:242,42,1,4
BRDA:244,43,0,4
BRDA:244,43,1,0
BRDA:249,44,0,4
BRDA:249,44,1,0
BRDA:251,45,0,4
BRDA:251,45,1,0
BRDA:252,46,0,4
BRDA:252,46,1,0
BRDA:269,47,0,0
BRDA:269,47,1,16
BRDA:275,48,0,8
BRDA:275,48,1,8
BRF:98
BRH:71
end_of_record
TN:
SF:worldbuilding/races.js
FN:11,getRace
FN:13,(anonymous_1)
FN:19,getRaces
FN:24,(anonymous_3)
FN:25,(anonymous_4)
FN:28,(anonymous_5)
FN:40,(anonymous_6)
FN:42,(anonymous_7)
FN:52,(anonymous_8)
FN:53,(anonymous_9)
FN:64,(anonymous_10)
FN:94,(anonymous_11)
FN:114,(anonymous_12)
FN:148,createRace
FN:179,updateRace
FN:191,raceUpdate
FN:192,(anonymous_16)
FN:202,addTypes
FN:204,(anonymous_18)
FN:218,modifyRace
FN:238,(anonymous_20)
FN:253,(anonymous_21)
FNF:22
FNH:22
FNDA:42,getRace
FNDA:416,(anonymous_1)
FNDA:4,getRaces
FNDA:2,(anonymous_3)
FNDA:2,(anonymous_4)
FNDA:18,(anonymous_5)
FNDA:2,(anonymous_6)
FNDA:10,(anonymous_7)
FNDA:1,(anonymous_8)
FNDA:3,(anonymous_9)
FNDA:7,(anonymous_10)
FNDA:18,(anonymous_11)
FNDA:4,(anonymous_12)
FNDA:16,createRace
FNDA:7,updateRace
FNDA:7,raceUpdate
FNDA:84,(anonymous_16)
FNDA:23,addTypes
FNDA:23,(anonymous_18)
FNDA:12,modifyRace
FNDA:3,(anonymous_20)
FNDA:12,(anonymous_21)
DA:1,1
DA:2,1
DA:3,1
DA:5,1
DA:7,1
DA:8,1
DA:12,42
DA:13,416
DA:15,0
DA:20,4
DA:21,4
DA:22,4
DA:23,4
DA:24,2
DA:25,2
DA:28,2
DA:29,18
DA:32,4
DA:35,0
DA:40,1
DA:41,2
DA:42,2
DA:43,10
DA:49,2
DA:52,1
DA:53,1
DA:54,3
DA:59,1
DA:64,1
DA:65,7
DA:66,7
DA:67,7
DA:68,7
DA:69,2
DA:70,2
DA:73,5
DA:74,1
DA:77,4
DA:78,4
DA:79,3
DA:80,2
DA:81,2
DA:84,1
DA:88,1
DA:94,1
DA:96,18
DA:97,18
DA:98,18
DA:99,1
DA:101,17
DA:102,17
DA:103,1
DA:105,16
DA:106,16
DA:107,16
DA:114,1
DA:115,4
DA:116,4
DA:117,4
DA:118,4
DA:119,0
DA:121,4
DA:122,2
DA:124,2
DA:125,2
DA:126,2
DA:127,1
DA:129,2
DA:130,1
DA:131,1
DA:132,1
DA:133,0
DA:135,1
DA:141,0
DA:149,16
DA:155,16
DA:157,16
DA:158,16
DA:159,16
DA:176,16
DA:177,16
DA:180,7
DA:181,7
DA:182,7
DA:183,7
DA:185,7
DA:186,7
DA:187,3
DA:189,7
DA:192,84
DA:193,7
DA:194,7
DA:195,7
DA:198,0
DA:203,23
DA:204,23
DA:205,23
DA:206,2
DA:211,0
DA:212,0
DA:215,23
DA:219,12
DA:220,12
DA:221,4
DA:223,8
DA:224,2
DA:226,6
DA:230,6
DA:231,3
DA:232,3
DA:233,3
DA:237,3
DA:238,3
DA:239,3
DA:240,2
DA:241,2
DA:244,0
DA:248,6
DA:249,6
DA:253,1
DA:254,12
DA:255,12
DA:256,12
DA:257,12
DA:258,0
DA:261,12
DA:263,12
DA:264,6
DA:266,6
DA:269,1
LF:130
LH:120
BRDA:12,0,0,42
BRDA:12,0,1,0
BRDA:20,1,0,4
BRDA:20,1,1,0
BRDA:23,2,0,2
BRDA:23,2,1,2
BRDA:25,3,0,2
BRDA:25,3,1,0
BRDA:29,4,0,0
BRDA:29,4,1,18
BRDA:46,5,0,10
BRDA:46,5,1,0
BRDA:66,6,0,7
BRDA:66,6,1,0
BRDA:67,7,0,7
BRDA:67,7,1,0
BRDA:68,8,0,2
BRDA:68,8,1,5
BRDA:68,9,0,7
BRDA:68,9,1,5
BRDA:68,9,2,5
BRDA:73,10,0,1
BRDA:73,10,1,4
BRDA:78,11,0,3
BRDA:78,11,1,1
BRDA:79,12,0,2
BRDA:79,12,1,1
BRDA:98,13,0,1
BRDA:98,13,1,17
BRDA:98,14,0,18
BRDA:98,14,1,18
BRDA:98,14,2,18
BRDA:102,15,0,1
BRDA:102,15,1,16
BRDA:106,16,0,16
BRDA:106,16,1,0
BRDA:118,17,0,0
BRDA:118,17,1,4
BRDA:121,18,0,2
BRDA:121,18,1,2
BRDA:121,19,0,4
BRDA:121,19,1,3
BRDA:125,20,0,2
BRDA:125,20,1,0
BRDA:126,21,0,1
BRDA:126,21,1,1
BRDA:126,22,0,2
BRDA:126,22,1,1
BRDA:129,23,0,1
BRDA:129,23,1,1
BRDA:132,24,0,0
BRDA:132,24,1,1
BRDA:152,25,0,0
BRDA:169,26,0,16
BRDA:169,26,1,0
BRDA:182,27,0,7
BRDA:182,27,1,0
BRDA:185,28,0,7
BRDA:185,28,1,0
BRDA:186,29,0,3
BRDA:186,29,1,4
BRDA:193,30,0,7
BRDA:193,30,1,0
BRDA:203,31,0,23
BRDA:203,31,1,0
BRDA:205,32,0,2
BRDA:205,32,1,21
BRDA:211,33,0,0
BRDA:211,33,1,0
BRDA:220,34,0,4
BRDA:220,34,1,8
BRDA:223,35,0,2
BRDA:223,35,1,6
BRDA:223,36,0,8
BRDA:223,36,1,8
BRDA:230,37,0,3
BRDA:230,37,1,3
BRDA:230,38,0,6
BRDA:230,38,1,3
BRDA:232,39,0,3
BRDA:232,39,1,0
BRDA:237,40,0,3
BRDA:237,40,1,0
BRDA:239,41,0,2
BRDA:239,41,1,1
BRDA:240,42,0,2
BRDA:240,42,1,0
BRDA:257,43,0,0
BRDA:257,43,1,12
BRDA:263,44,0,6
BRDA:263,44,1,6
BRF:91
BRH:68
end_of_record
TN:
SF:worldbuilding/wildlife.js
FN:9,getWildlife
FN:11,(anonymous_1)
FN:17,getWildlifeList
FN:22,(anonymous_3)
FN:23,(anonymous_4)
FN:26,(anonymous_5)
FN:38,(anonymous_6)
FN:40,(anonymous_7)
FN:50,(anonymous_8)
FN:51,(anonymous_9)
FN:62,(anonymous_10)
FN:92,(anonymous_11)
FN:112,(anonymous_12)
FN:146,createWildlife
FN:180,updateWildlife
FN:196,wildlifeUpdate
FN:197,(anonymous_16)
FN:207,addTypes
FN:209,(anonymous_18)
FN:223,modifyWildlife
FN:243,(anonymous_20)
FN:258,(anonymous_21)
FNF:22
FNH:22
FNDA:48,getWildlife
FNDA:500,(anonymous_1)
FNDA:4,getWildlifeList
FNDA:2,(anonymous_3)
FNDA:2,(anonymous_4)
FNDA:18,(anonymous_5)
FNDA:2,(anonymous_6)
FNDA:10,(anonymous_7)
FNDA:1,(anonymous_8)
FNDA:2,(anonymous_9)
FNDA:7,(anonymous_10)
FNDA:18,(anonymous_11)
FNDA:4,(anonymous_12)
FNDA:16,createWildlife
FNDA:9,updateWildlife
FNDA:9,wildlifeUpdate
FNDA:111,(anonymous_16)
FNDA:25,addTypes
FNDA:25,(anonymous_18)
FNDA:16,modifyWildlife
FNDA:4,(anonymous_20)
FNDA:16,(anonymous_21)
DA:1,1
DA:2,1
DA:3,1
DA:5,1
DA:6,1
DA:7,1
DA:10,48
DA:11,500
DA:13,0
DA:18,4
DA:19,4
DA:20,4
DA:21,4
DA:22,2
DA:23,2
DA:26,2
DA:27,18
DA:30,4
DA:33,0
DA:38,1
DA:39,2
DA:40,2
DA:41,10
DA:47,2
DA:50,1
DA:51,1
DA:52,2
DA:57,1
DA:62,1
DA:63,7
DA:64,7
DA:65,7
DA:66,7
DA:67,2
DA:68,2
DA:71,5
DA:72,1
DA:75,4
DA:76,4
DA:77,3
DA:78,2
DA:79,2
DA:82,1
DA:86,1
DA:92,1
DA:94,18
DA:95,18
DA:96,18
DA:97,1
DA:99,17
DA:100,17
DA:101,1
DA:103,16
DA:104,16
DA:105,16
DA:112,1
DA:113,4
DA:114,4
DA:115,4
DA:116,4
DA:117,0
DA:119,4
DA:120,2
DA:122,2
DA:123,2
DA:124,2
DA:125,1
DA:127,2
DA:128,1
DA:129,1
DA:130,1
DA:131,0
DA:133,1
DA:139,0
DA:147,16
DA:153,16
DA:155,16
DA:156,16
DA:157,16
DA:177,16
DA:178,16
DA:181,9
DA:182,9
DA:183,9
DA:184,9
DA:186,9
DA:187,9
DA:188,3
DA:190,9
DA:191,9
DA:192,3
DA:194,9
DA:197,111
DA:198,9
DA:199,9
DA:200,9
DA:203,0
DA:208,25
DA:209,25
DA:210,25
DA:211,1
DA:216,0
DA:217,0
DA:220,25
DA:224,16
DA:225,16
DA:226,5
DA:228,11
DA:229,3
DA:231,8
DA:235,8
DA:236,4
DA:237,4
DA:238,4
DA:242,4
DA:243,4
DA:244,4
DA:245,4
DA:246,4
DA:249,0
DA:253,8
DA:254,8
DA:258,1
DA:259,16
DA:260,16
DA:261,16
DA:262,16
DA:263,0
DA:266,16
DA:268,16
DA:269,8
DA:271,8
DA:280,1
LF:133
LH:123
BRDA:10,0,0,48
BRDA:10,0,1,0
BRDA:18,1,0,4
BRDA:18,1,1,0
BRDA:21,2,0,2
BRDA:21,2,1,2
BRDA:23,3,0,2
BRDA:23,3,1,0
BRDA:27,4,0,0
BRDA:27,4,1,18
BRDA:44,5,0,10
BRDA:44,5,1,0
BRDA:64,6,0,7
BRDA:64,6,1,0
BRDA:65,7,0,7
BRDA:65,7,1,0
BRDA:66,8,0,2
BRDA:66,8,1,5
BRDA:66,9,0,7
BRDA:66,9,1,5
BRDA:66,9,2,5
BRDA:71,10,0,1
BRDA:71,10,1,4
BRDA:76,11,0,3
BRDA:76,11,1,1
BRDA:77,12,0,2
BRDA:77,12,1,1
BRDA:96,13,0,1
BRDA:96,13,1,17
BRDA:96,14,0,18
BRDA:96,14,1,18
BRDA:96,14,2,18
BRDA:100,15,0,1
BRDA:100,15,1,16
BRDA:104,16,0,16
BRDA:104,16,1,0
BRDA:116,17,0,0
BRDA:116,17,1,4
BRDA:119,18,0,2
BRDA:119,18,1,2
BRDA:119,19,0,4
BRDA:119,19,1,3
BRDA:123,20,0,2
BRDA:123,20,1,0
BRDA:124,21,0,1
BRDA:124,21,1,1
BRDA:124,22,0,2
BRDA:124,22,1,1
BRDA:127,23,0,1
BRDA:127,23,1,1
BRDA:130,24,0,0
BRDA:130,24,1,1
BRDA:150,25,0,0
BRDA:150,26,0,0
BRDA:169,27,0,16
BRDA:169,27,1,0
BRDA:170,28,0,16
BRDA:170,28,1,0
BRDA:183,29,0,9
BRDA:183,29,1,0
BRDA:186,30,0,9
BRDA:186,30,1,0
BRDA:187,31,0,3
BRDA:187,31,1,6
BRDA:190,32,0,9
BRDA:190,32,1,0
BRDA:191,33,0,3
BRDA:191,33,1,6
BRDA:198,34,0,9
BRDA:198,34,1,0
BRDA:208,35,0,25
BRDA:208,35,1,0
BRDA:210,36,0,1
BRDA:210,36,1,24
BRDA:216,37,0,0
BRDA:216,37,1,0
BRDA:225,38,0,5
BRDA:225,38,1,11
BRDA:228,39,0,3
BRDA:228,39,1,8
BRDA:228,40,0,11
BRDA:228,40,1,11
BRDA:235,41,0,4
BRDA:235,41,1,4
BRDA:235,42,0,8
BRDA:235,42,1,4
BRDA:237,43,0,4
BRDA:237,43,1,0
BRDA:242,44,0,4
BRDA:242,44,1,0
BRDA:244,45,0,4
BRDA:244,45,1,0
BRDA:245,46,0,4
BRDA:245,46,1,0
BRDA:262,47,0,0
BRDA:262,47,1,16
BRDA:268,48,0,8
BRDA:268,48,1,8
BRF:98
BRH:71
end_of_record
TN:
SF:worldbuilding/worlds.js
FN:9,getWorld
FN:11,(anonymous_1)
FN:16,getWorlds
FN:21,(anonymous_3)
FN:22,(anonymous_4)
FN:25,(anonymous_5)
FN:36,(anonymous_6)
FN:38,(anonymous_7)
FN:48,(anonymous_8)
FN:74,(anonymous_9)
FN:94,(anonymous_10)
FN:123,(anonymous_11)
FN:133,(anonymous_12)
FN:136,(anonymous_13)
FN:152,createWorld
FN:180,createWorldGetterSections
FN:181,(anonymous_16)
FN:191,updateWorld
FN:203,(anonymous_18)
FNF:19
FNH:17
FNDA:26,getWorld
FNDA:185,(anonymous_1)
FNDA:4,getWorlds
FNDA:0,(anonymous_3)
FNDA:0,(anonymous_4)
FNDA:22,(anonymous_5)
FNDA:2,(anonymous_6)
FNDA:12,(anonymous_7)
FNDA:6,(anonymous_8)
FNDA:16,(anonymous_9)
FNDA:4,(anonymous_10)
FNDA:2,(anonymous_11)
FNDA:2,(anonymous_12)
FNDA:1,(anonymous_13)
FNDA:14,createWorld
FNDA:15,createWorldGetterSections
FNDA:15,(anonymous_16)
FNDA:1,updateWorld
FNDA:3,(anonymous_18)
DA:1,1
DA:2,1
DA:3,1
DA:5,1
DA:7,1
DA:10,26
DA:11,185
DA:13,0
DA:17,4
DA:18,4
DA:19,4
DA:20,4
DA:21,0
DA:22,0
DA:25,4
DA:26,22
DA:29,4
DA:32,0
DA:36,1
DA:37,2
DA:38,2
DA:39,12
DA:44,2
DA:48,1
DA:49,6
DA:50,6
DA:51,6
DA:53,6
DA:54,2
DA:55,2
DA:57,4
DA:58,4
DA:59,3
DA:60,2
DA:61,2
DA:63,1
DA:66,1
DA:74,1
DA:75,16
DA:76,16
DA:77,16
DA:78,1
DA:80,15
DA:82,15
DA:83,1
DA:88,14
DA:90,14
DA:94,1
DA:96,4
DA:97,4
DA:98,4
DA:99,0
DA:101,4
DA:102,2
DA:105,2
DA:106,2
DA:107,0
DA:111,2
DA:112,1
DA:116,1
DA:117,1
DA:118,0
DA:120,1
DA:123,1
DA:124,2
DA:125,2
DA:126,1
DA:129,1
DA:133,1
DA:134,2
DA:135,2
DA:136,1
DA:137,1
DA:143,1
DA:146,1
DA:153,14
DA:154,14
DA:155,14
DA:156,14
DA:158,14
DA:161,14
DA:176,14
DA:177,14
DA:181,15
DA:187,15
DA:192,1
DA:193,1
DA:194,1
DA:195,0
DA:197,1
DA:199,1
DA:200,1
DA:202,1
DA:203,3
DA:204,1
DA:205,1
DA:206,1
DA:209,0
DA:212,1
LF:99
LH:90
BRDA:10,0,0,26
BRDA:10,0,1,0
BRDA:17,1,0,4
BRDA:17,1,1,0
BRDA:20,2,0,0
BRDA:20,2,1,4
BRDA:22,3,0,0
BRDA:22,3,1,0
BRDA:26,4,0,2
BRDA:26,4,1,20
BRDA:50,5,0,6
BRDA:50,5,1,0
BRDA:51,6,0,6
BRDA:51,6,1,0
BRDA:53,7,0,2
BRDA:53,7,1,4
BRDA:53,8,0,6
BRDA:53,8,1,4
BRDA:53,8,2,4
BRDA:58,9,0,3
BRDA:58,9,1,1
BRDA:59,10,0,2
BRDA:59,10,1,1
BRDA:77,11,0,1
BRDA:77,11,1,15
BRDA:77,12,0,16
BRDA:77,12,1,16
BRDA:77,12,2,15
BRDA:82,13,0,1
BRDA:82,13,1,14
BRDA:98,14,0,0
BRDA:98,14,1,4
BRDA:101,15,0,2
BRDA:101,15,1,2
BRDA:101,16,0,4
BRDA:101,16,1,3
BRDA:106,17,0,0
BRDA:106,17,1,2
BRDA:111,18,0,1
BRDA:111,18,1,1
BRDA:111,19,0,2
BRDA:111,19,1,1
BRDA:117,20,0,0
BRDA:117,20,1,1
BRDA:125,21,0,1
BRDA:125,21,1,1
BRDA:135,22,0,1
BRDA:135,22,1,1
BRDA:156,23,0,14
BRDA:156,23,1,0
BRDA:194,24,0,0
BRDA:194,24,1,1
BRDA:197,25,0,1
BRDA:197,25,1,0
BRDA:199,26,0,1
BRDA:199,26,1,0
BRDA:204,27,0,1
BRDA:204,27,1,0
BRF:58
BRH:43
end_of_record
